{"/mnt/d/github/github_tktomaru/PostProApiTester/src/app.ts": {"path":"/mnt/d/github/github_tktomaru/PostProApiTester/src/app.ts","statementMap":{"0":{"start":{"line":3,"column":20},"end":{"line":3,"column":69}},"1":{"start":{"line":4,"column":21},"end":{"line":4,"column":26}},"2":{"start":{"line":8,"column":4},"end":{"line":18,"column":7}},"3":{"start":{"line":10,"column":21},"end":{"line":10,"column":52}},"4":{"start":{"line":11,"column":8},"end":{"line":17,"column":9}},"5":{"start":{"line":12,"column":12},"end":{"line":12,"column":30}},"6":{"start":{"line":13,"column":12},"end":{"line":13,"column":31}},"7":{"start":{"line":14,"column":12},"end":{"line":14,"column":45}},"8":{"start":{"line":15,"column":12},"end":{"line":15,"column":54}},"9":{"start":{"line":16,"column":12},"end":{"line":16,"column":31}},"10":{"start":{"line":20,"column":4},"end":{"line":27,"column":7}},"11":{"start":{"line":21,"column":8},"end":{"line":21,"column":32}},"12":{"start":{"line":21,"column":25},"end":{"line":21,"column":32}},"13":{"start":{"line":23,"column":22},"end":{"line":23,"column":55}},"14":{"start":{"line":24,"column":8},"end":{"line":26,"column":9}},"15":{"start":{"line":25,"column":12},"end":{"line":25,"column":47}},"16":{"start":{"line":29,"column":4},"end":{"line":34,"column":7}},"17":{"start":{"line":30,"column":8},"end":{"line":33,"column":9}},"18":{"start":{"line":31,"column":12},"end":{"line":31,"column":31}},"19":{"start":{"line":32,"column":12},"end":{"line":32,"column":44}},"20":{"start":{"line":38,"column":0},"end":{"line":41,"column":3}},"21":{"start":{"line":39,"column":4},"end":{"line":39,"column":24}}},"fnMap":{"0":{"name":"initSidebarResize","decl":{"start":{"line":2,"column":9},"end":{"line":2,"column":26}},"loc":{"start":{"line":2,"column":26},"end":{"line":35,"column":1}}},"1":{"name":"(anonymous_1)","decl":{"start":{"line":8,"column":42},"end":{"line":8,"column":43}},"loc":{"start":{"line":8,"column":60},"end":{"line":18,"column":5}}},"2":{"name":"(anonymous_2)","decl":{"start":{"line":20,"column":43},"end":{"line":20,"column":44}},"loc":{"start":{"line":20,"column":61},"end":{"line":27,"column":5}}},"3":{"name":"(anonymous_3)","decl":{"start":{"line":29,"column":41},"end":{"line":29,"column":44}},"loc":{"start":{"line":29,"column":46},"end":{"line":34,"column":5}}},"4":{"name":"(anonymous_4)","decl":{"start":{"line":38,"column":46},"end":{"line":38,"column":49}},"loc":{"start":{"line":38,"column":51},"end":{"line":41,"column":1}}}},"branchMap":{"0":{"loc":{"start":{"line":11,"column":8},"end":{"line":17,"column":9}},"type":"if","locations":[{"start":{"line":11,"column":8},"end":{"line":17,"column":9}}]},"1":{"loc":{"start":{"line":21,"column":8},"end":{"line":21,"column":32}},"type":"if","locations":[{"start":{"line":21,"column":8},"end":{"line":21,"column":32}}]},"2":{"loc":{"start":{"line":24,"column":8},"end":{"line":26,"column":9}},"type":"if","locations":[{"start":{"line":24,"column":8},"end":{"line":26,"column":9}}]},"3":{"loc":{"start":{"line":24,"column":12},"end":{"line":24,"column":40}},"type":"binary-expr","locations":[{"start":{"line":24,"column":12},"end":{"line":24,"column":24}},{"start":{"line":24,"column":28},"end":{"line":24,"column":40}}]},"4":{"loc":{"start":{"line":30,"column":8},"end":{"line":33,"column":9}},"type":"if","locations":[{"start":{"line":30,"column":8},"end":{"line":33,"column":9}}]}},"s":{"0":0,"1":0,"2":0,"3":0,"4":0,"5":0,"6":0,"7":0,"8":0,"9":0,"10":0,"11":0,"12":0,"13":0,"14":0,"15":0,"16":0,"17":0,"18":0,"19":0,"20":0,"21":0},"f":{"0":0,"1":0,"2":0,"3":0,"4":0},"b":{"0":[0],"1":[0],"2":[0],"3":[0,0],"4":[0]}}
,"/mnt/d/github/github_tktomaru/PostProApiTester/src/background.ts": {"path":"/mnt/d/github/github_tktomaru/PostProApiTester/src/background.ts","statementMap":{"0":{"start":{"line":31,"column":28},"end":{"line":31,"column":65}},"1":{"start":{"line":34,"column":0},"end":{"line":902,"column":5}},"2":{"start":{"line":35,"column":30},"end":{"line":35,"column":35}},"3":{"start":{"line":36,"column":49},"end":{"line":40,"column":6}},"4":{"start":{"line":43,"column":4},"end":{"line":74,"column":7}},"5":{"start":{"line":44,"column":8},"end":{"line":71,"column":9}},"6":{"start":{"line":46,"column":16},"end":{"line":46,"column":57}},"7":{"start":{"line":47,"column":16},"end":{"line":47,"column":48}},"8":{"start":{"line":48,"column":16},"end":{"line":48,"column":22}},"9":{"start":{"line":51,"column":16},"end":{"line":51,"column":41}},"10":{"start":{"line":52,"column":16},"end":{"line":52,"column":48}},"11":{"start":{"line":53,"column":16},"end":{"line":53,"column":22}},"12":{"start":{"line":56,"column":16},"end":{"line":56,"column":62}},"13":{"start":{"line":57,"column":16},"end":{"line":57,"column":22}},"14":{"start":{"line":60,"column":16},"end":{"line":60,"column":65}},"15":{"start":{"line":61,"column":16},"end":{"line":61,"column":28}},"16":{"start":{"line":62,"column":16},"end":{"line":62,"column":22}},"17":{"start":{"line":65,"column":16},"end":{"line":65,"column":80}},"18":{"start":{"line":66,"column":16},"end":{"line":66,"column":28}},"19":{"start":{"line":67,"column":16},"end":{"line":67,"column":22}},"20":{"start":{"line":70,"column":16},"end":{"line":70,"column":58}},"21":{"start":{"line":73,"column":8},"end":{"line":73,"column":20}},"22":{"start":{"line":78,"column":23},"end":{"line":78,"column":35}},"23":{"start":{"line":79,"column":23},"end":{"line":79,"column":38}},"24":{"start":{"line":80,"column":22},"end":{"line":80,"column":64}},"25":{"start":{"line":80,"column":55},"end":{"line":80,"column":63}},"26":{"start":{"line":82,"column":8},"end":{"line":82,"column":76}},"27":{"start":{"line":84,"column":8},"end":{"line":104,"column":9}},"28":{"start":{"line":85,"column":36},"end":{"line":85,"column":51}},"29":{"start":{"line":86,"column":26},"end":{"line":86,"column":40}},"30":{"start":{"line":88,"column":12},"end":{"line":103,"column":13}},"31":{"start":{"line":89,"column":16},"end":{"line":102,"column":17}},"32":{"start":{"line":90,"column":20},"end":{"line":98,"column":23}},"33":{"start":{"line":99,"column":20},"end":{"line":99,"column":86}},"34":{"start":{"line":101,"column":20},"end":{"line":101,"column":74}},"35":{"start":{"line":109,"column":25},"end":{"line":109,"column":123}},"36":{"start":{"line":110,"column":19},"end":{"line":110,"column":21}},"37":{"start":{"line":112,"column":8},"end":{"line":117,"column":11}},"38":{"start":{"line":113,"column":12},"end":{"line":113,"column":40}},"39":{"start":{"line":114,"column":12},"end":{"line":114,"column":72}},"40":{"start":{"line":115,"column":12},"end":{"line":115,"column":27}},"41":{"start":{"line":116,"column":12},"end":{"line":116,"column":35}},"42":{"start":{"line":119,"column":8},"end":{"line":119,"column":38}},"43":{"start":{"line":120,"column":8},"end":{"line":120,"column":34}},"44":{"start":{"line":125,"column":8},"end":{"line":125,"column":88}},"45":{"start":{"line":126,"column":25},"end":{"line":126,"column":123}},"46":{"start":{"line":127,"column":8},"end":{"line":127,"column":64}},"47":{"start":{"line":128,"column":24},"end":{"line":128,"column":41}},"48":{"start":{"line":129,"column":36},"end":{"line":129,"column":38}},"49":{"start":{"line":131,"column":8},"end":{"line":160,"column":11}},"50":{"start":{"line":132,"column":12},"end":{"line":132,"column":74}},"51":{"start":{"line":134,"column":12},"end":{"line":134,"column":60}},"52":{"start":{"line":136,"column":12},"end":{"line":158,"column":13}},"53":{"start":{"line":137,"column":16},"end":{"line":137,"column":134}},"54":{"start":{"line":139,"column":16},"end":{"line":139,"column":132}},"55":{"start":{"line":140,"column":16},"end":{"line":140,"column":119}},"56":{"start":{"line":143,"column":16},"end":{"line":143,"column":103}},"57":{"start":{"line":144,"column":37},"end":{"line":144,"column":53}},"58":{"start":{"line":145,"column":16},"end":{"line":145,"column":97}},"59":{"start":{"line":146,"column":36},"end":{"line":146,"column":71}},"60":{"start":{"line":147,"column":16},"end":{"line":149,"column":17}},"61":{"start":{"line":147,"column":29},"end":{"line":147,"column":30}},"62":{"start":{"line":148,"column":20},"end":{"line":148,"column":64}},"63":{"start":{"line":150,"column":16},"end":{"line":150,"column":95}},"64":{"start":{"line":151,"column":16},"end":{"line":151,"column":40}},"65":{"start":{"line":152,"column":16},"end":{"line":152,"column":51}},"66":{"start":{"line":154,"column":16},"end":{"line":154,"column":94}},"67":{"start":{"line":156,"column":16},"end":{"line":156,"column":106}},"68":{"start":{"line":157,"column":16},"end":{"line":157,"column":71}},"69":{"start":{"line":159,"column":12},"end":{"line":159,"column":66}},"70":{"start":{"line":163,"column":8},"end":{"line":163,"column":58}},"71":{"start":{"line":166,"column":28},"end":{"line":166,"column":77}},"72":{"start":{"line":166,"column":56},"end":{"line":166,"column":73}},"73":{"start":{"line":167,"column":8},"end":{"line":167,"column":64}},"74":{"start":{"line":168,"column":21},"end":{"line":168,"column":48}},"75":{"start":{"line":169,"column":21},"end":{"line":169,"column":22}},"76":{"start":{"line":171,"column":8},"end":{"line":175,"column":11}},"77":{"start":{"line":172,"column":12},"end":{"line":172,"column":99}},"78":{"start":{"line":173,"column":12},"end":{"line":173,"column":35}},"79":{"start":{"line":174,"column":12},"end":{"line":174,"column":34}},"80":{"start":{"line":177,"column":8},"end":{"line":177,"column":115}},"81":{"start":{"line":178,"column":8},"end":{"line":178,"column":34}},"82":{"start":{"line":183,"column":8},"end":{"line":313,"column":9}},"83":{"start":{"line":184,"column":73},"end":{"line":184,"column":80}},"84":{"start":{"line":185,"column":12},"end":{"line":185,"column":66}},"85":{"start":{"line":186,"column":12},"end":{"line":186,"column":62}},"86":{"start":{"line":187,"column":12},"end":{"line":187,"column":56}},"87":{"start":{"line":188,"column":12},"end":{"line":188,"column":64}},"88":{"start":{"line":189,"column":12},"end":{"line":189,"column":70}},"89":{"start":{"line":190,"column":12},"end":{"line":190,"column":66}},"90":{"start":{"line":191,"column":12},"end":{"line":191,"column":70}},"91":{"start":{"line":192,"column":12},"end":{"line":192,"column":78}},"92":{"start":{"line":195,"column":12},"end":{"line":199,"column":13}},"93":{"start":{"line":196,"column":37},"end":{"line":196,"column":69}},"94":{"start":{"line":197,"column":16},"end":{"line":197,"column":66}},"95":{"start":{"line":198,"column":16},"end":{"line":198,"column":62}},"96":{"start":{"line":202,"column":57},"end":{"line":202,"column":59}},"97":{"start":{"line":203,"column":12},"end":{"line":207,"column":15}},"98":{"start":{"line":204,"column":16},"end":{"line":206,"column":17}},"99":{"start":{"line":205,"column":20},"end":{"line":205,"column":50}},"100":{"start":{"line":209,"column":12},"end":{"line":209,"column":73}},"101":{"start":{"line":213,"column":12},"end":{"line":213,"column":97}},"102":{"start":{"line":215,"column":12},"end":{"line":263,"column":13}},"103":{"start":{"line":216,"column":16},"end":{"line":259,"column":17}},"104":{"start":{"line":217,"column":20},"end":{"line":217,"column":72}},"105":{"start":{"line":218,"column":37},"end":{"line":218,"column":53}},"106":{"start":{"line":219,"column":20},"end":{"line":219,"column":83}},"107":{"start":{"line":220,"column":20},"end":{"line":220,"column":128}},"108":{"start":{"line":222,"column":20},"end":{"line":255,"column":21}},"109":{"start":{"line":223,"column":24},"end":{"line":223,"column":75}},"110":{"start":{"line":225,"column":43},"end":{"line":225,"column":79}},"111":{"start":{"line":226,"column":24},"end":{"line":226,"column":51}},"112":{"start":{"line":228,"column":24},"end":{"line":228,"column":60}},"113":{"start":{"line":229,"column":24},"end":{"line":231,"column":25}},"114":{"start":{"line":230,"column":28},"end":{"line":230,"column":80}},"115":{"start":{"line":232,"column":24},"end":{"line":236,"column":27}},"116":{"start":{"line":237,"column":27},"end":{"line":255,"column":21}},"117":{"start":{"line":238,"column":24},"end":{"line":238,"column":79}},"118":{"start":{"line":239,"column":24},"end":{"line":239,"column":80}},"119":{"start":{"line":241,"column":67},"end":{"line":241,"column":103}},"120":{"start":{"line":242,"column":24},"end":{"line":242,"column":55}},"121":{"start":{"line":243,"column":24},"end":{"line":243,"column":99}},"122":{"start":{"line":244,"column":24},"end":{"line":244,"column":127}},"123":{"start":{"line":245,"column":27},"end":{"line":255,"column":21}},"124":{"start":{"line":246,"column":24},"end":{"line":246,"column":75}},"125":{"start":{"line":248,"column":67},"end":{"line":248,"column":94}},"126":{"start":{"line":249,"column":24},"end":{"line":249,"column":55}},"127":{"start":{"line":250,"column":24},"end":{"line":250,"column":99}},"128":{"start":{"line":251,"column":24},"end":{"line":251,"column":88}},"129":{"start":{"line":253,"column":24},"end":{"line":253,"column":77}},"130":{"start":{"line":254,"column":24},"end":{"line":254,"column":45}},"131":{"start":{"line":257,"column":20},"end":{"line":257,"column":88}},"132":{"start":{"line":258,"column":20},"end":{"line":258,"column":41}},"133":{"start":{"line":261,"column":16},"end":{"line":261,"column":73}},"134":{"start":{"line":262,"column":16},"end":{"line":262,"column":50}},"135":{"start":{"line":265,"column":46},"end":{"line":270,"column":14}},"136":{"start":{"line":272,"column":12},"end":{"line":272,"column":169}},"137":{"start":{"line":273,"column":29},"end":{"line":273,"column":59}},"138":{"start":{"line":274,"column":33},"end":{"line":274,"column":54}},"139":{"start":{"line":275,"column":60},"end":{"line":275,"column":62}},"140":{"start":{"line":278,"column":12},"end":{"line":280,"column":15}},"141":{"start":{"line":279,"column":16},"end":{"line":279,"column":45}},"142":{"start":{"line":282,"column":12},"end":{"line":282,"column":101}},"143":{"start":{"line":285,"column":28},"end":{"line":285,"column":30}},"144":{"start":{"line":286,"column":12},"end":{"line":292,"column":13}},"145":{"start":{"line":288,"column":32},"end":{"line":288,"column":74}},"146":{"start":{"line":289,"column":16},"end":{"line":289,"column":112}},"147":{"start":{"line":291,"column":16},"end":{"line":291,"column":48}},"148":{"start":{"line":294,"column":12},"end":{"line":306,"column":15}},"149":{"start":{"line":308,"column":12},"end":{"line":308,"column":56}},"150":{"start":{"line":309,"column":12},"end":{"line":312,"column":15}},"151":{"start":{"line":317,"column":34},"end":{"line":317,"column":75}},"152":{"start":{"line":321,"column":8},"end":{"line":354,"column":10}},"153":{"start":{"line":323,"column":16},"end":{"line":323,"column":76}},"154":{"start":{"line":324,"column":40},"end":{"line":324,"column":80}},"155":{"start":{"line":325,"column":16},"end":{"line":350,"column":17}},"156":{"start":{"line":326,"column":20},"end":{"line":326,"column":91}},"157":{"start":{"line":329,"column":36},"end":{"line":329,"column":63}},"158":{"start":{"line":332,"column":20},"end":{"line":344,"column":23}},"159":{"start":{"line":333,"column":24},"end":{"line":343,"column":25}},"160":{"start":{"line":334,"column":28},"end":{"line":334,"column":95}},"161":{"start":{"line":335,"column":28},"end":{"line":335,"column":75}},"162":{"start":{"line":337,"column":40},"end":{"line":337,"column":107}},"163":{"start":{"line":337,"column":63},"end":{"line":337,"column":106}},"164":{"start":{"line":338,"column":28},"end":{"line":342,"column":29}},"165":{"start":{"line":339,"column":32},"end":{"line":339,"column":59}},"166":{"start":{"line":341,"column":32},"end":{"line":341,"column":67}},"167":{"start":{"line":347,"column":20},"end":{"line":347,"column":64}},"168":{"start":{"line":348,"column":20},"end":{"line":348,"column":59}},"169":{"start":{"line":349,"column":20},"end":{"line":349,"column":55}},"170":{"start":{"line":358,"column":4},"end":{"line":358,"column":27}},"171":{"start":{"line":361,"column":8},"end":{"line":408,"column":9}},"172":{"start":{"line":362,"column":51},"end":{"line":362,"column":58}},"173":{"start":{"line":363,"column":12},"end":{"line":363,"column":78}},"174":{"start":{"line":366,"column":12},"end":{"line":366,"column":54}},"175":{"start":{"line":367,"column":12},"end":{"line":367,"column":85}},"176":{"start":{"line":368,"column":12},"end":{"line":368,"column":102}},"177":{"start":{"line":371,"column":12},"end":{"line":400,"column":20}},"178":{"start":{"line":372,"column":16},"end":{"line":399,"column":17}},"179":{"start":{"line":373,"column":20},"end":{"line":373,"column":79}},"180":{"start":{"line":374,"column":33},"end":{"line":378,"column":22}},"181":{"start":{"line":379,"column":33},"end":{"line":379,"column":50}},"182":{"start":{"line":380,"column":64},"end":{"line":380,"column":66}},"183":{"start":{"line":381,"column":20},"end":{"line":381,"column":71}},"184":{"start":{"line":381,"column":51},"end":{"line":381,"column":69}},"185":{"start":{"line":383,"column":20},"end":{"line":383,"column":101}},"186":{"start":{"line":384,"column":20},"end":{"line":390,"column":23}},"187":{"start":{"line":392,"column":20},"end":{"line":392,"column":57}},"188":{"start":{"line":394,"column":20},"end":{"line":394,"column":56}},"189":{"start":{"line":395,"column":20},"end":{"line":398,"column":23}},"190":{"start":{"line":403,"column":12},"end":{"line":403,"column":76}},"191":{"start":{"line":404,"column":12},"end":{"line":407,"column":15}},"192":{"start":{"line":412,"column":8},"end":{"line":412,"column":40}},"193":{"start":{"line":412,"column":33},"end":{"line":412,"column":40}},"194":{"start":{"line":414,"column":8},"end":{"line":414,"column":35}},"195":{"start":{"line":415,"column":8},"end":{"line":415,"column":59}},"196":{"start":{"line":418,"column":8},"end":{"line":422,"column":10}},"197":{"start":{"line":424,"column":8},"end":{"line":428,"column":10}},"198":{"start":{"line":430,"column":8},"end":{"line":434,"column":10}},"199":{"start":{"line":436,"column":8},"end":{"line":440,"column":10}},"200":{"start":{"line":442,"column":8},"end":{"line":445,"column":10}},"201":{"start":{"line":447,"column":8},"end":{"line":447,"column":51}},"202":{"start":{"line":451,"column":8},"end":{"line":451,"column":41}},"203":{"start":{"line":451,"column":34},"end":{"line":451,"column":41}},"204":{"start":{"line":453,"column":8},"end":{"line":453,"column":36}},"205":{"start":{"line":456,"column":8},"end":{"line":456,"column":78}},"206":{"start":{"line":457,"column":8},"end":{"line":457,"column":74}},"207":{"start":{"line":458,"column":8},"end":{"line":458,"column":82}},"208":{"start":{"line":459,"column":8},"end":{"line":459,"column":77}},"209":{"start":{"line":460,"column":8},"end":{"line":460,"column":77}},"210":{"start":{"line":463,"column":8},"end":{"line":463,"column":36}},"211":{"start":{"line":465,"column":8},"end":{"line":465,"column":51}},"212":{"start":{"line":469,"column":8},"end":{"line":469,"column":63}},"213":{"start":{"line":469,"column":46},"end":{"line":469,"column":63}},"214":{"start":{"line":471,"column":48},"end":{"line":477,"column":10}},"215":{"start":{"line":497,"column":8},"end":{"line":497,"column":64}},"216":{"start":{"line":498,"column":8},"end":{"line":498,"column":25}},"217":{"start":{"line":502,"column":28},"end":{"line":502,"column":70}},"218":{"start":{"line":503,"column":8},"end":{"line":503,"column":33}},"219":{"start":{"line":503,"column":26},"end":{"line":503,"column":33}},"220":{"start":{"line":506,"column":8},"end":{"line":512,"column":9}},"221":{"start":{"line":507,"column":12},"end":{"line":511,"column":15}},"222":{"start":{"line":508,"column":16},"end":{"line":510,"column":17}},"223":{"start":{"line":509,"column":20},"end":{"line":509,"column":68}},"224":{"start":{"line":514,"column":8},"end":{"line":514,"column":64}},"225":{"start":{"line":518,"column":28},"end":{"line":518,"column":70}},"226":{"start":{"line":519,"column":8},"end":{"line":519,"column":43}},"227":{"start":{"line":519,"column":26},"end":{"line":519,"column":43}},"228":{"start":{"line":521,"column":8},"end":{"line":521,"column":48}},"229":{"start":{"line":522,"column":8},"end":{"line":522,"column":41}},"230":{"start":{"line":524,"column":8},"end":{"line":530,"column":9}},"231":{"start":{"line":525,"column":12},"end":{"line":529,"column":15}},"232":{"start":{"line":526,"column":16},"end":{"line":528,"column":17}},"233":{"start":{"line":527,"column":20},"end":{"line":527,"column":77}},"234":{"start":{"line":532,"column":8},"end":{"line":532,"column":64}},"235":{"start":{"line":533,"column":8},"end":{"line":533,"column":25}},"236":{"start":{"line":537,"column":28},"end":{"line":537,"column":70}},"237":{"start":{"line":538,"column":8},"end":{"line":538,"column":33}},"238":{"start":{"line":538,"column":26},"end":{"line":538,"column":33}},"239":{"start":{"line":540,"column":8},"end":{"line":540,"column":66}},"240":{"start":{"line":541,"column":8},"end":{"line":541,"column":48}},"241":{"start":{"line":544,"column":51},"end":{"line":559,"column":10}},"242":{"start":{"line":561,"column":8},"end":{"line":561,"column":56}},"243":{"start":{"line":565,"column":28},"end":{"line":565,"column":70}},"244":{"start":{"line":566,"column":8},"end":{"line":566,"column":33}},"245":{"start":{"line":566,"column":26},"end":{"line":566,"column":33}},"246":{"start":{"line":568,"column":8},"end":{"line":568,"column":66}},"247":{"start":{"line":569,"column":8},"end":{"line":569,"column":31}},"248":{"start":{"line":570,"column":8},"end":{"line":570,"column":42}},"249":{"start":{"line":573,"column":51},"end":{"line":589,"column":10}},"250":{"start":{"line":591,"column":8},"end":{"line":591,"column":56}},"251":{"start":{"line":596,"column":8},"end":{"line":596,"column":72}},"252":{"start":{"line":596,"column":59},"end":{"line":596,"column":72}},"253":{"start":{"line":599,"column":8},"end":{"line":599,"column":79}},"254":{"start":{"line":599,"column":66},"end":{"line":599,"column":79}},"255":{"start":{"line":602,"column":8},"end":{"line":609,"column":9}},"256":{"start":{"line":603,"column":12},"end":{"line":608,"column":13}},"257":{"start":{"line":604,"column":28},"end":{"line":604,"column":48}},"258":{"start":{"line":605,"column":16},"end":{"line":605,"column":82}},"259":{"start":{"line":605,"column":69},"end":{"line":605,"column":82}},"260":{"start":{"line":607,"column":16},"end":{"line":607,"column":29}},"261":{"start":{"line":611,"column":8},"end":{"line":611,"column":20}},"262":{"start":{"line":616,"column":8},"end":{"line":618,"column":11}},"263":{"start":{"line":622,"column":4},"end":{"line":642,"column":7}},"264":{"start":{"line":623,"column":8},"end":{"line":623,"column":71}},"265":{"start":{"line":626,"column":8},"end":{"line":641,"column":11}},"266":{"start":{"line":644,"column":4},"end":{"line":646,"column":7}},"267":{"start":{"line":645,"column":8},"end":{"line":645,"column":52}},"268":{"start":{"line":649,"column":4},"end":{"line":668,"column":7}},"269":{"start":{"line":650,"column":8},"end":{"line":650,"column":62}},"270":{"start":{"line":652,"column":8},"end":{"line":667,"column":11}},"271":{"start":{"line":656,"column":12},"end":{"line":666,"column":13}},"272":{"start":{"line":657,"column":16},"end":{"line":665,"column":19}},"273":{"start":{"line":658,"column":37},"end":{"line":658,"column":58}},"274":{"start":{"line":659,"column":20},"end":{"line":664,"column":21}},"275":{"start":{"line":661,"column":24},"end":{"line":663,"column":33}},"276":{"start":{"line":662,"column":28},"end":{"line":662,"column":95}},"277":{"start":{"line":671,"column":4},"end":{"line":681,"column":7}},"278":{"start":{"line":672,"column":8},"end":{"line":674,"column":11}},"279":{"start":{"line":673,"column":12},"end":{"line":673,"column":66}},"280":{"start":{"line":675,"column":8},"end":{"line":680,"column":11}},"281":{"start":{"line":684,"column":4},"end":{"line":689,"column":7}},"282":{"start":{"line":685,"column":8},"end":{"line":688,"column":11}},"283":{"start":{"line":692,"column":4},"end":{"line":696,"column":7}},"284":{"start":{"line":693,"column":8},"end":{"line":695,"column":9}},"285":{"start":{"line":694,"column":12},"end":{"line":694,"column":49}},"286":{"start":{"line":699,"column":4},"end":{"line":707,"column":7}},"287":{"start":{"line":700,"column":8},"end":{"line":706,"column":9}},"288":{"start":{"line":702,"column":12},"end":{"line":705,"column":15}},"289":{"start":{"line":710,"column":4},"end":{"line":721,"column":7}},"290":{"start":{"line":711,"column":8},"end":{"line":720,"column":9}},"291":{"start":{"line":712,"column":12},"end":{"line":719,"column":15}},"292":{"start":{"line":713,"column":16},"end":{"line":718,"column":17}},"293":{"start":{"line":714,"column":20},"end":{"line":717,"column":23}},"294":{"start":{"line":724,"column":4},"end":{"line":730,"column":7}},"295":{"start":{"line":725,"column":8},"end":{"line":729,"column":9}},"296":{"start":{"line":726,"column":25},"end":{"line":726,"column":65}},"297":{"start":{"line":727,"column":12},"end":{"line":727,"column":41}},"298":{"start":{"line":728,"column":12},"end":{"line":728,"column":24}},"299":{"start":{"line":734,"column":24},"end":{"line":734,"column":44}},"300":{"start":{"line":736,"column":8},"end":{"line":767,"column":11}},"301":{"start":{"line":737,"column":12},"end":{"line":766,"column":15}},"302":{"start":{"line":741,"column":16},"end":{"line":744,"column":17}},"303":{"start":{"line":742,"column":20},"end":{"line":742,"column":53}},"304":{"start":{"line":743,"column":20},"end":{"line":743,"column":27}},"305":{"start":{"line":746,"column":16},"end":{"line":749,"column":17}},"306":{"start":{"line":747,"column":20},"end":{"line":747,"column":66}},"307":{"start":{"line":748,"column":20},"end":{"line":748,"column":27}},"308":{"start":{"line":751,"column":16},"end":{"line":765,"column":17}},"309":{"start":{"line":752,"column":38},"end":{"line":752,"column":71}},"310":{"start":{"line":753,"column":33},"end":{"line":753,"column":54}},"311":{"start":{"line":754,"column":34},"end":{"line":754,"column":56}},"312":{"start":{"line":756,"column":20},"end":{"line":762,"column":21}},"313":{"start":{"line":757,"column":24},"end":{"line":757,"column":49}},"314":{"start":{"line":758,"column":27},"end":{"line":762,"column":21}},"315":{"start":{"line":759,"column":24},"end":{"line":759,"column":38}},"316":{"start":{"line":761,"column":24},"end":{"line":761,"column":76}},"317":{"start":{"line":764,"column":20},"end":{"line":764,"column":30}},"318":{"start":{"line":771,"column":23},"end":{"line":777,"column":10}},"319":{"start":{"line":779,"column":8},"end":{"line":779,"column":56}},"320":{"start":{"line":783,"column":8},"end":{"line":783,"column":80}},"321":{"start":{"line":788,"column":26},"end":{"line":794,"column":10}},"322":{"start":{"line":796,"column":25},"end":{"line":802,"column":10}},"323":{"start":{"line":804,"column":8},"end":{"line":806,"column":9}},"324":{"start":{"line":805,"column":12},"end":{"line":805,"column":77}},"325":{"start":{"line":808,"column":8},"end":{"line":808,"column":37}},"326":{"start":{"line":813,"column":26},"end":{"line":818,"column":10}},"327":{"start":{"line":820,"column":25},"end":{"line":826,"column":10}},"328":{"start":{"line":828,"column":8},"end":{"line":830,"column":9}},"329":{"start":{"line":829,"column":12},"end":{"line":829,"column":76}},"330":{"start":{"line":832,"column":8},"end":{"line":832,"column":37}},"331":{"start":{"line":836,"column":4},"end":{"line":857,"column":7}},"332":{"start":{"line":837,"column":8},"end":{"line":846,"column":9}},"333":{"start":{"line":838,"column":12},"end":{"line":844,"column":13}},"334":{"start":{"line":839,"column":33},"end":{"line":839,"column":71}},"335":{"start":{"line":840,"column":31},"end":{"line":840,"column":83}},"336":{"start":{"line":841,"column":16},"end":{"line":841,"column":64}},"337":{"start":{"line":843,"column":16},"end":{"line":843,"column":71}},"338":{"start":{"line":845,"column":12},"end":{"line":845,"column":24}},"339":{"start":{"line":848,"column":8},"end":{"line":856,"column":9}},"340":{"start":{"line":849,"column":12},"end":{"line":854,"column":13}},"341":{"start":{"line":850,"column":31},"end":{"line":850,"column":93}},"342":{"start":{"line":851,"column":16},"end":{"line":851,"column":64}},"343":{"start":{"line":853,"column":16},"end":{"line":853,"column":71}},"344":{"start":{"line":855,"column":12},"end":{"line":855,"column":24}},"345":{"start":{"line":860,"column":49},"end":{"line":865,"column":6}},"346":{"start":{"line":868,"column":8},"end":{"line":868,"column":43}},"347":{"start":{"line":870,"column":8},"end":{"line":873,"column":9}},"348":{"start":{"line":871,"column":30},"end":{"line":871,"column":109}},"349":{"start":{"line":872,"column":12},"end":{"line":872,"column":123}},"350":{"start":{"line":875,"column":8},"end":{"line":879,"column":9}},"351":{"start":{"line":876,"column":12},"end":{"line":876,"column":44}},"352":{"start":{"line":878,"column":12},"end":{"line":878,"column":46}},"353":{"start":{"line":883,"column":4},"end":{"line":899,"column":7}},"354":{"start":{"line":884,"column":8},"end":{"line":887,"column":9}},"355":{"start":{"line":885,"column":12},"end":{"line":885,"column":45}},"356":{"start":{"line":886,"column":12},"end":{"line":886,"column":24}},"357":{"start":{"line":889,"column":8},"end":{"line":898,"column":9}},"358":{"start":{"line":890,"column":12},"end":{"line":895,"column":14}},"359":{"start":{"line":896,"column":12},"end":{"line":896,"column":44}},"360":{"start":{"line":897,"column":12},"end":{"line":897,"column":24}},"361":{"start":{"line":901,"column":4},"end":{"line":901,"column":55}}},"fnMap":{"0":{"name":"(anonymous_0)","decl":{"start":{"line":34,"column":1},"end":{"line":34,"column":null}},"loc":{"start":{"line":34,"column":1},"end":{"line":902,"column":1}}},"1":{"name":"(anonymous_1)","decl":{"start":{"line":43,"column":41},"end":{"line":43,"column":42}},"loc":{"start":{"line":43,"column":131},"end":{"line":74,"column":5}}},"2":{"name":"setCookiesFromHeader","decl":{"start":{"line":77,"column":19},"end":{"line":77,"column":39}},"loc":{"start":{"line":77,"column":73},"end":{"line":105,"column":5}}},"3":{"name":"(anonymous_3)","decl":{"start":{"line":80,"column":50},"end":{"line":80,"column":51}},"loc":{"start":{"line":80,"column":55},"end":{"line":80,"column":63}}},"4":{"name":"serializeFormData","decl":{"start":{"line":108,"column":13},"end":{"line":108,"column":30}},"loc":{"start":{"line":108,"column":66},"end":{"line":121,"column":5}}},"5":{"name":"(anonymous_5)","decl":{"start":{"line":112,"column":44},"end":{"line":112,"column":45}},"loc":{"start":{"line":112,"column":61},"end":{"line":117,"column":9}}},"6":{"name":"serializeFormDataWithFiles","decl":{"start":{"line":124,"column":13},"end":{"line":124,"column":39}},"loc":{"start":{"line":124,"column":53},"end":{"line":179,"column":5}}},"7":{"name":"(anonymous_7)","decl":{"start":{"line":131,"column":23},"end":{"line":131,"column":24}},"loc":{"start":{"line":131,"column":40},"end":{"line":160,"column":9}}},"8":{"name":"(anonymous_8)","decl":{"start":{"line":166,"column":41},"end":{"line":166,"column":42}},"loc":{"start":{"line":166,"column":56},"end":{"line":166,"column":73}}},"9":{"name":"(anonymous_9)","decl":{"start":{"line":171,"column":22},"end":{"line":171,"column":23}},"loc":{"start":{"line":171,"column":38},"end":{"line":175,"column":9}}},"10":{"name":"handleHttpRequest","decl":{"start":{"line":182,"column":19},"end":{"line":182,"column":36}},"loc":{"start":{"line":182,"column":89},"end":{"line":314,"column":5}}},"11":{"name":"(anonymous_11)","decl":{"start":{"line":203,"column":44},"end":{"line":203,"column":45}},"loc":{"start":{"line":203,"column":55},"end":{"line":207,"column":13}}},"12":{"name":"(anonymous_12)","decl":{"start":{"line":278,"column":37},"end":{"line":278,"column":38}},"loc":{"start":{"line":278,"column":52},"end":{"line":280,"column":13}}},"13":{"name":"setupHeaderInjection","decl":{"start":{"line":320,"column":13},"end":{"line":320,"column":33}},"loc":{"start":{"line":320,"column":33},"end":{"line":355,"column":5}}},"14":{"name":"(anonymous_14)","decl":{"start":{"line":322,"column":12},"end":{"line":322,"column":13}},"loc":{"start":{"line":322,"column":24},"end":{"line":352,"column":13}}},"15":{"name":"(anonymous_15)","decl":{"start":{"line":332,"column":60},"end":{"line":332,"column":61}},"loc":{"start":{"line":332,"column":77},"end":{"line":344,"column":21}}},"16":{"name":"(anonymous_16)","decl":{"start":{"line":337,"column":58},"end":{"line":337,"column":59}},"loc":{"start":{"line":337,"column":63},"end":{"line":337,"column":106}}},"17":{"name":"handleRequestWithHeaderInjection","decl":{"start":{"line":360,"column":19},"end":{"line":360,"column":51}},"loc":{"start":{"line":360,"column":104},"end":{"line":409,"column":5}}},"18":{"name":"(anonymous_18)","decl":{"start":{"line":371,"column":23},"end":{"line":371,"column":28}},"loc":{"start":{"line":371,"column":34},"end":{"line":400,"column":13}}},"19":{"name":"(anonymous_19)","decl":{"start":{"line":381,"column":41},"end":{"line":381,"column":42}},"loc":{"start":{"line":381,"column":51},"end":{"line":381,"column":69}}},"20":{"name":"startNetworkInterceptor","decl":{"start":{"line":411,"column":13},"end":{"line":411,"column":36}},"loc":{"start":{"line":411,"column":65},"end":{"line":448,"column":5}}},"21":{"name":"stopNetworkInterceptor","decl":{"start":{"line":450,"column":13},"end":{"line":450,"column":35}},"loc":{"start":{"line":450,"column":35},"end":{"line":466,"column":5}}},"22":{"name":"handleBeforeRequest","decl":{"start":{"line":468,"column":13},"end":{"line":468,"column":32}},"loc":{"start":{"line":468,"column":82},"end":{"line":499,"column":5}}},"23":{"name":"handleSendHeaders","decl":{"start":{"line":501,"column":13},"end":{"line":501,"column":30}},"loc":{"start":{"line":501,"column":78},"end":{"line":515,"column":5}}},"24":{"name":"(anonymous_24)","decl":{"start":{"line":507,"column":43},"end":{"line":507,"column":44}},"loc":{"start":{"line":507,"column":84},"end":{"line":511,"column":13}}},"25":{"name":"handleHeadersReceived","decl":{"start":{"line":517,"column":13},"end":{"line":517,"column":34}},"loc":{"start":{"line":517,"column":86},"end":{"line":534,"column":5}}},"26":{"name":"(anonymous_26)","decl":{"start":{"line":525,"column":44},"end":{"line":525,"column":45}},"loc":{"start":{"line":525,"column":85},"end":{"line":529,"column":13}}},"27":{"name":"handleRequestCompleted","decl":{"start":{"line":536,"column":13},"end":{"line":536,"column":35}},"loc":{"start":{"line":536,"column":81},"end":{"line":562,"column":5}}},"28":{"name":"handleRequestError","decl":{"start":{"line":564,"column":13},"end":{"line":564,"column":31}},"loc":{"start":{"line":564,"column":81},"end":{"line":592,"column":5}}},"29":{"name":"shouldInterceptRequest","decl":{"start":{"line":594,"column":13},"end":{"line":594,"column":35}},"loc":{"start":{"line":594,"column":85},"end":{"line":612,"column":5}}},"30":{"name":"sendToPopup","decl":{"start":{"line":614,"column":13},"end":{"line":614,"column":24}},"loc":{"start":{"line":614,"column":37},"end":{"line":619,"column":5}}},"31":{"name":"(anonymous_31)","decl":{"start":{"line":616,"column":50},"end":{"line":616,"column":53}},"loc":{"start":{"line":616,"column":55},"end":{"line":618,"column":9}}},"32":{"name":"(anonymous_32)","decl":{"start":{"line":622,"column":43},"end":{"line":622,"column":44}},"loc":{"start":{"line":622,"column":88},"end":{"line":642,"column":5}}},"33":{"name":"(anonymous_33)","decl":{"start":{"line":644,"column":41},"end":{"line":644,"column":44}},"loc":{"start":{"line":644,"column":46},"end":{"line":646,"column":5}}},"34":{"name":"(anonymous_34)","decl":{"start":{"line":649,"column":40},"end":{"line":649,"column":41}},"loc":{"start":{"line":649,"column":65},"end":{"line":668,"column":5}}},"35":{"name":"(anonymous_35)","decl":{"start":{"line":654,"column":11},"end":{"line":654,"column":12}},"loc":{"start":{"line":654,"column":22},"end":{"line":667,"column":9}}},"36":{"name":"(anonymous_36)","decl":{"start":{"line":657,"column":55},"end":{"line":657,"column":56}},"loc":{"start":{"line":657,"column":66},"end":{"line":665,"column":17}}},"37":{"name":"(anonymous_37)","decl":{"start":{"line":661,"column":35},"end":{"line":661,"column":38}},"loc":{"start":{"line":661,"column":40},"end":{"line":663,"column":25}}},"38":{"name":"(anonymous_38)","decl":{"start":{"line":671,"column":43},"end":{"line":671,"column":46}},"loc":{"start":{"line":671,"column":48},"end":{"line":681,"column":5}}},"39":{"name":"(anonymous_39)","decl":{"start":{"line":672,"column":35},"end":{"line":672,"column":38}},"loc":{"start":{"line":672,"column":40},"end":{"line":674,"column":9}}},"40":{"name":"(anonymous_40)","decl":{"start":{"line":684,"column":41},"end":{"line":684,"column":44}},"loc":{"start":{"line":684,"column":46},"end":{"line":689,"column":5}}},"41":{"name":"(anonymous_41)","decl":{"start":{"line":692,"column":38},"end":{"line":692,"column":39}},"loc":{"start":{"line":692,"column":113},"end":{"line":696,"column":5}}},"42":{"name":"(anonymous_42)","decl":{"start":{"line":699,"column":41},"end":{"line":699,"column":42}},"loc":{"start":{"line":699,"column":121},"end":{"line":707,"column":5}}},"43":{"name":"(anonymous_43)","decl":{"start":{"line":710,"column":41},"end":{"line":710,"column":42}},"loc":{"start":{"line":710,"column":71},"end":{"line":721,"column":5}}},"44":{"name":"(anonymous_44)","decl":{"start":{"line":712,"column":39},"end":{"line":712,"column":40}},"loc":{"start":{"line":712,"column":56},"end":{"line":719,"column":13}}},"45":{"name":"(anonymous_45)","decl":{"start":{"line":724,"column":41},"end":{"line":724,"column":42}},"loc":{"start":{"line":724,"column":131},"end":{"line":730,"column":5}}},"46":{"name":"handleOAuth2Flow","decl":{"start":{"line":733,"column":19},"end":{"line":733,"column":35}},"loc":{"start":{"line":733,"column":56},"end":{"line":768,"column":5}}},"47":{"name":"(anonymous_47)","decl":{"start":{"line":736,"column":27},"end":{"line":736,"column":28}},"loc":{"start":{"line":736,"column":47},"end":{"line":767,"column":9}}},"48":{"name":"(anonymous_48)","decl":{"start":{"line":740,"column":15},"end":{"line":740,"column":16}},"loc":{"start":{"line":740,"column":40},"end":{"line":766,"column":13}}},"49":{"name":"buildAuthUrl","decl":{"start":{"line":770,"column":13},"end":{"line":770,"column":25}},"loc":{"start":{"line":770,"column":46},"end":{"line":780,"column":5}}},"50":{"name":"generateRandomState","decl":{"start":{"line":782,"column":13},"end":{"line":782,"column":32}},"loc":{"start":{"line":782,"column":32},"end":{"line":784,"column":5}}},"51":{"name":"exchangeCodeForToken","decl":{"start":{"line":787,"column":19},"end":{"line":787,"column":39}},"loc":{"start":{"line":787,"column":78},"end":{"line":809,"column":5}}},"52":{"name":"refreshAccessToken","decl":{"start":{"line":812,"column":19},"end":{"line":812,"column":37}},"loc":{"start":{"line":812,"column":80},"end":{"line":833,"column":5}}},"53":{"name":"(anonymous_53)","decl":{"start":{"line":836,"column":41},"end":{"line":836,"column":46}},"loc":{"start":{"line":836,"column":137},"end":{"line":857,"column":5}}},"54":{"name":"updatePerformanceMetrics","decl":{"start":{"line":867,"column":13},"end":{"line":867,"column":37}},"loc":{"start":{"line":867,"column":62},"end":{"line":880,"column":5}}},"55":{"name":"(anonymous_55)","decl":{"start":{"line":883,"column":41},"end":{"line":883,"column":42}},"loc":{"start":{"line":883,"column":131},"end":{"line":899,"column":5}}}},"branchMap":{"0":{"loc":{"start":{"line":44,"column":8},"end":{"line":71,"column":9}},"type":"switch","locations":[{"start":{"line":45,"column":12},"end":{"line":48,"column":22}},{"start":{"line":50,"column":12},"end":{"line":53,"column":22}},{"start":{"line":55,"column":12},"end":{"line":57,"column":22}},{"start":{"line":59,"column":12},"end":{"line":62,"column":22}},{"start":{"line":64,"column":12},"end":{"line":67,"column":22}},{"start":{"line":69,"column":12},"end":{"line":70,"column":58}}]},"1":{"loc":{"start":{"line":88,"column":12},"end":{"line":103,"column":13}},"type":"if","locations":[{"start":{"line":88,"column":12},"end":{"line":103,"column":13}}]},"2":{"loc":{"start":{"line":88,"column":16},"end":{"line":88,"column":29}},"type":"binary-expr","locations":[{"start":{"line":88,"column":16},"end":{"line":88,"column":20}},{"start":{"line":88,"column":24},"end":{"line":88,"column":29}}]},"3":{"loc":{"start":{"line":136,"column":12},"end":{"line":158,"column":13}},"type":"if","locations":[{"start":{"line":136,"column":12},"end":{"line":158,"column":13}},{"start":{"line":153,"column":19},"end":{"line":158,"column":13}}]},"4":{"loc":{"start":{"line":140,"column":59},"end":{"line":140,"column":106}},"type":"binary-expr","locations":[{"start":{"line":140,"column":59},"end":{"line":140,"column":76}},{"start":{"line":140,"column":80},"end":{"line":140,"column":106}}]},"5":{"loc":{"start":{"line":143,"column":78},"end":{"line":143,"column":101}},"type":"binary-expr","locations":[{"start":{"line":143,"column":78},"end":{"line":143,"column":96}},{"start":{"line":143,"column":100},"end":{"line":143,"column":101}}]},"6":{"loc":{"start":{"line":157,"column":45},"end":{"line":157,"column":62}},"type":"binary-expr","locations":[{"start":{"line":157,"column":45},"end":{"line":157,"column":56}},{"start":{"line":157,"column":60},"end":{"line":157,"column":62}}]},"7":{"loc":{"start":{"line":192,"column":59},"end":{"line":192,"column":76}},"type":"binary-expr","locations":[{"start":{"line":192,"column":59},"end":{"line":192,"column":71}},{"start":{"line":192,"column":75},"end":{"line":192,"column":76}}]},"8":{"loc":{"start":{"line":195,"column":12},"end":{"line":199,"column":13}},"type":"if","locations":[{"start":{"line":195,"column":12},"end":{"line":199,"column":13}}]},"9":{"loc":{"start":{"line":195,"column":16},"end":{"line":195,"column":48}},"type":"binary-expr","locations":[{"start":{"line":195,"column":16},"end":{"line":195,"column":30}},{"start":{"line":195,"column":34},"end":{"line":195,"column":48}}]},"10":{"loc":{"start":{"line":196,"column":37},"end":{"line":196,"column":69}},"type":"binary-expr","locations":[{"start":{"line":196,"column":37},"end":{"line":196,"column":51}},{"start":{"line":196,"column":55},"end":{"line":196,"column":69}}]},"11":{"loc":{"start":{"line":204,"column":16},"end":{"line":206,"column":17}},"type":"if","locations":[{"start":{"line":204,"column":16},"end":{"line":206,"column":17}}]},"12":{"loc":{"start":{"line":213,"column":77},"end":{"line":213,"column":95}},"type":"binary-expr","locations":[{"start":{"line":213,"column":77},"end":{"line":213,"column":87}},{"start":{"line":213,"column":91},"end":{"line":213,"column":95}}]},"13":{"loc":{"start":{"line":215,"column":12},"end":{"line":263,"column":13}},"type":"if","locations":[{"start":{"line":215,"column":12},"end":{"line":263,"column":13}},{"start":{"line":260,"column":19},"end":{"line":263,"column":13}}]},"14":{"loc":{"start":{"line":215,"column":16},"end":{"line":215,"column":34}},"type":"binary-expr","locations":[{"start":{"line":215,"column":16},"end":{"line":215,"column":26}},{"start":{"line":215,"column":30},"end":{"line":215,"column":34}}]},"15":{"loc":{"start":{"line":220,"column":91},"end":{"line":220,"column":126}},"type":"binary-expr","locations":[{"start":{"line":220,"column":91},"end":{"line":220,"column":99}},{"start":{"line":220,"column":103},"end":{"line":220,"column":126}}]},"16":{"loc":{"start":{"line":222,"column":20},"end":{"line":255,"column":21}},"type":"if","locations":[{"start":{"line":222,"column":20},"end":{"line":255,"column":21}},{"start":{"line":237,"column":27},"end":{"line":255,"column":21}}]},"17":{"loc":{"start":{"line":222,"column":24},"end":{"line":222,"column":74}},"type":"binary-expr","locations":[{"start":{"line":222,"column":24},"end":{"line":222,"column":50}},{"start":{"line":222,"column":54},"end":{"line":222,"column":74}}]},"18":{"loc":{"start":{"line":229,"column":24},"end":{"line":231,"column":25}},"type":"if","locations":[{"start":{"line":229,"column":24},"end":{"line":231,"column":25}}]},"19":{"loc":{"start":{"line":237,"column":27},"end":{"line":255,"column":21}},"type":"if","locations":[{"start":{"line":237,"column":27},"end":{"line":255,"column":21}},{"start":{"line":245,"column":27},"end":{"line":255,"column":21}}]},"20":{"loc":{"start":{"line":237,"column":31},"end":{"line":237,"column":66}},"type":"binary-expr","locations":[{"start":{"line":237,"column":31},"end":{"line":237,"column":39}},{"start":{"line":237,"column":43},"end":{"line":237,"column":66}}]},"21":{"loc":{"start":{"line":245,"column":27},"end":{"line":255,"column":21}},"type":"if","locations":[{"start":{"line":245,"column":27},"end":{"line":255,"column":21}},{"start":{"line":252,"column":27},"end":{"line":255,"column":21}}]},"22":{"loc":{"start":{"line":245,"column":31},"end":{"line":245,"column":87}},"type":"binary-expr","locations":[{"start":{"line":245,"column":31},"end":{"line":245,"column":59}},{"start":{"line":245,"column":63},"end":{"line":245,"column":87}}]},"23":{"loc":{"start":{"line":262,"column":32},"end":{"line":262,"column":49}},"type":"binary-expr","locations":[{"start":{"line":262,"column":32},"end":{"line":262,"column":36}},{"start":{"line":262,"column":40},"end":{"line":262,"column":49}}]},"24":{"loc":{"start":{"line":272,"column":67},"end":{"line":272,"column":165}},"type":"cond-expr","locations":[{"start":{"line":272,"column":105},"end":{"line":272,"column":149}},{"start":{"line":272,"column":152},"end":{"line":272,"column":165}}]},"25":{"loc":{"start":{"line":286,"column":12},"end":{"line":292,"column":13}},"type":"if","locations":[{"start":{"line":286,"column":12},"end":{"line":292,"column":13}},{"start":{"line":290,"column":19},"end":{"line":292,"column":13}}]},"26":{"loc":{"start":{"line":291,"column":28},"end":{"line":291,"column":47}},"type":"binary-expr","locations":[{"start":{"line":291,"column":28},"end":{"line":291,"column":41}},{"start":{"line":291,"column":45},"end":{"line":291,"column":47}}]},"27":{"loc":{"start":{"line":301,"column":34},"end":{"line":301,"column":107}},"type":"cond-expr","locations":[{"start":{"line":301,"column":72},"end":{"line":301,"column":84}},{"start":{"line":301,"column":87},"end":{"line":301,"column":107}}]},"28":{"loc":{"start":{"line":303,"column":30},"end":{"line":304,"column":81}},"type":"cond-expr","locations":[{"start":{"line":304,"column":24},"end":{"line":304,"column":74}},{"start":{"line":304,"column":77},"end":{"line":304,"column":81}}]},"29":{"loc":{"start":{"line":325,"column":16},"end":{"line":350,"column":17}},"type":"if","locations":[{"start":{"line":325,"column":16},"end":{"line":350,"column":17}}]},"30":{"loc":{"start":{"line":325,"column":20},"end":{"line":325,"column":61}},"type":"binary-expr","locations":[{"start":{"line":325,"column":20},"end":{"line":325,"column":35}},{"start":{"line":325,"column":39},"end":{"line":325,"column":61}}]},"31":{"loc":{"start":{"line":333,"column":24},"end":{"line":343,"column":25}},"type":"if","locations":[{"start":{"line":333,"column":24},"end":{"line":343,"column":25}},{"start":{"line":336,"column":31},"end":{"line":343,"column":25}}]},"32":{"loc":{"start":{"line":338,"column":28},"end":{"line":342,"column":29}},"type":"if","locations":[{"start":{"line":338,"column":28},"end":{"line":342,"column":29}},{"start":{"line":340,"column":35},"end":{"line":342,"column":29}}]},"33":{"loc":{"start":{"line":377,"column":30},"end":{"line":377,"column":47}},"type":"binary-expr","locations":[{"start":{"line":377,"column":30},"end":{"line":377,"column":34}},{"start":{"line":377,"column":38},"end":{"line":377,"column":47}}]},"34":{"loc":{"start":{"line":412,"column":8},"end":{"line":412,"column":40}},"type":"if","locations":[{"start":{"line":412,"column":8},"end":{"line":412,"column":40}}]},"35":{"loc":{"start":{"line":415,"column":29},"end":{"line":415,"column":58}},"type":"binary-expr","locations":[{"start":{"line":415,"column":29},"end":{"line":415,"column":36}},{"start":{"line":415,"column":40},"end":{"line":415,"column":58}}]},"36":{"loc":{"start":{"line":451,"column":8},"end":{"line":451,"column":41}},"type":"if","locations":[{"start":{"line":451,"column":8},"end":{"line":451,"column":41}}]},"37":{"loc":{"start":{"line":469,"column":8},"end":{"line":469,"column":63}},"type":"if","locations":[{"start":{"line":469,"column":8},"end":{"line":469,"column":63}}]},"38":{"loc":{"start":{"line":503,"column":8},"end":{"line":503,"column":33}},"type":"if","locations":[{"start":{"line":503,"column":8},"end":{"line":503,"column":33}}]},"39":{"loc":{"start":{"line":506,"column":8},"end":{"line":512,"column":9}},"type":"if","locations":[{"start":{"line":506,"column":8},"end":{"line":512,"column":9}}]},"40":{"loc":{"start":{"line":508,"column":16},"end":{"line":510,"column":17}},"type":"if","locations":[{"start":{"line":508,"column":16},"end":{"line":510,"column":17}}]},"41":{"loc":{"start":{"line":508,"column":20},"end":{"line":508,"column":47}},"type":"binary-expr","locations":[{"start":{"line":508,"column":20},"end":{"line":508,"column":31}},{"start":{"line":508,"column":35},"end":{"line":508,"column":47}}]},"42":{"loc":{"start":{"line":519,"column":8},"end":{"line":519,"column":43}},"type":"if","locations":[{"start":{"line":519,"column":8},"end":{"line":519,"column":43}}]},"43":{"loc":{"start":{"line":524,"column":8},"end":{"line":530,"column":9}},"type":"if","locations":[{"start":{"line":524,"column":8},"end":{"line":530,"column":9}}]},"44":{"loc":{"start":{"line":526,"column":16},"end":{"line":528,"column":17}},"type":"if","locations":[{"start":{"line":526,"column":16},"end":{"line":528,"column":17}}]},"45":{"loc":{"start":{"line":526,"column":20},"end":{"line":526,"column":47}},"type":"binary-expr","locations":[{"start":{"line":526,"column":20},"end":{"line":526,"column":31}},{"start":{"line":526,"column":35},"end":{"line":526,"column":47}}]},"46":{"loc":{"start":{"line":538,"column":8},"end":{"line":538,"column":33}},"type":"if","locations":[{"start":{"line":538,"column":8},"end":{"line":538,"column":33}}]},"47":{"loc":{"start":{"line":551,"column":18},"end":{"line":551,"column":42}},"type":"binary-expr","locations":[{"start":{"line":551,"column":18},"end":{"line":551,"column":34}},{"start":{"line":551,"column":38},"end":{"line":551,"column":42}}]},"48":{"loc":{"start":{"line":566,"column":8},"end":{"line":566,"column":33}},"type":"if","locations":[{"start":{"line":566,"column":8},"end":{"line":566,"column":33}}]},"49":{"loc":{"start":{"line":580,"column":18},"end":{"line":580,"column":42}},"type":"binary-expr","locations":[{"start":{"line":580,"column":18},"end":{"line":580,"column":34}},{"start":{"line":580,"column":38},"end":{"line":580,"column":42}}]},"50":{"loc":{"start":{"line":596,"column":8},"end":{"line":596,"column":72}},"type":"if","locations":[{"start":{"line":596,"column":8},"end":{"line":596,"column":72}}]},"51":{"loc":{"start":{"line":599,"column":8},"end":{"line":599,"column":79}},"type":"if","locations":[{"start":{"line":599,"column":8},"end":{"line":599,"column":79}}]},"52":{"loc":{"start":{"line":602,"column":8},"end":{"line":609,"column":9}},"type":"if","locations":[{"start":{"line":602,"column":8},"end":{"line":609,"column":9}}]},"53":{"loc":{"start":{"line":605,"column":16},"end":{"line":605,"column":82}},"type":"if","locations":[{"start":{"line":605,"column":16},"end":{"line":605,"column":82}}]},"54":{"loc":{"start":{"line":656,"column":12},"end":{"line":666,"column":13}},"type":"if","locations":[{"start":{"line":656,"column":12},"end":{"line":666,"column":13}}]},"55":{"loc":{"start":{"line":658,"column":37},"end":{"line":658,"column":58}},"type":"binary-expr","locations":[{"start":{"line":658,"column":37},"end":{"line":658,"column":52}},{"start":{"line":658,"column":56},"end":{"line":658,"column":58}}]},"56":{"loc":{"start":{"line":659,"column":20},"end":{"line":664,"column":21}},"type":"if","locations":[{"start":{"line":659,"column":20},"end":{"line":664,"column":21}}]},"57":{"loc":{"start":{"line":693,"column":8},"end":{"line":695,"column":9}},"type":"if","locations":[{"start":{"line":693,"column":8},"end":{"line":695,"column":9}}]},"58":{"loc":{"start":{"line":693,"column":12},"end":{"line":693,"column":55}},"type":"binary-expr","locations":[{"start":{"line":693,"column":12},"end":{"line":693,"column":44}},{"start":{"line":693,"column":48},"end":{"line":693,"column":55}}]},"59":{"loc":{"start":{"line":700,"column":8},"end":{"line":706,"column":9}},"type":"if","locations":[{"start":{"line":700,"column":8},"end":{"line":706,"column":9}}]},"60":{"loc":{"start":{"line":711,"column":8},"end":{"line":720,"column":9}},"type":"if","locations":[{"start":{"line":711,"column":8},"end":{"line":720,"column":9}}]},"61":{"loc":{"start":{"line":713,"column":16},"end":{"line":718,"column":17}},"type":"if","locations":[{"start":{"line":713,"column":16},"end":{"line":718,"column":17}}]},"62":{"loc":{"start":{"line":725,"column":8},"end":{"line":729,"column":9}},"type":"if","locations":[{"start":{"line":725,"column":8},"end":{"line":729,"column":9}}]},"63":{"loc":{"start":{"line":741,"column":16},"end":{"line":744,"column":17}},"type":"if","locations":[{"start":{"line":741,"column":16},"end":{"line":744,"column":17}}]},"64":{"loc":{"start":{"line":746,"column":16},"end":{"line":749,"column":17}},"type":"if","locations":[{"start":{"line":746,"column":16},"end":{"line":749,"column":17}}]},"65":{"loc":{"start":{"line":756,"column":20},"end":{"line":762,"column":21}},"type":"if","locations":[{"start":{"line":756,"column":20},"end":{"line":762,"column":21}},{"start":{"line":758,"column":27},"end":{"line":762,"column":21}}]},"66":{"loc":{"start":{"line":758,"column":27},"end":{"line":762,"column":21}},"type":"if","locations":[{"start":{"line":758,"column":27},"end":{"line":762,"column":21}},{"start":{"line":760,"column":27},"end":{"line":762,"column":21}}]},"67":{"loc":{"start":{"line":775,"column":19},"end":{"line":775,"column":37}},"type":"binary-expr","locations":[{"start":{"line":775,"column":19},"end":{"line":775,"column":31}},{"start":{"line":775,"column":35},"end":{"line":775,"column":37}}]},"68":{"loc":{"start":{"line":804,"column":8},"end":{"line":806,"column":9}},"type":"if","locations":[{"start":{"line":804,"column":8},"end":{"line":806,"column":9}}]},"69":{"loc":{"start":{"line":828,"column":8},"end":{"line":830,"column":9}},"type":"if","locations":[{"start":{"line":828,"column":8},"end":{"line":830,"column":9}}]},"70":{"loc":{"start":{"line":837,"column":8},"end":{"line":846,"column":9}},"type":"if","locations":[{"start":{"line":837,"column":8},"end":{"line":846,"column":9}}]},"71":{"loc":{"start":{"line":848,"column":8},"end":{"line":856,"column":9}},"type":"if","locations":[{"start":{"line":848,"column":8},"end":{"line":856,"column":9}}]},"72":{"loc":{"start":{"line":870,"column":8},"end":{"line":873,"column":9}},"type":"if","locations":[{"start":{"line":870,"column":8},"end":{"line":873,"column":9}}]},"73":{"loc":{"start":{"line":875,"column":8},"end":{"line":879,"column":9}},"type":"if","locations":[{"start":{"line":875,"column":8},"end":{"line":879,"column":9}},{"start":{"line":877,"column":15},"end":{"line":879,"column":9}}]},"74":{"loc":{"start":{"line":875,"column":12},"end":{"line":875,"column":82}},"type":"binary-expr","locations":[{"start":{"line":875,"column":13},"end":{"line":875,"column":31}},{"start":{"line":875,"column":35},"end":{"line":875,"column":60}},{"start":{"line":875,"column":65},"end":{"line":875,"column":82}}]},"75":{"loc":{"start":{"line":884,"column":8},"end":{"line":887,"column":9}},"type":"if","locations":[{"start":{"line":884,"column":8},"end":{"line":887,"column":9}}]},"76":{"loc":{"start":{"line":889,"column":8},"end":{"line":898,"column":9}},"type":"if","locations":[{"start":{"line":889,"column":8},"end":{"line":898,"column":9}}]}},"s":{"0":0,"1":0,"2":0,"3":0,"4":0,"5":0,"6":0,"7":0,"8":0,"9":0,"10":0,"11":0,"12":0,"13":0,"14":0,"15":0,"16":0,"17":0,"18":0,"19":0,"20":0,"21":0,"22":0,"23":0,"24":0,"25":0,"26":0,"27":0,"28":0,"29":0,"30":0,"31":0,"32":0,"33":0,"34":0,"35":0,"36":0,"37":0,"38":0,"39":0,"40":0,"41":0,"42":0,"43":0,"44":0,"45":0,"46":0,"47":0,"48":0,"49":0,"50":0,"51":0,"52":0,"53":0,"54":0,"55":0,"56":0,"57":0,"58":0,"59":0,"60":0,"61":0,"62":0,"63":0,"64":0,"65":0,"66":0,"67":0,"68":0,"69":0,"70":0,"71":0,"72":0,"73":0,"74":0,"75":0,"76":0,"77":0,"78":0,"79":0,"80":0,"81":0,"82":0,"83":0,"84":0,"85":0,"86":0,"87":0,"88":0,"89":0,"90":0,"91":0,"92":0,"93":0,"94":0,"95":0,"96":0,"97":0,"98":0,"99":0,"100":0,"101":0,"102":0,"103":0,"104":0,"105":0,"106":0,"107":0,"108":0,"109":0,"110":0,"111":0,"112":0,"113":0,"114":0,"115":0,"116":0,"117":0,"118":0,"119":0,"120":0,"121":0,"122":0,"123":0,"124":0,"125":0,"126":0,"127":0,"128":0,"129":0,"130":0,"131":0,"132":0,"133":0,"134":0,"135":0,"136":0,"137":0,"138":0,"139":0,"140":0,"141":0,"142":0,"143":0,"144":0,"145":0,"146":0,"147":0,"148":0,"149":0,"150":0,"151":0,"152":0,"153":0,"154":0,"155":0,"156":0,"157":0,"158":0,"159":0,"160":0,"161":0,"162":0,"163":0,"164":0,"165":0,"166":0,"167":0,"168":0,"169":0,"170":0,"171":0,"172":0,"173":0,"174":0,"175":0,"176":0,"177":0,"178":0,"179":0,"180":0,"181":0,"182":0,"183":0,"184":0,"185":0,"186":0,"187":0,"188":0,"189":0,"190":0,"191":0,"192":0,"193":0,"194":0,"195":0,"196":0,"197":0,"198":0,"199":0,"200":0,"201":0,"202":0,"203":0,"204":0,"205":0,"206":0,"207":0,"208":0,"209":0,"210":0,"211":0,"212":0,"213":0,"214":0,"215":0,"216":0,"217":0,"218":0,"219":0,"220":0,"221":0,"222":0,"223":0,"224":0,"225":0,"226":0,"227":0,"228":0,"229":0,"230":0,"231":0,"232":0,"233":0,"234":0,"235":0,"236":0,"237":0,"238":0,"239":0,"240":0,"241":0,"242":0,"243":0,"244":0,"245":0,"246":0,"247":0,"248":0,"249":0,"250":0,"251":0,"252":0,"253":0,"254":0,"255":0,"256":0,"257":0,"258":0,"259":0,"260":0,"261":0,"262":0,"263":0,"264":0,"265":0,"266":0,"267":0,"268":0,"269":0,"270":0,"271":0,"272":0,"273":0,"274":0,"275":0,"276":0,"277":0,"278":0,"279":0,"280":0,"281":0,"282":0,"283":0,"284":0,"285":0,"286":0,"287":0,"288":0,"289":0,"290":0,"291":0,"292":0,"293":0,"294":0,"295":0,"296":0,"297":0,"298":0,"299":0,"300":0,"301":0,"302":0,"303":0,"304":0,"305":0,"306":0,"307":0,"308":0,"309":0,"310":0,"311":0,"312":0,"313":0,"314":0,"315":0,"316":0,"317":0,"318":0,"319":0,"320":0,"321":0,"322":0,"323":0,"324":0,"325":0,"326":0,"327":0,"328":0,"329":0,"330":0,"331":0,"332":0,"333":0,"334":0,"335":0,"336":0,"337":0,"338":0,"339":0,"340":0,"341":0,"342":0,"343":0,"344":0,"345":0,"346":0,"347":0,"348":0,"349":0,"350":0,"351":0,"352":0,"353":0,"354":0,"355":0,"356":0,"357":0,"358":0,"359":0,"360":0,"361":0},"f":{"0":0,"1":0,"2":0,"3":0,"4":0,"5":0,"6":0,"7":0,"8":0,"9":0,"10":0,"11":0,"12":0,"13":0,"14":0,"15":0,"16":0,"17":0,"18":0,"19":0,"20":0,"21":0,"22":0,"23":0,"24":0,"25":0,"26":0,"27":0,"28":0,"29":0,"30":0,"31":0,"32":0,"33":0,"34":0,"35":0,"36":0,"37":0,"38":0,"39":0,"40":0,"41":0,"42":0,"43":0,"44":0,"45":0,"46":0,"47":0,"48":0,"49":0,"50":0,"51":0,"52":0,"53":0,"54":0,"55":0},"b":{"0":[0,0,0,0,0,0],"1":[0],"2":[0,0],"3":[0,0],"4":[0,0],"5":[0,0],"6":[0,0],"7":[0,0],"8":[0],"9":[0,0],"10":[0,0],"11":[0],"12":[0,0],"13":[0,0],"14":[0,0],"15":[0,0],"16":[0,0],"17":[0,0],"18":[0],"19":[0,0],"20":[0,0],"21":[0,0],"22":[0,0],"23":[0,0],"24":[0,0],"25":[0,0],"26":[0,0],"27":[0,0],"28":[0,0],"29":[0],"30":[0,0],"31":[0,0],"32":[0,0],"33":[0,0],"34":[0],"35":[0,0],"36":[0],"37":[0],"38":[0],"39":[0],"40":[0],"41":[0,0],"42":[0],"43":[0],"44":[0],"45":[0,0],"46":[0],"47":[0,0],"48":[0],"49":[0,0],"50":[0],"51":[0],"52":[0],"53":[0],"54":[0],"55":[0,0],"56":[0],"57":[0],"58":[0,0],"59":[0],"60":[0],"61":[0],"62":[0],"63":[0],"64":[0],"65":[0,0],"66":[0,0],"67":[0,0],"68":[0],"69":[0],"70":[0],"71":[0],"72":[0],"73":[0,0],"74":[0,0,0],"75":[0],"76":[0]}}
,"/mnt/d/github/github_tktomaru/PostProApiTester/src/collectionManager.ts": {"path":"/mnt/d/github/github_tktomaru/PostProApiTester/src/collectionManager.ts","statementMap":{"0":{"start":{"line":30,"column":0},"end":{"line":30,"column":7}},"1":{"start":{"line":57,"column":0},"end":{"line":57,"column":7}},"2":{"start":{"line":86,"column":0},"end":{"line":86,"column":7}},"3":{"start":{"line":121,"column":0},"end":{"line":121,"column":7}},"4":{"start":{"line":142,"column":0},"end":{"line":142,"column":7}},"5":{"start":{"line":163,"column":0},"end":{"line":163,"column":16}},"6":{"start":{"line":230,"column":0},"end":{"line":230,"column":16}},"7":{"start":{"line":389,"column":0},"end":{"line":389,"column":16}},"8":{"start":{"line":6,"column":0},"end":{"line":6,"column":null}},"9":{"start":{"line":14,"column":0},"end":{"line":14,"column":50}},"10":{"start":{"line":15,"column":0},"end":{"line":15,"column":64}},"11":{"start":{"line":16,"column":0},"end":{"line":16,"column":81}},"12":{"start":{"line":17,"column":0},"end":{"line":17,"column":57}},"13":{"start":{"line":18,"column":0},"end":{"line":18,"column":57}},"14":{"start":{"line":31,"column":4},"end":{"line":50,"column":5}},"15":{"start":{"line":32,"column":23},"end":{"line":32,"column":70}},"16":{"start":{"line":33,"column":8},"end":{"line":40,"column":9}},"17":{"start":{"line":35,"column":12},"end":{"line":35,"column":88}},"18":{"start":{"line":36,"column":12},"end":{"line":36,"column":79}},"19":{"start":{"line":39,"column":12},"end":{"line":39,"column":89}},"20":{"start":{"line":43,"column":8},"end":{"line":43,"column":32}},"21":{"start":{"line":44,"column":8},"end":{"line":44,"column":30}},"22":{"start":{"line":47,"column":8},"end":{"line":47,"column":38}},"23":{"start":{"line":49,"column":8},"end":{"line":49,"column":64}},"24":{"start":{"line":58,"column":4},"end":{"line":58,"column":43}},"25":{"start":{"line":59,"column":4},"end":{"line":59,"column":43}},"26":{"start":{"line":62,"column":4},"end":{"line":65,"column":7}},"27":{"start":{"line":63,"column":24},"end":{"line":63,"column":43}},"28":{"start":{"line":64,"column":8},"end":{"line":64,"column":79}},"29":{"start":{"line":68,"column":32},"end":{"line":68,"column":99}},"30":{"start":{"line":69,"column":4},"end":{"line":72,"column":5}},"31":{"start":{"line":70,"column":8},"end":{"line":70,"column":49}},"32":{"start":{"line":71,"column":8},"end":{"line":71,"column":38}},"33":{"start":{"line":79,"column":4},"end":{"line":79,"column":74}},"34":{"start":{"line":87,"column":23},"end":{"line":87,"column":73}},"35":{"start":{"line":87,"column":51},"end":{"line":87,"column":72}},"36":{"start":{"line":88,"column":4},"end":{"line":88,"column":28}},"37":{"start":{"line":88,"column":21},"end":{"line":88,"column":28}},"38":{"start":{"line":90,"column":17},"end":{"line":90,"column":43}},"39":{"start":{"line":91,"column":4},"end":{"line":91,"column":22}},"40":{"start":{"line":91,"column":15},"end":{"line":91,"column":22}},"41":{"start":{"line":93,"column":36},"end":{"line":104,"column":6}},"42":{"start":{"line":106,"column":4},"end":{"line":106,"column":41}},"43":{"start":{"line":107,"column":4},"end":{"line":107,"column":37}},"44":{"start":{"line":110,"column":4},"end":{"line":110,"column":28}},"45":{"start":{"line":113,"column":4},"end":{"line":113,"column":38}},"46":{"start":{"line":114,"column":4},"end":{"line":114,"column":38}},"47":{"start":{"line":122,"column":23},"end":{"line":122,"column":72}},"48":{"start":{"line":122,"column":51},"end":{"line":122,"column":71}},"49":{"start":{"line":123,"column":4},"end":{"line":123,"column":90}},"50":{"start":{"line":123,"column":83},"end":{"line":123,"column":90}},"51":{"start":{"line":125,"column":20},"end":{"line":125,"column":53}},"52":{"start":{"line":126,"column":20},"end":{"line":126,"column":62}},"53":{"start":{"line":128,"column":4},"end":{"line":132,"column":5}},"54":{"start":{"line":129,"column":8},"end":{"line":129,"column":31}},"55":{"start":{"line":130,"column":8},"end":{"line":130,"column":41}},"56":{"start":{"line":131,"column":8},"end":{"line":131,"column":39}},"57":{"start":{"line":134,"column":4},"end":{"line":134,"column":28}},"58":{"start":{"line":144,"column":23},"end":{"line":144,"column":94}},"59":{"start":{"line":144,"column":51},"end":{"line":144,"column":93}},"60":{"start":{"line":144,"column":73},"end":{"line":144,"column":92}},"61":{"start":{"line":145,"column":4},"end":{"line":156,"column":5}},"62":{"start":{"line":146,"column":8},"end":{"line":146,"column":46}},"63":{"start":{"line":149,"column":30},"end":{"line":149,"column":80}},"64":{"start":{"line":149,"column":60},"end":{"line":149,"column":79}},"65":{"start":{"line":150,"column":8},"end":{"line":155,"column":9}},"66":{"start":{"line":151,"column":12},"end":{"line":151,"column":71}},"67":{"start":{"line":152,"column":12},"end":{"line":152,"column":49}},"68":{"start":{"line":153,"column":12},"end":{"line":153,"column":58}},"69":{"start":{"line":154,"column":12},"end":{"line":154,"column":19}},"70":{"start":{"line":159,"column":4},"end":{"line":159,"column":35}},"71":{"start":{"line":160,"column":4},"end":{"line":160,"column":50}},"72":{"start":{"line":164,"column":17},"end":{"line":164,"column":49}},"73":{"start":{"line":165,"column":4},"end":{"line":165,"column":22}},"74":{"start":{"line":165,"column":15},"end":{"line":165,"column":22}},"75":{"start":{"line":167,"column":35},"end":{"line":171,"column":6}},"76":{"start":{"line":173,"column":4},"end":{"line":173,"column":39}},"77":{"start":{"line":174,"column":4},"end":{"line":174,"column":65}},"78":{"start":{"line":175,"column":4},"end":{"line":175,"column":28}},"79":{"start":{"line":176,"column":4},"end":{"line":176,"column":34}},"80":{"start":{"line":178,"column":4},"end":{"line":178,"column":47}},"81":{"start":{"line":186,"column":4},"end":{"line":188,"column":5}},"82":{"start":{"line":187,"column":8},"end":{"line":187,"column":15}},"83":{"start":{"line":191,"column":16},"end":{"line":191,"column":74}},"84":{"start":{"line":191,"column":51},"end":{"line":191,"column":73}},"85":{"start":{"line":192,"column":4},"end":{"line":192,"column":27}},"86":{"start":{"line":192,"column":20},"end":{"line":192,"column":27}},"87":{"start":{"line":194,"column":4},"end":{"line":194,"column":37}},"88":{"start":{"line":195,"column":4},"end":{"line":195,"column":37}},"89":{"start":{"line":198,"column":4},"end":{"line":201,"column":5}},"90":{"start":{"line":199,"column":8},"end":{"line":199,"column":39}},"91":{"start":{"line":200,"column":8},"end":{"line":200,"column":47}},"92":{"start":{"line":204,"column":4},"end":{"line":204,"column":28}},"93":{"start":{"line":205,"column":4},"end":{"line":205,"column":33}},"94":{"start":{"line":213,"column":4},"end":{"line":213,"column":47}},"95":{"start":{"line":213,"column":40},"end":{"line":213,"column":47}},"96":{"start":{"line":215,"column":16},"end":{"line":215,"column":65}},"97":{"start":{"line":215,"column":44},"end":{"line":215,"column":64}},"98":{"start":{"line":216,"column":4},"end":{"line":216,"column":85}},"99":{"start":{"line":216,"column":57},"end":{"line":216,"column":75}},"100":{"start":{"line":216,"column":78},"end":{"line":216,"column":85}},"101":{"start":{"line":218,"column":4},"end":{"line":218,"column":64}},"102":{"start":{"line":218,"column":44},"end":{"line":218,"column":62}},"103":{"start":{"line":219,"column":4},"end":{"line":219,"column":37}},"104":{"start":{"line":222,"column":4},"end":{"line":222,"column":28}},"105":{"start":{"line":223,"column":4},"end":{"line":223,"column":32}},"106":{"start":{"line":231,"column":22},"end":{"line":231,"column":64}},"107":{"start":{"line":232,"column":4},"end":{"line":232,"column":27}},"108":{"start":{"line":232,"column":20},"end":{"line":232,"column":27}},"109":{"start":{"line":234,"column":4},"end":{"line":234,"column":29}},"110":{"start":{"line":236,"column":4},"end":{"line":382,"column":7}},"111":{"start":{"line":238,"column":23},"end":{"line":238,"column":52}},"112":{"start":{"line":239,"column":8},"end":{"line":239,"column":45}},"113":{"start":{"line":240,"column":8},"end":{"line":240,"column":35}},"114":{"start":{"line":243,"column":27},"end":{"line":243,"column":57}},"115":{"start":{"line":244,"column":8},"end":{"line":244,"column":45}},"116":{"start":{"line":245,"column":8},"end":{"line":245,"column":37}},"117":{"start":{"line":246,"column":8},"end":{"line":246,"column":39}},"118":{"start":{"line":249,"column":27},"end":{"line":249,"column":57}},"119":{"start":{"line":250,"column":8},"end":{"line":250,"column":49}},"120":{"start":{"line":251,"column":8},"end":{"line":251,"column":38}},"121":{"start":{"line":252,"column":8},"end":{"line":252,"column":39}},"122":{"start":{"line":255,"column":25},"end":{"line":255,"column":55}},"123":{"start":{"line":256,"column":8},"end":{"line":256,"column":47}},"124":{"start":{"line":257,"column":8},"end":{"line":257,"column":40}},"125":{"start":{"line":258,"column":8},"end":{"line":258,"column":37}},"126":{"start":{"line":261,"column":24},"end":{"line":261,"column":54}},"127":{"start":{"line":262,"column":8},"end":{"line":262,"column":39}},"128":{"start":{"line":263,"column":8},"end":{"line":263,"column":34}},"129":{"start":{"line":264,"column":8},"end":{"line":279,"column":11}},"130":{"start":{"line":265,"column":12},"end":{"line":265,"column":32}},"131":{"start":{"line":266,"column":25},"end":{"line":266,"column":56}},"132":{"start":{"line":267,"column":12},"end":{"line":278,"column":15}},"133":{"start":{"line":271,"column":34},"end":{"line":271,"column":64}},"134":{"start":{"line":276,"column":34},"end":{"line":276,"column":58}},"135":{"start":{"line":280,"column":8},"end":{"line":280,"column":36}},"136":{"start":{"line":282,"column":8},"end":{"line":282,"column":38}},"137":{"start":{"line":285,"column":19},"end":{"line":285,"column":47}},"138":{"start":{"line":286,"column":8},"end":{"line":286,"column":38}},"139":{"start":{"line":287,"column":27},"end":{"line":287,"column":87}},"140":{"start":{"line":288,"column":8},"end":{"line":288,"column":57}},"141":{"start":{"line":289,"column":8},"end":{"line":291,"column":9}},"142":{"start":{"line":290,"column":12},"end":{"line":290,"column":41}},"143":{"start":{"line":293,"column":8},"end":{"line":348,"column":9}},"144":{"start":{"line":294,"column":12},"end":{"line":341,"column":15}},"145":{"start":{"line":295,"column":27},"end":{"line":295,"column":55}},"146":{"start":{"line":296,"column":16},"end":{"line":296,"column":46}},"147":{"start":{"line":297,"column":16},"end":{"line":301,"column":18}},"148":{"start":{"line":304,"column":16},"end":{"line":309,"column":19}},"149":{"start":{"line":305,"column":20},"end":{"line":308,"column":21}},"150":{"start":{"line":306,"column":24},"end":{"line":306,"column":44}},"151":{"start":{"line":307,"column":24},"end":{"line":307,"column":51}},"152":{"start":{"line":312,"column":35},"end":{"line":312,"column":64}},"153":{"start":{"line":313,"column":16},"end":{"line":338,"column":19}},"154":{"start":{"line":314,"column":20},"end":{"line":314,"column":40}},"155":{"start":{"line":315,"column":34},"end":{"line":315,"column":82}},"156":{"start":{"line":316,"column":20},"end":{"line":337,"column":23}},"157":{"start":{"line":320,"column":42},"end":{"line":320,"column":66}},"158":{"start":{"line":325,"column":42},"end":{"line":325,"column":80}},"159":{"start":{"line":330,"column":42},"end":{"line":330,"column":67}},"160":{"start":{"line":335,"column":42},"end":{"line":335,"column":85}},"161":{"start":{"line":340,"column":16},"end":{"line":340,"column":35}},"162":{"start":{"line":344,"column":23},"end":{"line":344,"column":51}},"163":{"start":{"line":345,"column":12},"end":{"line":345,"column":56}},"164":{"start":{"line":346,"column":12},"end":{"line":346,"column":43}},"165":{"start":{"line":347,"column":12},"end":{"line":347,"column":31}},"166":{"start":{"line":350,"column":8},"end":{"line":350,"column":34}},"167":{"start":{"line":353,"column":8},"end":{"line":381,"column":11}},"168":{"start":{"line":354,"column":12},"end":{"line":380,"column":13}},"169":{"start":{"line":355,"column":16},"end":{"line":355,"column":43}},"170":{"start":{"line":356,"column":16},"end":{"line":356,"column":45}},"171":{"start":{"line":358,"column":16},"end":{"line":358,"column":68}},"172":{"start":{"line":359,"column":16},"end":{"line":359,"column":50}},"173":{"start":{"line":362,"column":16},"end":{"line":365,"column":19}},"174":{"start":{"line":363,"column":36},"end":{"line":363,"column":55}},"175":{"start":{"line":364,"column":20},"end":{"line":364,"column":85}},"176":{"start":{"line":366,"column":16},"end":{"line":366,"column":49}},"177":{"start":{"line":367,"column":16},"end":{"line":367,"column":49}},"178":{"start":{"line":369,"column":44},"end":{"line":369,"column":111}},"179":{"start":{"line":370,"column":16},"end":{"line":373,"column":17}},"180":{"start":{"line":371,"column":20},"end":{"line":371,"column":55}},"181":{"start":{"line":372,"column":20},"end":{"line":372,"column":50}},"182":{"start":{"line":375,"column":16},"end":{"line":375,"column":42}},"183":{"start":{"line":376,"column":16},"end":{"line":376,"column":45}},"184":{"start":{"line":378,"column":16},"end":{"line":378,"column":71}},"185":{"start":{"line":379,"column":16},"end":{"line":379,"column":50}},"186":{"start":{"line":390,"column":22},"end":{"line":390,"column":62}},"187":{"start":{"line":391,"column":4},"end":{"line":391,"column":27}},"188":{"start":{"line":391,"column":20},"end":{"line":391,"column":27}},"189":{"start":{"line":393,"column":4},"end":{"line":393,"column":29}},"190":{"start":{"line":395,"column":4},"end":{"line":539,"column":7}},"191":{"start":{"line":397,"column":28},"end":{"line":397,"column":57}},"192":{"start":{"line":398,"column":8},"end":{"line":398,"column":48}},"193":{"start":{"line":399,"column":8},"end":{"line":399,"column":45}},"194":{"start":{"line":402,"column":27},"end":{"line":402,"column":57}},"195":{"start":{"line":403,"column":8},"end":{"line":403,"column":45}},"196":{"start":{"line":404,"column":8},"end":{"line":404,"column":37}},"197":{"start":{"line":405,"column":8},"end":{"line":405,"column":44}},"198":{"start":{"line":408,"column":29},"end":{"line":408,"column":59}},"199":{"start":{"line":409,"column":8},"end":{"line":409,"column":49}},"200":{"start":{"line":410,"column":8},"end":{"line":410,"column":40}},"201":{"start":{"line":411,"column":8},"end":{"line":411,"column":46}},"202":{"start":{"line":414,"column":25},"end":{"line":414,"column":55}},"203":{"start":{"line":415,"column":8},"end":{"line":415,"column":45}},"204":{"start":{"line":416,"column":8},"end":{"line":416,"column":45}},"205":{"start":{"line":417,"column":8},"end":{"line":417,"column":42}},"206":{"start":{"line":420,"column":24},"end":{"line":420,"column":54}},"207":{"start":{"line":421,"column":8},"end":{"line":421,"column":39}},"208":{"start":{"line":422,"column":8},"end":{"line":422,"column":34}},"209":{"start":{"line":423,"column":8},"end":{"line":442,"column":11}},"210":{"start":{"line":424,"column":12},"end":{"line":424,"column":32}},"211":{"start":{"line":425,"column":25},"end":{"line":425,"column":56}},"212":{"start":{"line":426,"column":12},"end":{"line":441,"column":15}},"213":{"start":{"line":431,"column":24},"end":{"line":431,"column":60}},"214":{"start":{"line":432,"column":24},"end":{"line":432,"column":55}},"215":{"start":{"line":433,"column":24},"end":{"line":433,"column":51}},"216":{"start":{"line":439,"column":34},"end":{"line":439,"column":61}},"217":{"start":{"line":443,"column":8},"end":{"line":443,"column":41}},"218":{"start":{"line":445,"column":8},"end":{"line":445,"column":43}},"219":{"start":{"line":448,"column":19},"end":{"line":448,"column":47}},"220":{"start":{"line":449,"column":8},"end":{"line":449,"column":38}},"221":{"start":{"line":450,"column":27},"end":{"line":450,"column":90}},"222":{"start":{"line":451,"column":8},"end":{"line":451,"column":57}},"223":{"start":{"line":452,"column":8},"end":{"line":454,"column":9}},"224":{"start":{"line":453,"column":12},"end":{"line":453,"column":41}},"225":{"start":{"line":456,"column":8},"end":{"line":511,"column":9}},"226":{"start":{"line":457,"column":12},"end":{"line":504,"column":15}},"227":{"start":{"line":458,"column":27},"end":{"line":458,"column":55}},"228":{"start":{"line":459,"column":16},"end":{"line":459,"column":46}},"229":{"start":{"line":460,"column":16},"end":{"line":464,"column":18}},"230":{"start":{"line":467,"column":16},"end":{"line":472,"column":19}},"231":{"start":{"line":468,"column":20},"end":{"line":471,"column":21}},"232":{"start":{"line":469,"column":24},"end":{"line":469,"column":44}},"233":{"start":{"line":470,"column":24},"end":{"line":470,"column":62}},"234":{"start":{"line":475,"column":35},"end":{"line":475,"column":64}},"235":{"start":{"line":476,"column":16},"end":{"line":501,"column":19}},"236":{"start":{"line":477,"column":20},"end":{"line":477,"column":40}},"237":{"start":{"line":478,"column":34},"end":{"line":478,"column":82}},"238":{"start":{"line":479,"column":20},"end":{"line":500,"column":23}},"239":{"start":{"line":483,"column":42},"end":{"line":483,"column":83}},"240":{"start":{"line":488,"column":42},"end":{"line":488,"column":83}},"241":{"start":{"line":493,"column":42},"end":{"line":493,"column":79}},"242":{"start":{"line":498,"column":42},"end":{"line":498,"column":88}},"243":{"start":{"line":503,"column":16},"end":{"line":503,"column":35}},"244":{"start":{"line":507,"column":23},"end":{"line":507,"column":51}},"245":{"start":{"line":508,"column":12},"end":{"line":508,"column":56}},"246":{"start":{"line":509,"column":12},"end":{"line":509,"column":43}},"247":{"start":{"line":510,"column":12},"end":{"line":510,"column":31}},"248":{"start":{"line":513,"column":8},"end":{"line":513,"column":34}},"249":{"start":{"line":516,"column":8},"end":{"line":538,"column":11}},"250":{"start":{"line":517,"column":12},"end":{"line":537,"column":13}},"251":{"start":{"line":518,"column":16},"end":{"line":518,"column":43}},"252":{"start":{"line":519,"column":16},"end":{"line":519,"column":45}},"253":{"start":{"line":521,"column":16},"end":{"line":521,"column":71}},"254":{"start":{"line":522,"column":16},"end":{"line":522,"column":50}},"255":{"start":{"line":525,"column":16},"end":{"line":528,"column":19}},"256":{"start":{"line":526,"column":36},"end":{"line":526,"column":55}},"257":{"start":{"line":527,"column":20},"end":{"line":527,"column":90}},"258":{"start":{"line":529,"column":16},"end":{"line":529,"column":52}},"259":{"start":{"line":530,"column":16},"end":{"line":530,"column":47}},"260":{"start":{"line":532,"column":16},"end":{"line":532,"column":42}},"261":{"start":{"line":533,"column":16},"end":{"line":533,"column":45}},"262":{"start":{"line":535,"column":16},"end":{"line":535,"column":74}},"263":{"start":{"line":536,"column":16},"end":{"line":536,"column":50}},"264":{"start":{"line":548,"column":4},"end":{"line":548,"column":39}},"265":{"start":{"line":549,"column":4},"end":{"line":549,"column":41}},"266":{"start":{"line":552,"column":21},"end":{"line":552,"column":67}},"267":{"start":{"line":552,"column":47},"end":{"line":552,"column":66}},"268":{"start":{"line":553,"column":4},"end":{"line":561,"column":5}},"269":{"start":{"line":554,"column":30},"end":{"line":554,"column":78}},"270":{"start":{"line":554,"column":58},"end":{"line":554,"column":77}},"271":{"start":{"line":555,"column":8},"end":{"line":560,"column":9}},"272":{"start":{"line":556,"column":12},"end":{"line":556,"column":80}},"273":{"start":{"line":557,"column":12},"end":{"line":557,"column":49}},"274":{"start":{"line":558,"column":12},"end":{"line":558,"column":56}},"275":{"start":{"line":559,"column":12},"end":{"line":559,"column":19}},"276":{"start":{"line":564,"column":4},"end":{"line":564,"column":35}},"277":{"start":{"line":565,"column":4},"end":{"line":565,"column":48}},"278":{"start":{"line":573,"column":4},"end":{"line":575,"column":5}},"279":{"start":{"line":574,"column":8},"end":{"line":574,"column":15}},"280":{"start":{"line":578,"column":16},"end":{"line":578,"column":80}},"281":{"start":{"line":578,"column":54},"end":{"line":578,"column":79}},"282":{"start":{"line":579,"colum
[...]
ype":"switch","locations":[{"start":{"line":469,"column":8},"end":{"line":470,"column":58}},{"start":{"line":471,"column":8},"end":{"line":472,"column":63}},{"start":{"line":473,"column":8},"end":{"line":475,"column":169}}]},"54":{"loc":{"start":{"line":475,"column":19},"end":{"line":475,"column":168}},"type":"binary-expr","locations":[{"start":{"line":475,"column":19},"end":{"line":475,"column":39}},{"start":{"line":475,"column":44},"end":{"line":475,"column":100}},{"start":{"line":475,"column":104},"end":{"line":475,"column":168}}]},"55":{"loc":{"start":{"line":485,"column":4},"end":{"line":515,"column":5}},"type":"switch","locations":[{"start":{"line":486,"column":8},"end":{"line":489,"column":18}},{"start":{"line":490,"column":8},"end":{"line":499,"column":18}},{"start":{"line":500,"column":8},"end":{"line":514,"column":18}}]},"56":{"loc":{"start":{"line":491,"column":12},"end":{"line":494,"column":13}},"type":"if","locations":[{"start":{"line":491,"column":12},"end":{"line":494,"column":13}}]},"57":{"loc":{"start":{"line":502,"column":12},"end":{"line":505,"column":13}},"type":"if","locations":[{"start":{"line":502,"column":12},"end":{"line":505,"column":13}}]},"58":{"loc":{"start":{"line":506,"column":12},"end":{"line":508,"column":13}},"type":"if","locations":[{"start":{"line":506,"column":12},"end":{"line":508,"column":13}}]},"59":{"loc":{"start":{"line":525,"column":4},"end":{"line":544,"column":5}},"type":"switch","locations":[{"start":{"line":526,"column":8},"end":{"line":530,"column":18}},{"start":{"line":531,"column":8},"end":{"line":536,"column":18}},{"start":{"line":537,"column":8},"end":{"line":543,"column":18}}]},"60":{"loc":{"start":{"line":532,"column":12},"end":{"line":532,"column":50}},"type":"if","locations":[{"start":{"line":532,"column":12},"end":{"line":532,"column":50}}]},"61":{"loc":{"start":{"line":539,"column":12},"end":{"line":539,"column":46}},"type":"if","locations":[{"start":{"line":539,"column":12},"end":{"line":539,"column":46}}]},"62":{"loc":{"start":{"line":551,"column":4},"end":{"line":554,"column":5}},"type":"if","locations":[{"start":{"line":551,"column":4},"end":{"line":554,"column":5}}]},"63":{"loc":{"start":{"line":551,"column":8},"end":{"line":551,"column":60}},"type":"binary-expr","locations":[{"start":{"line":551,"column":8},"end":{"line":551,"column":31}},{"start":{"line":551,"column":35},"end":{"line":551,"column":60}}]},"64":{"loc":{"start":{"line":555,"column":4},"end":{"line":558,"column":5}},"type":"if","locations":[{"start":{"line":555,"column":4},"end":{"line":558,"column":5}}]},"65":{"loc":{"start":{"line":555,"column":8},"end":{"line":555,"column":75}},"type":"binary-expr","locations":[{"start":{"line":555,"column":8},"end":{"line":555,"column":30}},{"start":{"line":555,"column":34},"end":{"line":555,"column":75}}]},"66":{"loc":{"start":{"line":560,"column":4},"end":{"line":572,"column":5}},"type":"switch","locations":[{"start":{"line":561,"column":8},"end":{"line":563,"column":18}},{"start":{"line":564,"column":8},"end":{"line":566,"column":18}},{"start":{"line":567,"column":8},"end":{"line":569,"column":18}},{"start":{"line":570,"column":8},"end":{"line":571,"column":19}}]},"67":{"loc":{"start":{"line":573,"column":4},"end":{"line":573,"column":27}},"type":"if","locations":[{"start":{"line":573,"column":4},"end":{"line":573,"column":27}}]},"68":{"loc":{"start":{"line":576,"column":4},"end":{"line":578,"column":5}},"type":"if","locations":[{"start":{"line":576,"column":4},"end":{"line":578,"column":5}}]},"69":{"loc":{"start":{"line":589,"column":4},"end":{"line":591,"column":5}},"type":"if","locations":[{"start":{"line":589,"column":4},"end":{"line":591,"column":5}}]},"70":{"loc":{"start":{"line":602,"column":4},"end":{"line":612,"column":5}},"type":"if","locations":[{"start":{"line":602,"column":4},"end":{"line":612,"column":5}},{"start":{"line":607,"column":11},"end":{"line":612,"column":5}}]},"71":{"loc":{"start":{"line":604,"column":8},"end":{"line":604,"column":73}},"type":"if","locations":[{"start":{"line":604,"column":8},"end":{"line":604,"column":73}}]},"72":{"loc":{"start":{"line":606,"column":8},"end":{"line":606,"column":94}},"type":"if","locations":[{"start":{"line":606,"column":8},"end":{"line":606,"column":94}}]},"73":{"loc":{"start":{"line":609,"column":8},"end":{"line":609,"column":71}},"type":"if","locations":[{"start":{"line":609,"column":8},"end":{"line":609,"column":71}}]},"74":{"loc":{"start":{"line":611,"column":8},"end":{"line":611,"column":96}},"type":"if","locations":[{"start":{"line":611,"column":8},"end":{"line":611,"column":96}}]},"75":{"loc":{"start":{"line":615,"column":17},"end":{"line":617,"column":46}},"type":"cond-expr","locations":[{"start":{"line":616,"column":11},"end":{"line":616,"column":47}},{"start":{"line":617,"column":11},"end":{"line":617,"column":46}}]},"76":{"loc":{"start":{"line":618,"column":4},"end":{"line":618,"column":55}},"type":"if","locations":[{"start":{"line":618,"column":4},"end":{"line":618,"column":55}}]},"77":{"loc":{"start":{"line":626,"column":8},"end":{"line":634,"column":9}},"type":"if","locations":[{"start":{"line":626,"column":8},"end":{"line":634,"column":9}}]},"78":{"loc":{"start":{"line":626,"column":12},"end":{"line":626,"column":58}},"type":"binary-expr","locations":[{"start":{"line":626,"column":12},"end":{"line":626,"column":36}},{"start":{"line":626,"column":40},"end":{"line":626,"column":58}}]},"79":{"loc":{"start":{"line":628,"column":25},"end":{"line":628,"column":78}},"type":"cond-expr","locations":[{"start":{"line":628,"column":53},"end":{"line":628,"column":70}},{"start":{"line":628,"column":73},"end":{"line":628,"column":78}}]},"80":{"loc":{"start":{"line":630,"column":12},"end":{"line":632,"column":13}},"type":"if","locations":[{"start":{"line":630,"column":12},"end":{"line":632,"column":13}}]},"81":{"loc":{"start":{"line":630,"column":16},"end":{"line":630,"column":61}},"type":"binary-expr","locations":[{"start":{"line":630,"column":16},"end":{"line":630,"column":38}},{"start":{"line":630,"column":42},"end":{"line":630,"column":61}}]},"82":{"loc":{"start":{"line":637,"column":8},"end":{"line":645,"column":9}},"type":"if","locations":[{"start":{"line":637,"column":8},"end":{"line":645,"column":9}}]},"83":{"loc":{"start":{"line":639,"column":41},"end":{"line":639,"column":60}},"type":"binary-expr","locations":[{"start":{"line":639,"column":41},"end":{"line":639,"column":54}},{"start":{"line":639,"column":58},"end":{"line":639,"column":60}}]},"84":{"loc":{"start":{"line":641,"column":12},"end":{"line":643,"column":13}},"type":"if","locations":[{"start":{"line":641,"column":12},"end":{"line":643,"column":13}}]},"85":{"loc":{"start":{"line":648,"column":8},"end":{"line":651,"column":9}},"type":"if","locations":[{"start":{"line":648,"column":8},"end":{"line":651,"column":9}}]},"86":{"loc":{"start":{"line":655,"column":8},"end":{"line":659,"column":9}},"type":"if","locations":[{"start":{"line":655,"column":8},"end":{"line":659,"column":9}},{"start":{"line":657,"column":15},"end":{"line":659,"column":9}}]},"87":{"loc":{"start":{"line":655,"column":12},"end":{"line":655,"column":70}},"type":"binary-expr","locations":[{"start":{"line":655,"column":12},"end":{"line":655,"column":25}},{"start":{"line":655,"column":29},"end":{"line":655,"column":54}},{"start":{"line":655,"column":58},"end":{"line":655,"column":70}}]},"88":{"loc":{"start":{"line":671,"column":4},"end":{"line":701,"column":5}},"type":"if","locations":[{"start":{"line":671,"column":4},"end":{"line":701,"column":5}}]},"89":{"loc":{"start":{"line":671,"column":8},"end":{"line":671,"column":57}},"type":"binary-expr","locations":[{"start":{"line":671,"column":8},"end":{"line":671,"column":32}},{"start":{"line":671,"column":36},"end":{"line":671,"column":57}}]},"90":{"loc":{"start":{"line":680,"column":12},"end":{"line":682,"column":13}},"type":"if","locations":[{"start":{"line":680,"column":12},"end":{"line":682,"column":13}}]},"91":{"loc":{"start":{"line":685,"column":12},"end":{"line":691,"column":13}},"type":"if","locations":[{"start":{"line":685,"column":12},"end":{"line":691,"column":13}},{"start":{"line":688,"column":19},"end":{"line":691,"column":13}}]},"92":{"loc":{"start":{"line":694,"column":8},"end":{"line":696,"column":9}},"type":"if","locations":[{"start":{"line":694,"column":8},"end":{"line":696,"column":9}}]},"93":{"loc":{"start":{"line":704,"column":4},"end":{"line":719,"column":5}},"type":"if","locations":[{"start":{"line":704,"column":4},"end":{"line":719,"column":5}}]},"94":{"loc":{"start":{"line":704,"column":8},"end":{"line":704,"column":58}},"type":"binary-expr","locations":[{"start":{"line":704,"column":8},"end":{"line":704,"column":32}},{"start":{"line":704,"column":36},"end":{"line":704,"column":58}}]},"95":{"loc":{"start":{"line":706,"column":8},"end":{"line":708,"column":9}},"type":"if","locations":[{"start":{"line":706,"column":8},"end":{"line":708,"column":9}}]},"96":{"loc":{"start":{"line":709,"column":8},"end":{"line":711,"column":9}},"type":"if","locations":[{"start":{"line":709,"column":8},"end":{"line":711,"column":9}}]},"97":{"loc":{"start":{"line":712,"column":8},"end":{"line":717,"column":9}},"type":"if","locations":[{"start":{"line":712,"column":8},"end":{"line":717,"column":9}}]},"98":{"loc":{"start":{"line":713,"column":12},"end":{"line":714,"column":79}},"type":"binary-expr","locations":[{"start":{"line":713,"column":12},"end":{"line":713,"column":35}},{"start":{"line":714,"column":13},"end":{"line":714,"column":79}}]},"99":{"loc":{"start":{"line":723,"column":4},"end":{"line":725,"column":5}},"type":"if","locations":[{"start":{"line":723,"column":4},"end":{"line":725,"column":5}}]},"100":{"loc":{"start":{"line":726,"column":4},"end":{"line":728,"column":5}},"type":"if","locations":[{"start":{"line":726,"column":4},"end":{"line":728,"column":5}}]},"101":{"loc":{"start":{"line":729,"column":4},"end":{"line":734,"column":5}},"type":"if","locations":[{"start":{"line":729,"column":4},"end":{"line":734,"column":5}}]},"102":{"loc":{"start":{"line":730,"column":8},"end":{"line":731,"column":80}},"type":"binary-expr","locations":[{"start":{"line":730,"column":8},"end":{"line":730,"column":31}},{"start":{"line":731,"column":9},"end":{"line":731,"column":80}}]},"103":{"loc":{"start":{"line":741,"column":4},"end":{"line":741,"column":46}},"type":"if","locations":[{"start":{"line":741,"column":4},"end":{"line":741,"column":46}}]},"104":{"loc":{"start":{"line":750,"column":8},"end":{"line":750,"column":32}},"type":"if","locations":[{"start":{"line":750,"column":8},"end":{"line":750,"column":32}}]},"105":{"loc":{"start":{"line":761,"column":12},"end":{"line":765,"column":13}},"type":"if","locations":[{"start":{"line":761,"column":12},"end":{"line":765,"column":13}}]},"106":{"loc":{"start":{"line":767,"column":12},"end":{"line":771,"column":13}},"type":"if","locations":[{"start":{"line":767,"column":12},"end":{"line":771,"column":13}}]},"107":{"loc":{"start":{"line":773,"column":12},"end":{"line":803,"column":13}},"type":"if","locations":[{"start":{"line":773,"column":12},"end":{"line":803,"column":13}},{"start":{"line":775,"column":19},"end":{"line":803,"column":13}}]},"108":{"loc":{"start":{"line":773,"column":16},"end":{"line":773,"column":43}},"type":"binary-expr","locations":[{"start":{"line":773,"column":16},"end":{"line":773,"column":28}},{"start":{"line":773,"column":32},"end":{"line":773,"column":43}}]},"109":{"loc":{"start":{"line":775,"column":19},"end":{"line":803,"column":13}},"type":"if","locations":[{"start":{"line":775,"column":19},"end":{"line":803,"column":13}}]},"110":{"loc":{"start":{"line":776,"column":16},"end":{"line":802,"column":17}},"type":"if","locations":[{"start":{"line":776,"column":16},"end":{"line":802,"column":17}},{"start":{"line":778,"column":23},"end":{"line":802,"column":17}}]},"111":{"loc":{"start":{"line":778,"column":23},"end":{"line":802,"column":17}},"type":"if","locations":[{"start":{"line":778,"column":23},"end":{"line":802,"column":17}}]},"112":{"loc":{"start":{"line":779,"column":20},"end":{"line":801,"column":21}},"type":"if","locations":[{"start":{"line":779,"column":20},"end":{"line":801,"column":21}},{"start":{"line":799,"column":27},"end":{"line":801,"column":21}}]},"113":{"loc":{"start":{"line":784,"column":28},"end":{"line":789,"column":29}},"type":"if","locations":[{"start":{"line":784,"column":28},"end":{"line":789,"column":29}},{"start":{"line":787,"column":35},"end":{"line":789,"column":29}}]},"114":{"loc":{"start":{"line":793,"column":28},"end":{"line":795,"column":29}},"type":"if","locations":[{"start":{"line":793,"column":28},"end":{"line":795,"column":29}}]},"115":{"loc":{"start":{"line":793,"column":32},"end":{"line":793,"column":104}},"type":"binary-expr","locations":[{"start":{"line":793,"column":32},"end":{"line":793,"column":65}},{"start":{"line":793,"column":69},"end":{"line":793,"column":104}}]},"116":{"loc":{"start":{"line":807,"column":8},"end":{"line":810,"column":9}},"type":"if","locations":[{"start":{"line":807,"column":8},"end":{"line":810,"column":9}}]},"117":{"loc":{"start":{"line":817,"column":15},"end":{"line":817,"column":50}},"type":"cond-expr","locations":[{"start":{"line":817,"column":37},"end":{"line":817,"column":42}},{"start":{"line":817,"column":45},"end":{"line":817,"column":50}}]},"118":{"loc":{"start":{"line":824,"column":15},"end":{"line":824,"column":50}},"type":"cond-expr","locations":[{"start":{"line":824,"column":37},"end":{"line":824,"column":42}},{"start":{"line":824,"column":45},"end":{"line":824,"column":50}}]},"119":{"loc":{"start":{"line":831,"column":4},"end":{"line":833,"column":5}},"type":"if","locations":[{"start":{"line":831,"column":4},"end":{"line":833,"column":5}}]},"120":{"loc":{"start":{"line":834,"column":4},"end":{"line":836,"column":5}},"type":"if","locations":[{"start":{"line":834,"column":4},"end":{"line":836,"column":5}}]},"121":{"loc":{"start":{"line":837,"column":4},"end":{"line":844,"column":5}},"type":"if","locations":[{"start":{"line":837,"column":4},"end":{"line":844,"column":5}}]},"122":{"loc":{"start":{"line":837,"column":8},"end":{"line":837,"column":38}},"type":"binary-expr","locations":[{"start":{"line":837,"column":8},"end":{"line":837,"column":11}},{"start":{"line":837,"column":15},"end":{"line":837,"column":38}}]},"123":{"loc":{"start":{"line":851,"column":4},"end":{"line":869,"column":5}},"type":"switch","locations":[{"start":{"line":852,"column":8},"end":{"line":860,"column":18}},{"start":{"line":861,"column":8},"end":{"line":868,"column":18}}]},"124":{"loc":{"start":{"line":862,"column":12},"end":{"line":867,"column":13}},"type":"if","locations":[{"start":{"line":862,"column":12},"end":{"line":867,"column":13}}]}},"s":{"0":0,"1":0,"2":0,"3":0,"4":0,"5":0,"6":0,"7":0,"8":0,"9":0,"10":0,"11":0,"12":0,"13":0,"14":0,"15":0,"16":0,"17":0,"18":0,"19":0,"20":0,"21":0,"22":0,"23":0,"24":0,"25":0,"26":0,"27":0,"28":0,"29":0,"30":0,"31":0,"32":0,"33":0,"34":0,"35":0,"36":0,"37":0,"38":0,"39":0,"40":0,"41":0,"42":0,"43":0,"44":0,"45":0,"46":0,"47":0,"48":0,"49":0,"50":0,"51":0,"52":0,"53":0,"54":0,"55":0,"56":0,"57":0,"58":0,"59":0,"60":0,"61":0,"62":0,"63":0,"64":0,"65":0,"66":0,"67":0,"68":0,"69":0,"70":0,"71":0,"72":0,"73":0,"74":0,"75":0,"76":0,"77":0,"78":0,"79":0,"80":0,"81":0,"82":0,"83":0,"84":0,"85":0,"86":0,"87":0,"88":0,"89":0,"90":0,"91":0,"92":0,"93":0,"94":0,"95":0,"96":0,"97":0,"98":0,"99":0,"100":0,"101":0,"102":0,"103":0,"104":0,"105":0,"106":0,"107":0,"108":0,"109":0,"110":0,"111":0,"112":0,"113":0,"114":0,"115":0,"116":0,"117":0,"118":0,"119":0,"120":0,"121":0,"122":0,"123":0,"124":0,"125":0,"126":0,"127":0,"128":0,"129":0,"130":0,"131":0,"132":0,"133":0,"134":0,"135":0,"136":0,"137":0,"138":0,"139":0,"140":0,"141":0,"142":0,"143":0,"144":0,"145":0,"146":0,"147":0,"148":0,"149":0,"150":0,"151":0,"152":0,"153":0,"154":0,"155":0,"156":0,"157":0,"158":0,"159":0,"160":0,"161":0,"162":0,"163":0,"164":0,"165":0,"166":0,"167":0,"168":0,"169":0,"170":0,"171":0,"172":0,"173":0,"174":0,"175":0,"176":0,"177":0,"178":0,"179":0,"180":0,"181":0,"182":0,"183":0,"184":0,"185":0,"186":0,"187":0,"188":0,"189":0,"190":0,"191":0,"192":0,"193":0,"194":0,"195":0,"196":0,"197":0,"198":0,"199":0,"200":0,"201":0,"202":0,"203":0,"204":0,"205":0,"206":0,"207":0,"208":0,"209":0,"210":0,"211":0,"212":0,"213":0,"214":0,"215":0,"216":0,"217":0,"218":0,"219":0,"220":0,"221":0,"222":0,"223":0,"224":0,"225":0,"226":0,"227":0,"228":0,"229":0,"230":0,"231":0,"232":0,"233":0,"234":0,"235":0,"236":0,"237":0,"238":0,"239":0,"240":0,"241":0,"242":0,"243":0,"244":0,"245":0,"246":0,"247":0,"248":0,"249":0,"250":0,"251":0,"252":0,"253":0,"254":0,"255":0,"256":0,"257":0,"258":0,"259":0,"260":0,"261":0,"262":0,"263":0,"264":0,"265":0,"266":0,"267":0,"268":0,"269":0,"270":0,"271":0,"272":0,"273":0,"274":0,"275":0,"276":0,"277":0,"278":0,"279":0,"280":0,"281":0,"282":0,"283":0,"284":0,"285":0,"286":0,"287":0,"288":0,"289":0,"290":0,"291":0,"292":0,"293":0,"294":0,"295":0,"296":0,"297":0,"298":0,"299":0,"300":0,"301":0,"302":0,"303":0,"304":0,"305":0,"306":0,"307":0,"308":0,"309":0,"310":0,"311":0,"312":0,"313":0,"314":0,"315":0,"316":0,"317":0,"318":0,"319":0,"320":0,"321":0,"322":0,"323":0,"324":0,"325":0,"326":0,"327":0,"328":0,"329":0,"330":0,"331":0,"332":0,"333":0,"334":0,"335":0,"336":0,"337":0,"338":0,"339":0,"340":0,"341":0,"342":0,"343":0,"344":0,"345":0,"346":0,"347":0,"348":0,"349":0,"350":0,"351":0,"352":0,"353":0,"354":0,"355":0,"356":0,"357":0,"358":0,"359":0,"360":0,"361":0,"362":0,"363":0,"364":0,"365":0,"366":0,"367":0,"368":0,"369":0,"370":0,"371":0,"372":0,"373":0,"374":0,"375":0,"376":0,"377":0,"378":0,"379":0,"380":0,"381":0,"382":0,"383":0,"384":0,"385":0,"386":0,"387":0,"388":0,"389":0,"390":0,"391":0,"392":0,"393":0,"394":0,"395":0,"396":0,"397":0,"398":0,"399":0,"400":0,"401":0,"402":0,"403":0,"404":0,"405":0,"406":0,"407":0,"408":0,"409":0,"410":0,"411":0,"412":0,"413":0,"414":0,"415":0,"416":0,"417":0,"418":0,"419":0,"420":0,"421":0,"422":0,"423":0,"424":0,"425":0,"426":0,"427":0,"428":0,"429":0,"430":0,"431":0,"432":0,"433":0,"434":0,"435":0,"436":0,"437":0,"438":0,"439":0,"440":0,"441":0,"442":0,"443":0,"444":0,"445":0,"446":0,"447":0,"448":0,"449":0,"450":0,"451":0,"452":0,"453":0,"454":0,"455":0,"456":0,"457":0,"458":0,"459":0,"460":0,"461":0,"462":0,"463":0,"464":0,"465":0,"466":0,"467":0,"468":0,"469":0,"470":0,"471":0,"472":0,"473":0,"474":0,"475":0,"476":0,"477":0},"f":{"0":0,"1":0,"2":0,"3":0,"4":0,"5":0,"6":0,"7":0,"8":0,"9":0,"10":0,"11":0,"12":0,"13":0,"14":0,"15":0,"16":0,"17":0,"18":0,"19":0,"20":0,"21":0,"22":0,"23":0,"24":0,"25":0,"26":0,"27":0,"28":0,"29":0,"30":0,"31":0,"32":0,"33":0,"34":0,"35":0,"36":0,"37":0},"b":{"0":[0,0],"1":[0,0],"2":[0,0],"3":[0,0],"4":[0,0],"5":[0,0],"6":[0,0],"7":[0,0],"8":[0,0],"9":[0,0],"10":[0,0],"11":[0,0],"12":[0,0],"13":[0],"14":[0],"15":[0],"16":[0],"17":[0],"18":[0],"19":[0],"20":[0,0],"21":[0],"22":[0],"23":[0,0],"24":[0,0],"25":[0,0],"26":[0],"27":[0],"28":[0,0],"29":[0,0],"30":[0],"31":[0],"32":[0,0],"33":[0],"34":[0],"35":[0,0],"36":[0],"37":[0,0],"38":[0,0],"39":[0],"40":[0],"41":[0],"42":[0,0],"43":[0],"44":[0],"45":[0],"46":[0,0],"47":[0],"48":[0,0],"49":[0],"50":[0,0],"51":[0,0],"52":[0],"53":[0,0,0],"54":[0,0,0],"55":[0,0,0],"56":[0],"57":[0],"58":[0],"59":[0,0,0],"60":[0],"61":[0],"62":[0],"63":[0,0],"64":[0],"65":[0,0],"66":[0,0,0,0],"67":[0],"68":[0],"69":[0],"70":[0,0],"71":[0],"72":[0],"73":[0],"74":[0],"75":[0,0],"76":[0],"77":[0],"78":[0,0],"79":[0,0],"80":[0],"81":[0,0],"82":[0],"83":[0,0],"84":[0],"85":[0],"86":[0,0],"87":[0,0,0],"88":[0],"89":[0,0],"90":[0],"91":[0,0],"92":[0],"93":[0],"94":[0,0],"95":[0],"96":[0],"97":[0],"98":[0,0],"99":[0],"100":[0],"101":[0],"102":[0,0],"103":[0],"104":[0],"105":[0],"106":[0],"107":[0,0],"108":[0,0],"109":[0],"110":[0,0],"111":[0],"112":[0,0],"113":[0,0],"114":[0],"115":[0,0],"116":[0],"117":[0,0],"118":[0,0],"119":[0],"120":[0],"121":[0],"122":[0,0],"123":[0,0],"124":[0]}}
}
