TN:
SF:src/app.ts
FN:2,initSidebarResize
FN:8,(anonymous_1)
FN:20,(anonymous_2)
FN:29,(anonymous_3)
FN:38,(anonymous_4)
FNF:5
FNH:0
FNDA:0,initSidebarResize
FNDA:0,(anonymous_1)
FNDA:0,(anonymous_2)
FNDA:0,(anonymous_3)
FNDA:0,(anonymous_4)
DA:3,0
DA:4,0
DA:8,0
DA:10,0
DA:11,0
DA:12,0
DA:13,0
DA:14,0
DA:15,0
DA:16,0
DA:20,0
DA:21,0
DA:23,0
DA:24,0
DA:25,0
DA:29,0
DA:30,0
DA:31,0
DA:32,0
DA:38,0
DA:39,0
LF:21
LH:0
BRDA:11,0,0,0
BRDA:21,1,0,0
BRDA:24,2,0,0
BRDA:24,3,0,0
BRDA:24,3,1,0
BRDA:30,4,0,0
BRF:6
BRH:0
end_of_record
TN:
SF:src/background.ts
FN:34,(anonymous_0)
FN:43,(anonymous_1)
FN:77,setCookiesFromHeader
FN:80,(anonymous_3)
FN:108,serializeFormData
FN:112,(anonymous_5)
FN:124,serializeFormDataWithFiles
FN:131,(anonymous_7)
FN:166,(anonymous_8)
FN:171,(anonymous_9)
FN:182,handleHttpRequest
FN:203,(anonymous_11)
FN:278,(anonymous_12)
FN:320,setupHeaderInjection
FN:322,(anonymous_14)
FN:332,(anonymous_15)
FN:337,(anonymous_16)
FN:360,handleRequestWithHeaderInjection
FN:371,(anonymous_18)
FN:381,(anonymous_19)
FN:411,startNetworkInterceptor
FN:450,stopNetworkInterceptor
FN:468,handleBeforeRequest
FN:501,handleSendHeaders
FN:507,(anonymous_24)
FN:517,handleHeadersReceived
FN:525,(anonymous_26)
FN:536,handleRequestCompleted
FN:564,handleRequestError
FN:594,shouldInterceptRequest
FN:614,sendToPopup
FN:616,(anonymous_31)
FN:622,(anonymous_32)
FN:644,(anonymous_33)
FN:649,(anonymous_34)
FN:654,(anonymous_35)
FN:657,(anonymous_36)
FN:661,(anonymous_37)
FN:671,(anonymous_38)
FN:672,(anonymous_39)
FN:684,(anonymous_40)
FN:692,(anonymous_41)
FN:699,(anonymous_42)
FN:710,(anonymous_43)
FN:712,(anonymous_44)
FN:724,(anonymous_45)
FN:733,handleOAuth2Flow
FN:736,(anonymous_47)
FN:740,(anonymous_48)
FN:770,buildAuthUrl
FN:782,generateRandomState
FN:787,exchangeCodeForToken
FN:812,refreshAccessToken
FN:836,(anonymous_53)
FN:867,updatePerformanceMetrics
FN:883,(anonymous_55)
FNF:56
FNH:0
FNDA:0,(anonymous_0)
FNDA:0,(anonymous_1)
FNDA:0,setCookiesFromHeader
FNDA:0,(anonymous_3)
FNDA:0,serializeFormData
FNDA:0,(anonymous_5)
FNDA:0,serializeFormDataWithFiles
FNDA:0,(anonymous_7)
FNDA:0,(anonymous_8)
FNDA:0,(anonymous_9)
FNDA:0,handleHttpRequest
FNDA:0,(anonymous_11)
FNDA:0,(anonymous_12)
FNDA:0,setupHeaderInjection
FNDA:0,(anonymous_14)
FNDA:0,(anonymous_15)
FNDA:0,(anonymous_16)
FNDA:0,handleRequestWithHeaderInjection
FNDA:0,(anonymous_18)
FNDA:0,(anonymous_19)
FNDA:0,startNetworkInterceptor
FNDA:0,stopNetworkInterceptor
FNDA:0,handleBeforeRequest
FNDA:0,handleSendHeaders
FNDA:0,(anonymous_24)
FNDA:0,handleHeadersReceived
FNDA:0,(anonymous_26)
FNDA:0,handleRequestCompleted
FNDA:0,handleRequestError
FNDA:0,shouldInterceptRequest
FNDA:0,sendToPopup
FNDA:0,(anonymous_31)
FNDA:0,(anonymous_32)
FNDA:0,(anonymous_33)
FNDA:0,(anonymous_34)
FNDA:0,(anonymous_35)
FNDA:0,(anonymous_36)
FNDA:0,(anonymous_37)
FNDA:0,(anonymous_38)
FNDA:0,(anonymous_39)
FNDA:0,(anonymous_40)
FNDA:0,(anonymous_41)
FNDA:0,(anonymous_42)
FNDA:0,(anonymous_43)
FNDA:0,(anonymous_44)
FNDA:0,(anonymous_45)
FNDA:0,handleOAuth2Flow
FNDA:0,(anonymous_47)
FNDA:0,(anonymous_48)
FNDA:0,buildAuthUrl
FNDA:0,generateRandomState
FNDA:0,exchangeCodeForToken
FNDA:0,refreshAccessToken
FNDA:0,(anonymous_53)
FNDA:0,updatePerformanceMetrics
FNDA:0,(anonymous_55)
DA:31,0
DA:34,0
DA:35,0
DA:36,0
DA:43,0
DA:44,0
DA:46,0
DA:47,0
DA:48,0
DA:51,0
DA:52,0
DA:53,0
DA:56,0
DA:57,0
DA:60,0
DA:61,0
DA:62,0
DA:65,0
DA:66,0
DA:67,0
DA:70,0
DA:73,0
DA:78,0
DA:79,0
DA:80,0
DA:82,0
DA:84,0
DA:85,0
DA:86,0
DA:88,0
DA:89,0
DA:90,0
DA:99,0
DA:101,0
DA:109,0
DA:110,0
DA:112,0
DA:113,0
DA:114,0
DA:115,0
DA:116,0
DA:119,0
DA:120,0
DA:125,0
DA:126,0
DA:127,0
DA:128,0
DA:129,0
DA:131,0
DA:132,0
DA:134,0
DA:136,0
DA:137,0
DA:139,0
DA:140,0
DA:143,0
DA:144,0
DA:145,0
DA:146,0
DA:147,0
DA:148,0
DA:150,0
DA:151,0
DA:152,0
DA:154,0
DA:156,0
DA:157,0
DA:159,0
DA:163,0
DA:166,0
DA:167,0
DA:168,0
DA:169,0
DA:171,0
DA:172,0
DA:173,0
DA:174,0
DA:177,0
DA:178,0
DA:183,0
DA:184,0
DA:185,0
DA:186,0
DA:187,0
DA:188,0
DA:189,0
DA:190,0
DA:191,0
DA:192,0
DA:195,0
DA:196,0
DA:197,0
DA:198,0
DA:202,0
DA:203,0
DA:204,0
DA:205,0
DA:209,0
DA:213,0
DA:215,0
DA:216,0
DA:217,0
DA:218,0
DA:219,0
DA:220,0
DA:222,0
DA:223,0
DA:225,0
DA:226,0
DA:228,0
DA:229,0
DA:230,0
DA:232,0
DA:237,0
DA:238,0
DA:239,0
DA:241,0
DA:242,0
DA:243,0
DA:244,0
DA:245,0
DA:246,0
DA:248,0
DA:249,0
DA:250,0
DA:251,0
DA:253,0
DA:254,0
DA:257,0
DA:258,0
DA:261,0
DA:262,0
DA:265,0
DA:272,0
DA:273,0
DA:274,0
DA:275,0
DA:278,0
DA:279,0
DA:282,0
DA:285,0
DA:286,0
DA:288,0
DA:289,0
DA:291,0
DA:294,0
DA:308,0
DA:309,0
DA:317,0
DA:321,0
DA:323,0
DA:324,0
DA:325,0
DA:326,0
DA:329,0
DA:332,0
DA:333,0
DA:334,0
DA:335,0
DA:337,0
DA:338,0
DA:339,0
DA:341,0
DA:347,0
DA:348,0
DA:349,0
DA:358,0
DA:361,0
DA:362,0
DA:363,0
DA:366,0
DA:367,0
DA:368,0
DA:371,0
DA:372,0
DA:373,0
DA:374,0
DA:379,0
DA:380,0
DA:381,0
DA:383,0
DA:384,0
DA:392,0
DA:394,0
DA:395,0
DA:403,0
DA:404,0
DA:412,0
DA:414,0
DA:415,0
DA:418,0
DA:424,0
DA:430,0
DA:436,0
DA:442,0
DA:447,0
DA:451,0
DA:453,0
DA:456,0
DA:457,0
DA:458,0
DA:459,0
DA:460,0
DA:463,0
DA:465,0
DA:469,0
DA:471,0
DA:497,0
DA:498,0
DA:502,0
DA:503,0
DA:506,0
DA:507,0
DA:508,0
DA:509,0
DA:514,0
DA:518,0
DA:519,0
DA:521,0
DA:522,0
DA:524,0
DA:525,0
DA:526,0
DA:527,0
DA:532,0
DA:533,0
DA:537,0
DA:538,0
DA:540,0
DA:541,0
DA:544,0
DA:561,0
DA:565,0
DA:566,0
DA:568,0
DA:569,0
DA:570,0
DA:573,0
DA:591,0
DA:596,0
DA:599,0
DA:602,0
DA:603,0
DA:604,0
DA:605,0
DA:607,0
DA:611,0
DA:616,0
DA:622,0
DA:623,0
DA:626,0
DA:644,0
DA:645,0
DA:649,0
DA:650,0
DA:652,0
DA:656,0
DA:657,0
DA:658,0
DA:659,0
DA:661,0
DA:662,0
DA:671,0
DA:672,0
DA:673,0
DA:675,0
DA:684,0
DA:685,0
DA:692,0
DA:693,0
DA:694,0
DA:699,0
DA:700,0
DA:702,0
DA:710,0
DA:711,0
DA:712,0
DA:713,0
DA:714,0
DA:724,0
DA:725,0
DA:726,0
DA:727,0
DA:728,0
DA:734,0
DA:736,0
DA:737,0
DA:741,0
DA:742,0
DA:743,0
DA:746,0
DA:747,0
DA:748,0
DA:751,0
DA:752,0
DA:753,0
DA:754,0
DA:756,0
DA:757,0
DA:758,0
DA:759,0
DA:761,0
DA:764,0
DA:771,0
DA:779,0
DA:783,0
DA:788,0
DA:796,0
DA:804,0
DA:805,0
DA:808,0
DA:813,0
DA:820,0
DA:828,0
DA:829,0
DA:832,0
DA:836,0
DA:837,0
DA:838,0
DA:839,0
DA:840,0
DA:841,0
DA:843,0
DA:845,0
DA:848,0
DA:849,0
DA:850,0
DA:851,0
DA:853,0
DA:855,0
DA:860,0
DA:868,0
DA:870,0
DA:871,0
DA:872,0
DA:875,0
DA:876,0
DA:878,0
DA:883,0
DA:884,0
DA:885,0
DA:886,0
DA:889,0
DA:890,0
DA:896,0
DA:897,0
DA:901,0
LF:347
LH:0
BRDA:44,0,0,0
BRDA:44,0,1,0
BRDA:44,0,2,0
BRDA:44,0,3,0
BRDA:44,0,4,0
BRDA:44,0,5,0
BRDA:88,1,0,0
BRDA:88,2,0,0
BRDA:88,2,1,0
BRDA:136,3,0,0
BRDA:136,3,1,0
BRDA:140,4,0,0
BRDA:140,4,1,0
BRDA:143,5,0,0
BRDA:143,5,1,0
BRDA:157,6,0,0
BRDA:157,6,1,0
BRDA:192,7,0,0
BRDA:192,7,1,0
BRDA:195,8,0,0
BRDA:195,9,0,0
BRDA:195,9,1,0
BRDA:196,10,0,0
BRDA:196,10,1,0
BRDA:204,11,0,0
BRDA:213,12,0,0
BRDA:213,12,1,0
BRDA:215,13,0,0
BRDA:215,13,1,0
BRDA:215,14,0,0
BRDA:215,14,1,0
BRDA:220,15,0,0
BRDA:220,15,1,0
BRDA:222,16,0,0
BRDA:222,16,1,0
BRDA:222,17,0,0
BRDA:222,17,1,0
BRDA:229,18,0,0
BRDA:237,19,0,0
BRDA:237,19,1,0
BRDA:237,20,0,0
BRDA:237,20,1,0
BRDA:245,21,0,0
BRDA:245,21,1,0
BRDA:245,22,0,0
BRDA:245,22,1,0
BRDA:262,23,0,0
BRDA:262,23,1,0
BRDA:272,24,0,0
BRDA:272,24,1,0
BRDA:286,25,0,0
BRDA:286,25,1,0
BRDA:291,26,0,0
BRDA:291,26,1,0
BRDA:301,27,0,0
BRDA:301,27,1,0
BRDA:303,28,0,0
BRDA:303,28,1,0
BRDA:325,29,0,0
BRDA:325,30,0,0
BRDA:325,30,1,0
BRDA:333,31,0,0
BRDA:333,31,1,0
BRDA:338,32,0,0
BRDA:338,32,1,0
BRDA:377,33,0,0
BRDA:377,33,1,0
BRDA:412,34,0,0
BRDA:415,35,0,0
BRDA:415,35,1,0
BRDA:451,36,0,0
BRDA:469,37,0,0
BRDA:503,38,0,0
BRDA:506,39,0,0
BRDA:508,40,0,0
BRDA:508,41,0,0
BRDA:508,41,1,0
BRDA:519,42,0,0
BRDA:524,43,0,0
BRDA:526,44,0,0
BRDA:526,45,0,0
BRDA:526,45,1,0
BRDA:538,46,0,0
BRDA:551,47,0,0
BRDA:551,47,1,0
BRDA:566,48,0,0
BRDA:580,49,0,0
BRDA:580,49,1,0
BRDA:596,50,0,0
BRDA:599,51,0,0
BRDA:602,52,0,0
BRDA:605,53,0,0
BRDA:656,54,0,0
BRDA:658,55,0,0
BRDA:658,55,1,0
BRDA:659,56,0,0
BRDA:693,57,0,0
BRDA:693,58,0,0
BRDA:693,58,1,0
BRDA:700,59,0,0
BRDA:711,60,0,0
BRDA:713,61,0,0
BRDA:725,62,0,0
BRDA:741,63,0,0
BRDA:746,64,0,0
BRDA:756,65,0,0
BRDA:756,65,1,0
BRDA:758,66,0,0
BRDA:758,66,1,0
BRDA:775,67,0,0
BRDA:775,67,1,0
BRDA:804,68,0,0
BRDA:828,69,0,0
BRDA:837,70,0,0
BRDA:848,71,0,0
BRDA:870,72,0,0
BRDA:875,73,0,0
BRDA:875,73,1,0
BRDA:875,74,0,0
BRDA:875,74,1,0
BRDA:875,74,2,0
BRDA:884,75,0,0
BRDA:889,76,0,0
BRF:123
BRH:0
end_of_record
TN:
SF:src/collectionManager.ts
FN:30,initializeCollections
FN:57,selectCollection
FN:62,(anonymous_2)
FN:78,generateId
FN:86,addRequestToCollection
FN:87,(anonymous_5)
FN:121,editCollectionRequest
FN:122,(anonymous_7)
FN:142,loadCollectionRequest
FN:144,(anonymous_9)
FN:144,(anonymous_10)
FN:149,(anonymous_11)
FN:163,createNewCollection
FN:185,deleteCollection
FN:191,(anonymous_14)
FN:212,deleteRequestFromCollection
FN:215,(anonymous_16)
FN:216,(anonymous_17)
FN:218,(anonymous_18)
FN:230,renderCollectionsTree
FN:236,(anonymous_20)
FN:264,(anonymous_21)
FN:271,(anonymous_22)
FN:276,(anonymous_23)
FN:294,(anonymous_24)
FN:304,(anonymous_25)
FN:313,(anonymous_26)
FN:320,(anonymous_27)
FN:325,(anonymous_28)
FN:330,(anonymous_29)
FN:335,(anonymous_30)
FN:353,(anonymous_31)
FN:362,(anonymous_32)
FN:389,renderScenariosTree
FN:395,(anonymous_34)
FN:423,(anonymous_35)
FN:430,(anonymous_36)
FN:439,(anonymous_37)
FN:457,(anonymous_38)
FN:467,(anonymous_39)
FN:476,(anonymous_40)
FN:483,(anonymous_41)
FN:488,(anonymous_42)
FN:493,(anonymous_43)
FN:498,(anonymous_44)
FN:516,(anonymous_45)
FN:525,(anonymous_46)
FN:546,loadScenarioRequest
FN:552,(anonymous_48)
FN:554,(anonymous_49)
FN:572,deleteScenario
FN:578,(anonymous_51)
FN:599,deleteRequestFromScenario
FN:602,(anonymous_53)
FN:603,(anonymous_54)
FN:605,(anonymous_55)
FN:617,showContextMenu
FN:632,(anonymous_57)
FN:636,(anonymous_58)
FN:647,(anonymous_59)
FN:659,copyRequest
FN:660,(anonymous_61)
FN:686,copyRequestFromScenario
FN:687,(anonymous_63)
FN:713,moveRequestFromCollection
FN:715,(anonymous_65)
FN:721,(anonymous_66)
FN:723,(anonymous_67)
FN:735,(anonymous_68)
FN:740,(anonymous_69)
FN:755,moveRequestFromScenario
FN:757,(anonymous_71)
FN:763,(anonymous_72)
FN:765,(anonymous_73)
FN:777,(anonymous_74)
FN:782,(anonymous_75)
FNF:76
FNH:0
FNDA:0,initializeCollections
FNDA:0,selectCollection
FNDA:0,(anonymous_2)
FNDA:0,generateId
FNDA:0,addRequestToCollection
FNDA:0,(anonymous_5)
FNDA:0,editCollectionRequest
FNDA:0,(anonymous_7)
FNDA:0,loadCollectionRequest
FNDA:0,(anonymous_9)
FNDA:0,(anonymous_10)
FNDA:0,(anonymous_11)
FNDA:0,createNewCollection
FNDA:0,deleteCollection
FNDA:0,(anonymous_14)
FNDA:0,deleteRequestFromCollection
FNDA:0,(anonymous_16)
FNDA:0,(anonymous_17)
FNDA:0,(anonymous_18)
FNDA:0,renderCollectionsTree
FNDA:0,(anonymous_20)
FNDA:0,(anonymous_21)
FNDA:0,(anonymous_22)
FNDA:0,(anonymous_23)
FNDA:0,(anonymous_24)
FNDA:0,(anonymous_25)
FNDA:0,(anonymous_26)
FNDA:0,(anonymous_27)
FNDA:0,(anonymous_28)
FNDA:0,(anonymous_29)
FNDA:0,(anonymous_30)
FNDA:0,(anonymous_31)
FNDA:0,(anonymous_32)
FNDA:0,renderScenariosTree
FNDA:0,(anonymous_34)
FNDA:0,(anonymous_35)
FNDA:0,(anonymous_36)
FNDA:0,(anonymous_37)
FNDA:0,(anonymous_38)
FNDA:0,(anonymous_39)
FNDA:0,(anonymous_40)
FNDA:0,(anonymous_41)
FNDA:0,(anonymous_42)
FNDA:0,(anonymous_43)
FNDA:0,(anonymous_44)
FNDA:0,(anonymous_45)
FNDA:0,(anonymous_46)
FNDA:0,loadScenarioRequest
FNDA:0,(anonymous_48)
FNDA:0,(anonymous_49)
FNDA:0,deleteScenario
FNDA:0,(anonymous_51)
FNDA:0,deleteRequestFromScenario
FNDA:0,(anonymous_53)
FNDA:0,(anonymous_54)
FNDA:0,(anonymous_55)
FNDA:0,showContextMenu
FNDA:0,(anonymous_57)
FNDA:0,(anonymous_58)
FNDA:0,(anonymous_59)
FNDA:0,copyRequest
FNDA:0,(anonymous_61)
FNDA:0,copyRequestFromScenario
FNDA:0,(anonymous_63)
FNDA:0,moveRequestFromCollection
FNDA:0,(anonymous_65)
FNDA:0,(anonymous_66)
FNDA:0,(anonymous_67)
FNDA:0,(anonymous_68)
FNDA:0,(anonymous_69)
FNDA:0,moveRequestFromScenario
FNDA:0,(anonymous_71)
FNDA:0,(anonymous_72)
FNDA:0,(anonymous_73)
FNDA:0,(anonymous_74)
FNDA:0,(anonymous_75)
DA:6,0
DA:14,0
DA:15,0
DA:16,0
DA:17,0
DA:18,0
DA:30,0
DA:31,0
DA:32,0
DA:33,0
DA:35,0
DA:36,0
DA:39,0
DA:43,0
DA:44,0
DA:47,0
DA:49,0
DA:57,0
DA:58,0
DA:59,0
DA:62,0
DA:63,0
DA:64,0
DA:68,0
DA:69,0
DA:70,0
DA:71,0
DA:79,0
DA:86,0
DA:87,0
DA:88,0
DA:90,0
DA:91,0
DA:93,0
DA:106,0
DA:107,0
DA:110,0
DA:113,0
DA:114,0
DA:121,0
DA:122,0
DA:123,0
DA:125,0
DA:126,0
DA:128,0
DA:129,0
DA:130,0
DA:131,0
DA:134,0
DA:142,0
DA:144,0
DA:145,0
DA:146,0
DA:149,0
DA:150,0
DA:151,0
DA:152,0
DA:153,0
DA:154,0
DA:159,0
DA:160,0
DA:163,0
DA:164,0
DA:165,0
DA:167,0
DA:173,0
DA:174,0
DA:175,0
DA:176,0
DA:178,0
DA:186,0
DA:187,0
DA:191,0
DA:192,0
DA:194,0
DA:195,0
DA:198,0
DA:199,0
DA:200,0
DA:204,0
DA:205,0
DA:213,0
DA:215,0
DA:216,0
DA:218,0
DA:219,0
DA:222,0
DA:223,0
DA:230,0
DA:231,0
DA:232,0
DA:234,0
DA:236,0
DA:238,0
DA:239,0
DA:240,0
DA:243,0
DA:244,0
DA:245,0
DA:246,0
DA:249,0
DA:250,0
DA:251,0
DA:252,0
DA:255,0
DA:256,0
DA:257,0
DA:258,0
DA:261,0
DA:262,0
DA:263,0
DA:264,0
DA:265,0
DA:266,0
DA:267,0
DA:271,0
DA:276,0
DA:280,0
DA:282,0
DA:285,0
DA:286,0
DA:287,0
DA:288,0
DA:289,0
DA:290,0
DA:293,0
DA:294,0
DA:295,0
DA:296,0
DA:297,0
DA:304,0
DA:305,0
DA:306,0
DA:307,0
DA:312,0
DA:313,0
DA:314,0
DA:315,0
DA:316,0
DA:320,0
DA:325,0
DA:330,0
DA:335,0
DA:340,0
DA:344,0
DA:345,0
DA:346,0
DA:347,0
DA:350,0
DA:353,0
DA:354,0
DA:355,0
DA:356,0
DA:358,0
DA:359,0
DA:362,0
DA:363,0
DA:364,0
DA:366,0
DA:367,0
DA:369,0
DA:370,0
DA:371,0
DA:372,0
DA:375,0
DA:376,0
DA:378,0
DA:379,0
DA:389,0
DA:390,0
DA:391,0
DA:393,0
DA:395,0
DA:397,0
DA:398,0
DA:399,0
DA:402,0
DA:403,0
DA:404,0
DA:405,0
DA:408,0
DA:409,0
DA:410,0
DA:411,0
DA:414,0
DA:415,0
DA:416,0
DA:417,0
DA:420,0
DA:421,0
DA:422,0
DA:423,0
DA:424,0
DA:425,0
DA:426,0
DA:431,0
DA:432,0
DA:433,0
DA:439,0
DA:443,0
DA:445,0
DA:448,0
DA:449,0
DA:450,0
DA:451,0
DA:452,0
DA:453,0
DA:456,0
DA:457,0
DA:458,0
DA:459,0
DA:460,0
DA:467,0
DA:468,0
DA:469,0
DA:470,0
DA:475,0
DA:476,0
DA:477,0
DA:478,0
DA:479,0
DA:483,0
DA:488,0
DA:493,0
DA:498,0
DA:503,0
DA:507,0
DA:508,0
DA:509,0
DA:510,0
DA:513,0
DA:516,0
DA:517,0
DA:518,0
DA:519,0
DA:521,0
DA:522,0
DA:525,0
DA:526,0
DA:527,0
DA:529,0
DA:530,0
DA:532,0
DA:533,0
DA:535,0
DA:536,0
DA:548,0
DA:549,0
DA:552,0
DA:553,0
DA:554,0
DA:555,0
DA:556,0
DA:557,0
DA:558,0
DA:559,0
DA:564,0
DA:565,0
DA:573,0
DA:574,0
DA:578,0
DA:579,0
DA:581,0
DA:582,0
DA:585,0
DA:586,0
DA:587,0
DA:591,0
DA:592,0
DA:600,0
DA:602,0
DA:603,0
DA:605,0
DA:606,0
DA:609,0
DA:610,0
DA:619,0
DA:620,0
DA:621,0
DA:625,0
DA:626,0
DA:627,0
DA:628,0
DA:629,0
DA:632,0
DA:633,0
DA:634,0
DA:635,0
DA:636,0
DA:637,0
DA:638,0
DA:640,0
DA:644,0
DA:647,0
DA:648,0
DA:649,0
DA:650,0
DA:653,0
DA:660,0
DA:661,0
DA:664,0
DA:671,0
DA:672,0
DA:675,0
DA:676,0
DA:679,0
DA:680,0
DA:687,0
DA:688,0
DA:691,0
DA:698,0
DA:699,0
DA:702,0
DA:703,0
DA:706,0
DA:707,0
DA:715,0
DA:716,0
DA:717,0
DA:718,0
DA:721,0
DA:722,0
DA:723,0
DA:726,0
DA:728,0
DA:729,0
DA:730,0
DA:731,0
DA:734,0
DA:735,0
DA:737,0
DA:740,0
DA:743,0
DA:745,0
DA:748,0
DA:749,0
DA:757,0
DA:758,0
DA:759,0
DA:760,0
DA:763,0
DA:764,0
DA:765,0
DA:768,0
DA:770,0
DA:771,0
DA:772,0
DA:773,0
DA:776,0
DA:777,0
DA:779,0
DA:782,0
DA:785,0
DA:787,0
DA:790,0
DA:791,0
LF:356
LH:0
BRDA:33,0,0,0
BRDA:33,0,1,0
BRDA:33,1,0,0
BRDA:33,1,1,0
BRDA:69,2,0,0
BRDA:88,3,0,0
BRDA:91,4,0,0
BRDA:123,5,0,0
BRDA:123,6,0,0
BRDA:123,6,1,0
BRDA:123,6,2,0
BRDA:128,7,0,0
BRDA:128,8,0,0
BRDA:128,8,1,0
BRDA:145,9,0,0
BRDA:150,10,0,0
BRDA:165,11,0,0
BRDA:186,12,0,0
BRDA:192,13,0,0
BRDA:198,14,0,0
BRDA:213,15,0,0
BRDA:216,16,0,0
BRDA:216,17,0,0
BRDA:216,17,1,0
BRDA:216,17,2,0
BRDA:232,18,0,0
BRDA:287,19,0,0
BRDA:287,19,1,0
BRDA:288,20,0,0
BRDA:288,20,1,0
BRDA:289,21,0,0
BRDA:293,22,0,0
BRDA:293,22,1,0
BRDA:293,23,0,0
BRDA:293,23,1,0
BRDA:305,24,0,0
BRDA:354,25,0,0
BRDA:354,25,1,0
BRDA:370,26,0,0
BRDA:391,27,0,0
BRDA:450,28,0,0
BRDA:450,28,1,0
BRDA:451,29,0,0
BRDA:451,29,1,0
BRDA:452,30,0,0
BRDA:456,31,0,0
BRDA:456,31,1,0
BRDA:456,32,0,0
BRDA:456,32,1,0
BRDA:468,33,0,0
BRDA:517,34,0,0
BRDA:517,34,1,0
BRDA:553,35,0,0
BRDA:553,36,0,0
BRDA:553,36,1,0
BRDA:555,37,0,0
BRDA:573,38,0,0
BRDA:579,39,0,0
BRDA:585,40,0,0
BRDA:600,41,0,0
BRDA:603,42,0,0
BRDA:603,43,0,0
BRDA:603,43,1,0
BRDA:603,43,2,0
BRDA:620,44,0,0
BRDA:648,45,0,0
BRDA:661,46,0,0
BRDA:688,47,0,0
BRDA:716,48,0,0
BRDA:726,49,0,0
BRDA:729,50,0,0
BRDA:729,51,0,0
BRDA:729,51,1,0
BRDA:729,51,2,0
BRDA:737,52,0,0
BRDA:758,53,0,0
BRDA:768,54,0,0
BRDA:771,55,0,0
BRDA:771,56,0,0
BRDA:771,56,1,0
BRDA:771,56,2,0
BRDA:779,57,0,0
BRF:82
BRH:0
end_of_record
TN:
SF:src/content.ts
FN:63,(anonymous_0)
FN:90,initializeContentScript
FN:107,injectPageScript
FN:110,(anonymous_3)
FN:117,setupMessageListener
FN:119,(anonymous_5)
FN:130,(anonymous_6)
FN:164,handlePageRequest
FN:191,handlePageResponse
FN:218,overrideNetworkFunctions
FN:221,(anonymous_10)
FN:229,(anonymous_11)
FN:240,(anonymous_12)
FN:255,(anonymous_13)
FN:268,(anonymous_14)
FN:273,(anonymous_15)
FN:295,extractFetchInfo
FN:316,extractRequestHeaders
FN:339,extractResponseHeaders
FN:350,parseResponseHeaders
FN:354,(anonymous_20)
FN:365,handleFetchResponse
FN:367,(anonymous_22)
FN:378,(anonymous_23)
FN:390,handleFetchError
FN:399,handleXHRResponse
FN:408,setupDOMObserver
FN:409,(anonymous_27)
FN:410,(anonymous_28)
FN:412,(anonymous_29)
FN:431,detectAPIEndpoints
FN:438,(anonymous_31)
FN:451,(anonymous_32)
FN:454,(anonymous_33)
FN:475,extractAPIUrlsFromText
FN:485,(anonymous_35)
FN:496,injectTestRequest
FN:522,updatePageConfiguration
FN:530,detectGraphQL
FN:543,(anonymous_39)
FN:545,(anonymous_40)
FN:552,monitorURLChanges
FN:553,(anonymous_42)
FN:565,(anonymous_43)
FN:588,detectPageTechnology
FN:603,detectFramework
FN:611,detectRestAPI
FN:616,detectWebSocket
FNF:48
FNH:0
FNDA:0,(anonymous_0)
FNDA:0,initializeContentScript
FNDA:0,injectPageScript
FNDA:0,(anonymous_3)
FNDA:0,setupMessageListener
FNDA:0,(anonymous_5)
FNDA:0,(anonymous_6)
FNDA:0,handlePageRequest
FNDA:0,handlePageResponse
FNDA:0,overrideNetworkFunctions
FNDA:0,(anonymous_10)
FNDA:0,(anonymous_11)
FNDA:0,(anonymous_12)
FNDA:0,(anonymous_13)
FNDA:0,(anonymous_14)
FNDA:0,(anonymous_15)
FNDA:0,extractFetchInfo
FNDA:0,extractRequestHeaders
FNDA:0,extractResponseHeaders
FNDA:0,parseResponseHeaders
FNDA:0,(anonymous_20)
FNDA:0,handleFetchResponse
FNDA:0,(anonymous_22)
FNDA:0,(anonymous_23)
FNDA:0,handleFetchError
FNDA:0,handleXHRResponse
FNDA:0,setupDOMObserver
FNDA:0,(anonymous_27)
FNDA:0,(anonymous_28)
FNDA:0,(anonymous_29)
FNDA:0,detectAPIEndpoints
FNDA:0,(anonymous_31)
FNDA:0,(anonymous_32)
FNDA:0,(anonymous_33)
FNDA:0,extractAPIUrlsFromText
FNDA:0,(anonymous_35)
FNDA:0,injectTestRequest
FNDA:0,updatePageConfiguration
FNDA:0,detectGraphQL
FNDA:0,(anonymous_39)
FNDA:0,(anonymous_40)
FNDA:0,monitorURLChanges
FNDA:0,(anonymous_42)
FNDA:0,(anonymous_43)
FNDA:0,detectPageTechnology
FNDA:0,detectFramework
FNDA:0,detectRestAPI
FNDA:0,detectWebSocket
DA:63,0
DA:65,0
DA:66,0
DA:68,0
DA:70,0
DA:73,0
DA:81,0
DA:82,0
DA:83,0
DA:86,0
DA:87,0
DA:92,0
DA:95,0
DA:98,0
DA:101,0
DA:102,0
DA:108,0
DA:109,0
DA:110,0
DA:111,0
DA:113,0
DA:119,0
DA:120,0
DA:122,0
DA:123,0
DA:124,0
DA:125,0
DA:130,0
DA:131,0
DA:133,0
DA:137,0
DA:140,0
DA:141,0
DA:142,0
DA:145,0
DA:146,0
DA:147,0
DA:150,0
DA:151,0
DA:152,0
DA:153,0
DA:156,0
DA:159,0
DA:165,0
DA:176,0
DA:179,0
DA:185,0
DA:186,0
DA:192,0
DA:193,0
DA:196,0
DA:197,0
DA:198,0
DA:199,0
DA:200,0
DA:201,0
DA:203,0
DA:206,0
DA:212,0
DA:213,0
DA:220,0
DA:221,0
DA:222,0
DA:223,0
DA:226,0
DA:229,0
DA:230,0
DA:238,0
DA:239,0
DA:241,0
DA:247,0
DA:248,0
DA:254,0
DA:255,0
DA:256,0
DA:265,0
DA:268,0
DA:269,0
DA:270,0
DA:273,0
DA:274,0
DA:276,0
DA:285,0
DA:289,0
DA:296,0
DA:298,0
DA:302,0
DA:303,0
DA:304,0
DA:306,0
DA:317,0
DA:319,0
DA:320,0
DA:321,0
DA:322,0
DA:324,0
DA:327,0
DA:328,0
DA:329,0
DA:330,0
DA:332,0
DA:335,0
DA:340,0
DA:341,0
DA:342,0
DA:343,0
DA:346,0
DA:351,0
DA:352,0
DA:354,0
DA:355,0
DA:356,0
DA:357,0
DA:361,0
DA:367,0
DA:368,0
DA:374,0
DA:379,0
DA:380,0
DA:386,0
DA:391,0
DA:400,0
DA:401,0
DA:409,0
DA:410,0
DA:411,0
DA:412,0
DA:413,0
DA:414,0
DA:421,0
DA:427,0
DA:432,0
DA:435,0
DA:436,0
DA:438,0
DA:439,0
DA:440,0
DA:441,0
DA:450,0
DA:451,0
DA:452,0
DA:453,0
DA:454,0
DA:455,0
DA:465,0
DA:466,0
DA:476,0
DA:483,0
DA:485,0
DA:486,0
DA:487,0
DA:488,0
DA:492,0
DA:497,0
DA:498,0
DA:517,0
DA:518,0
DA:523,0
DA:532,0
DA:542,0
DA:543,0
DA:545,0
DA:546,0
DA:551,0
DA:553,0
DA:554,0
DA:555,0
DA:558,0
DA:565,0
DA:566,0
DA:571,0
DA:578,0
DA:579,0
DA:581,0
DA:585,0
DA:589,0
DA:596,0
DA:604,0
DA:605,0
DA:606,0
DA:607,0
DA:608,0
DA:612,0
DA:613,0
DA:617,0
DA:621,0
DA:623,0
LF:187
LH:0
BRDA:65,0,0,0
BRDA:101,1,0,0
BRDA:101,2,0,0
BRDA:101,2,1,0
BRDA:113,3,0,0
BRDA:113,3,1,0
BRDA:120,4,0,0
BRDA:122,5,0,0
BRDA:122,5,1,0
BRDA:124,6,0,0
BRDA:131,7,0,0
BRDA:131,7,1,0
BRDA:131,7,2,0
BRDA:131,7,3,0
BRDA:131,7,4,0
BRDA:172,8,0,0
BRDA:172,8,1,0
BRDA:185,9,0,0
BRDA:193,10,0,0
BRDA:212,11,0,0
BRDA:220,12,0,0
BRDA:254,13,0,0
BRDA:255,14,0,0
BRDA:269,15,0,0
BRDA:274,16,0,0
BRDA:296,17,0,0
BRDA:298,18,0,0
BRDA:298,18,1,0
BRDA:299,19,0,0
BRDA:299,19,1,0
BRDA:300,20,0,0
BRDA:300,20,1,0
BRDA:302,21,0,0
BRDA:302,21,1,0
BRDA:317,22,0,0
BRDA:319,23,0,0
BRDA:327,24,0,0
BRDA:335,25,0,0
BRDA:335,25,1,0
BRDA:341,26,0,0
BRDA:352,27,0,0
BRDA:356,28,0,0
BRDA:411,29,0,0
BRDA:413,30,0,0
BRDA:432,31,0,0
BRDA:440,32,0,0
BRDA:440,33,0,0
BRDA:440,33,1,0
BRDA:440,33,2,0
BRDA:440,33,3,0
BRDA:443,34,0,0
BRDA:443,34,1,0
BRDA:452,35,0,0
BRDA:465,36,0,0
BRDA:487,37,0,0
BRDA:542,38,0,0
BRDA:542,38,1,0
BRDA:546,39,0,0
BRDA:546,39,1,0
BRDA:554,40,0,0
BRDA:578,41,0,0
BRDA:578,41,1,0
BRDA:604,42,0,0
BRDA:605,43,0,0
BRDA:606,44,0,0
BRDA:607,45,0,0
BRDA:612,46,0,0
BRDA:612,46,1,0
BRDA:613,47,0,0
BRDA:613,47,1,0
BRDA:617,48,0,0
BRDA:617,48,1,0
BRDA:617,48,2,0
BRF:73
BRH:0
end_of_record
TN:
SF:src/defaultData.ts
FNF:0
FNH:0
DA:7,0
DA:14,0
DA:21,0
DA:31,0
DA:264,0
DA:272,0
DA:289,0
LF:7
LH:0
BRF:0
BRH:0
end_of_record
TN:
SF:src/historyManager.ts
FN:15,renderHistory
FN:24,(anonymous_1)
FN:40,(anonymous_2)
FN:49,saveToHistory
FN:91,loadHistoryItem
FN:92,(anonymous_5)
FN:121,clearHistory
FN:133,filterHistory
FN:138,(anonymous_8)
FNF:9
FNH:0
FNDA:0,renderHistory
FNDA:0,(anonymous_1)
FNDA:0,(anonymous_2)
FNDA:0,saveToHistory
FNDA:0,loadHistoryItem
FNDA:0,(anonymous_5)
FNDA:0,clearHistory
FNDA:0,filterHistory
FNDA:0,(anonymous_8)
DA:6,0
DA:7,0
DA:8,0
DA:9,0
DA:15,0
DA:16,0
DA:18,0
DA:19,0
DA:20,0
DA:23,0
DA:24,0
DA:25,0
DA:26,0
DA:27,0
DA:29,0
DA:30,0
DA:31,0
DA:33,0
DA:40,0
DA:41,0
DA:49,0
DA:50,0
DA:78,0
DA:79,0
DA:80,0
DA:83,0
DA:84,0
DA:91,0
DA:92,0
DA:93,0
DA:96,0
DA:109,0
DA:112,0
DA:114,0
DA:121,0
DA:122,0
DA:123,0
DA:124,0
DA:125,0
DA:126,0
DA:133,0
DA:134,0
DA:135,0
DA:136,0
DA:138,0
DA:139,0
DA:140,0
DA:141,0
DA:143,0
DA:144,0
DA:146,0
DA:147,0
DA:149,0
LF:53
LH:0
BRDA:18,0,0,0
BRDA:29,1,0,0
BRDA:29,1,1,0
BRDA:30,2,0,0
BRDA:30,2,1,0
BRDA:31,3,0,0
BRDA:31,3,1,0
BRDA:36,4,0,0
BRDA:36,4,1,0
BRDA:36,5,0,0
BRDA:36,5,1,0
BRDA:49,6,0,0
BRDA:79,7,0,0
BRDA:93,8,0,0
BRDA:93,9,0,0
BRDA:93,9,1,0
BRDA:98,10,0,0
BRDA:98,10,1,0
BRDA:105,11,0,0
BRDA:105,11,1,0
BRDA:122,12,0,0
BRDA:143,13,0,0
BRDA:143,13,1,0
BRDA:144,14,0,0
BRDA:144,14,1,0
BRDA:146,15,0,0
BRDA:146,15,1,0
BRDA:146,16,0,0
BRDA:146,16,1,0
BRF:29
BRH:0
end_of_record
TN:
SF:src/importExport.ts
FN:194,initializeTestScript
FN:202,openImportModal
FN:210,handleFileSelect
FN:216,(anonymous_3)
FN:224,handleImport
FN:276,convertPostmanAuth
FN:281,(anonymous_6)
FN:290,(anonymous_7)
FN:298,(anonymous_8)
FN:311,extractPostmanRequests
FN:314,(anonymous_10)
FN:331,(anonymous_11)
FN:340,(anonymous_12)
FN:355,(anonymous_13)
FN:382,importPostmanCollection
FN:395,(anonymous_15)
FN:416,importTalendData
FN:418,(anonymous_17)
FN:431,(anonymous_18)
FN:440,(anonymous_19)
FN:441,(anonymous_20)
FN:449,(anonymous_21)
FN:450,(anonymous_22)
FN:475,(anonymous_23)
FN:476,(anonymous_24)
FN:484,(anonymous_25)
FN:485,(anonymous_26)
FN:507,(anonymous_27)
FN:511,(anonymous_28)
FN:581,importApiTesterData
FN:603,getOpenApiBaseUrl
FN:611,importOpenApiSpec
FN:620,(anonymous_32)
FN:621,(anonymous_33)
FN:637,(anonymous_34)
FN:668,importHarFile
FN:676,(anonymous_36)
FN:693,(anonymous_37)
FN:699,(anonymous_38)
FN:720,parseCurlCommand
FN:778,importCurlCommand
FN:804,(anonymous_41)
FN:839,exportData
FNF:43
FNH:0
FNDA:0,initializeTestScript
FNDA:0,openImportModal
FNDA:0,handleFileSelect
FNDA:0,(anonymous_3)
FNDA:0,handleImport
FNDA:0,convertPostmanAuth
FNDA:0,(anonymous_6)
FNDA:0,(anonymous_7)
FNDA:0,(anonymous_8)
FNDA:0,extractPostmanRequests
FNDA:0,(anonymous_10)
FNDA:0,(anonymous_11)
FNDA:0,(anonymous_12)
FNDA:0,(anonymous_13)
FNDA:0,importPostmanCollection
FNDA:0,(anonymous_15)
FNDA:0,importTalendData
FNDA:0,(anonymous_17)
FNDA:0,(anonymous_18)
FNDA:0,(anonymous_19)
FNDA:0,(anonymous_20)
FNDA:0,(anonymous_21)
FNDA:0,(anonymous_22)
FNDA:0,(anonymous_23)
FNDA:0,(anonymous_24)
FNDA:0,(anonymous_25)
FNDA:0,(anonymous_26)
FNDA:0,(anonymous_27)
FNDA:0,(anonymous_28)
FNDA:0,importApiTesterData
FNDA:0,getOpenApiBaseUrl
FNDA:0,importOpenApiSpec
FNDA:0,(anonymous_32)
FNDA:0,(anonymous_33)
FNDA:0,(anonymous_34)
FNDA:0,importHarFile
FNDA:0,(anonymous_36)
FNDA:0,(anonymous_37)
FNDA:0,(anonymous_38)
FNDA:0,parseCurlCommand
FNDA:0,importCurlCommand
FNDA:0,(anonymous_41)
FNDA:0,exportData
DA:6,0
DA:13,0
DA:14,0
DA:15,0
DA:16,0
DA:17,0
DA:18,0
DA:194,0
DA:195,0
DA:196,0
DA:197,0
DA:202,0
DA:203,0
DA:204,0
DA:205,0
DA:206,0
DA:210,0
DA:211,0
DA:212,0
DA:213,0
DA:215,0
DA:216,0
DA:217,0
DA:218,0
DA:220,0
DA:224,0
DA:225,0
DA:226,0
DA:227,0
DA:228,0
DA:230,0
DA:231,0
DA:232,0
DA:235,0
DA:237,0
DA:238,0
DA:240,0
DA:241,0
DA:243,0
DA:247,0
DA:249,0
DA:250,0
DA:252,0
DA:253,0
DA:255,0
DA:256,0
DA:258,0
DA:259,0
DA:261,0
DA:262,0
DA:264,0
DA:265,0
DA:268,0
DA:269,0
DA:270,0
DA:272,0
DA:277,0
DA:279,0
DA:281,0
DA:282,0
DA:283,0
DA:285,0
DA:286,0
DA:287,0
DA:290,0
DA:291,0
DA:292,0
DA:294,0
DA:295,0
DA:298,0
DA:299,0
DA:300,0
DA:302,0
DA:303,0
DA:304,0
DA:305,0
DA:308,0
DA:312,0
DA:314,0
DA:315,0
DA:316,0
DA:330,0
DA:331,0
DA:332,0
DA:333,0
DA:339,0
DA:340,0
DA:341,0
DA:342,0
DA:348,0
DA:349,0
DA:351,0
DA:352,0
DA:354,0
DA:355,0
DA:356,0
DA:357,0
DA:360,0
DA:361,0
DA:366,0
DA:367,0
DA:370,0
DA:371,0
DA:373,0
DA:374,0
DA:378,0
DA:383,0
DA:389,0
DA:390,0
DA:394,0
DA:395,0
DA:396,0
DA:397,0
DA:400,0
DA:403,0
DA:404,0
DA:406,0
DA:407,0
DA:416,0
DA:418,0
DA:419,0
DA:420,0
DA:423,0
DA:426,0
DA:427,0
DA:428,0
DA:431,0
DA:432,0
DA:437,0
DA:438,0
DA:439,0
DA:440,0
DA:442,0
DA:443,0
DA:449,0
DA:451,0
DA:452,0
DA:462,0
DA:472,0
DA:473,0
DA:474,0
DA:475,0
DA:477,0
DA:478,0
DA:484,0
DA:486,0
DA:487,0
DA:497,0
DA:506,0
DA:507,0
DA:508,0
DA:510,0
DA:511,0
DA:512,0
DA:513,0
DA:519,0
DA:529,0
DA:530,0
DA:531,0
DA:535,0
DA:536,0
DA:538,0
DA:539,0
DA:540,0
DA:544,0
DA:545,0
DA:547,0
DA:548,0
DA:551,0
DA:553,0
DA:561,0
DA:562,0
DA:565,0
DA:567,0
DA:568,0
DA:573,0
DA:574,0
DA:575,0
DA:576,0
DA:577,0
DA:582,0
DA:583,0
DA:585,0
DA:586,0
DA:587,0
DA:589,0
DA:590,0
DA:593,0
DA:594,0
DA:595,0
DA:597,0
DA:598,0
DA:599,0
DA:600,0
DA:604,0
DA:605,0
DA:607,0
DA:612,0
DA:617,0
DA:619,0
DA:620,0
DA:621,0
DA:622,0
DA:623,0
DA:636,0
DA:637,0
DA:638,0
DA:639,0
DA:640,0
DA:641,0
DA:646,0
DA:647,0
DA:648,0
DA:649,0
DA:650,0
DA:651,0
DA:654,0
DA:660,0
DA:661,0
DA:663,0
DA:664,0
DA:669,0
DA:675,0
DA:676,0
DA:677,0
DA:678,0
DA:679,0
DA:692,0
DA:693,0
DA:694,0
DA:698,0
DA:699,0
DA:700,0
DA:704,0
DA:705,0
DA:707,0
DA:712,0
DA:713,0
DA:715,0
DA:716,0
DA:720,0
DA:721,0
DA:735,0
DA:737,0
DA:738,0
DA:739,0
DA:742,0
DA:743,0
DA:744,0
DA:747,0
DA:749,0
DA:750,0
DA:751,0
DA:752,0
DA:753,0
DA:757,0
DA:758,0
DA:759,0
DA:762,0
DA:763,0
DA:764,0
DA:765,0
DA:766,0
DA:767,0
DA:774,0
DA:778,0
DA:780,0
DA:781,0
DA:794,0
DA:795,0
DA:796,0
DA:797,0
DA:798,0
DA:799,0
DA:802,0
DA:803,0
DA:804,0
DA:805,0
DA:806,0
DA:807,0
DA:808,0
DA:809,0
DA:810,0
DA:811,0
DA:813,0
DA:814,0
DA:818,0
DA:819,0
DA:820,0
DA:821,0
DA:822,0
DA:823,0
DA:827,0
DA:828,0
DA:829,0
DA:830,0
DA:831,0
DA:834,0
DA:835,0
DA:839,0
DA:840,0
DA:853,0
DA:854,0
DA:856,0
DA:857,0
DA:858,0
DA:859,0
DA:860,0
DA:861,0
DA:862,0
DA:863,0
DA:865,0
LF:312
LH:0
BRDA:196,0,0,0
BRDA:196,1,0,0
BRDA:196,1,1,0
BRDA:213,2,0,0
BRDA:230,3,0,0
BRDA:240,4,0,0
BRDA:240,4,1,0
BRDA:247,5,0,0
BRDA:247,5,1,0
BRDA:247,5,2,0
BRDA:247,5,3,0
BRDA:247,5,4,0
BRDA:247,5,5,0
BRDA:277,6,0,0
BRDA:277,6,1,0
BRDA:279,7,0,0
BRDA:279,7,1,0
BRDA:279,7,2,0
BRDA:285,8,0,0
BRDA:285,8,1,0
BRDA:286,9,0,0
BRDA:286,9,1,0
BRDA:294,10,0,0
BRDA:294,10,1,0
BRDA:302,11,0,0
BRDA:302,11,1,0
BRDA:303,12,0,0
BRDA:303,12,1,0
BRDA:304,13,0,0
BRDA:304,13,1,0
BRDA:311,14,0,0
BRDA:315,15,0,0
BRDA:315,15,1,0
BRDA:318,16,0,0
BRDA:318,16,1,0
BRDA:319,17,0,0
BRDA:319,17,1,0
BRDA:320,18,0,0
BRDA:320,18,1,0
BRDA:320,19,0,0
BRDA:320,19,1,0
BRDA:330,20,0,0
BRDA:332,21,0,0
BRDA:339,22,0,0
BRDA:339,23,0,0
BRDA:339,23,1,0
BRDA:341,24,0,0
BRDA:348,25,0,0
BRDA:349,26,0,0
BRDA:349,26,1,0
BRDA:351,27,0,0
BRDA:351,27,1,0
BRDA:356,28,0,0
BRDA:366,29,0,0
BRDA:371,30,0,0
BRDA:373,31,0,0
BRDA:373,31,1,0
BRDA:373,32,0,0
BRDA:373,32,1,0
BRDA:385,33,0,0
BRDA:385,33,1,0
BRDA:389,34,0,0
BRDA:394,35,0,0
BRDA:396,36,0,0
BRDA:396,37,0,0
BRDA:396,37,1,0
BRDA:397,38,0,0
BRDA:397,38,1,0
BRDA:397,39,0,0
BRDA:397,39,1,0
BRDA:419,40,0,0
BRDA:423,41,0,0
BRDA:423,41,1,0
BRDA:437,42,0,0
BRDA:437,42,1,0
BRDA:439,43,0,0
BRDA:439,43,1,0
BRDA:446,44,0,0
BRDA:446,44,1,0
BRDA:447,45,0,0
BRDA:447,45,1,0
BRDA:448,46,0,0
BRDA:448,46,1,0
BRDA:455,47,0,0
BRDA:455,47,1,0
BRDA:455,47,2,0
BRDA:472,48,0,0
BRDA:474,49,0,0
BRDA:474,49,1,0
BRDA:481,50,0,0
BRDA:481,50,1,0
BRDA:482,51,0,0
BRDA:482,51,1,0
BRDA:483,52,0,0
BRDA:483,52,1,0
BRDA:490,53,0,0
BRDA:490,53,1,0
BRDA:490,53,2,0
BRDA:506,54,0,0
BRDA:506,54,1,0
BRDA:511,55,0,0
BRDA:511,55,1,0
BRDA:512,56,0,0
BRDA:529,57,0,0
BRDA:535,58,0,0
BRDA:538,59,0,0
BRDA:544,60,0,0
BRDA:547,61,0,0
BRDA:565,62,0,0
BRDA:582,63,0,0
BRDA:585,64,0,0
BRDA:586,65,0,0
BRDA:586,65,1,0
BRDA:587,66,0,0
BRDA:587,66,1,0
BRDA:589,67,0,0
BRDA:604,68,0,0
BRDA:604,69,0,0
BRDA:604,69,1,0
BRDA:614,70,0,0
BRDA:614,70,1,0
BRDA:619,71,0,0
BRDA:622,72,0,0
BRDA:625,73,0,0
BRDA:625,73,1,0
BRDA:636,74,0,0
BRDA:638,75,0,0
BRDA:638,75,1,0
BRDA:639,76,0,0
BRDA:639,76,1,0
BRDA:640,77,0,0
BRDA:641,78,0,0
BRDA:641,78,1,0
BRDA:646,79,0,0
BRDA:648,80,0,0
BRDA:648,80,1,0
BRDA:650,81,0,0
BRDA:675,82,0,0
BRDA:675,83,0,0
BRDA:675,83,1,0
BRDA:678,84,0,0
BRDA:692,85,0,0
BRDA:698,86,0,0
BRDA:704,87,0,0
BRDA:705,88,0,0
BRDA:705,88,1,0
BRDA:738,89,0,0
BRDA:739,90,0,0
BRDA:739,90,1,0
BRDA:739,90,2,0
BRDA:743,91,0,0
BRDA:750,92,0,0
BRDA:750,92,1,0
BRDA:752,93,0,0
BRDA:752,94,0,0
BRDA:752,94,1,0
BRDA:758,95,0,0
BRDA:759,96,0,0
BRDA:759,96,1,0
BRDA:759,96,2,0
BRDA:763,97,0,0
BRDA:764,98,0,0
BRDA:764,98,1,0
BRDA:764,98,2,0
BRDA:766,99,0,0
BRDA:770,100,0,0
BRDA:770,100,1,0
BRDA:780,101,0,0
BRDA:798,102,0,0
BRDA:798,102,1,0
BRDA:799,103,0,0
BRDA:799,103,1,0
BRDA:813,104,0,0
BRDA:818,105,0,0
BRDA:827,106,0,0
BRDA:827,107,0,0
BRDA:827,107,1,0
BRF:177
BRH:0
end_of_record
TN:
SF:src/index.ts
FNF:0
FNH:0
DA:5,0
DA:8,0
DA:11,0
DA:14,0
DA:17,0
DA:20,0
DA:23,0
DA:26,0
DA:29,0
DA:31,0
LF:10
LH:0
BRF:0
BRH:0
end_of_record
TN:
SF:src/init.ts
FN:31,setupAuthHandlers
FN:33,(anonymous_1)
FN:43,setupModalHandlers
FN:49,(anonymous_3)
FN:50,(anonymous_4)
FN:56,(anonymous_5)
FN:71,(anonymous_6)
FN:75,(anonymous_7)
FN:80,(anonymous_8)
FN:84,(anonymous_9)
FN:101,initializeKeyValueEditors
FN:107,initializeParamsEditor
FN:114,initializeHeadersEditor
FN:121,setupAddButtons
FN:123,(anonymous_14)
FN:131,(anonymous_15)
FN:139,(anonymous_16)
FN:150,showDevToolsGuidance
FN:182,(anonymous_18)
FN:188,(anonymous_19)
FN:191,(anonymous_20)
FN:205,setupPreRequestScript
FN:213,(anonymous_22)
FN:216,setupTestScript
FN:224,(anonymous_24)
FN:227,initializeApp
FN:239,(anonymous_26)
FN:263,(anonymous_27)
FN:268,(anonymous_28)
FN:295,(anonymous_29)
FNF:30
FNH:0
FNDA:0,setupAuthHandlers
FNDA:0,(anonymous_1)
FNDA:0,setupModalHandlers
FNDA:0,(anonymous_3)
FNDA:0,(anonymous_4)
FNDA:0,(anonymous_5)
FNDA:0,(anonymous_6)
FNDA:0,(anonymous_7)
FNDA:0,(anonymous_8)
FNDA:0,(anonymous_9)
FNDA:0,initializeKeyValueEditors
FNDA:0,initializeParamsEditor
FNDA:0,initializeHeadersEditor
FNDA:0,setupAddButtons
FNDA:0,(anonymous_14)
FNDA:0,(anonymous_15)
FNDA:0,(anonymous_16)
FNDA:0,showDevToolsGuidance
FNDA:0,(anonymous_18)
FNDA:0,(anonymous_19)
FNDA:0,(anonymous_20)
FNDA:0,setupPreRequestScript
FNDA:0,(anonymous_22)
FNDA:0,setupTestScript
FNDA:0,(anonymous_24)
FNDA:0,initializeApp
FNDA:0,(anonymous_26)
FNDA:0,(anonymous_27)
FNDA:0,(anonymous_28)
FNDA:0,(anonymous_29)
DA:5,0
DA:9,0
DA:18,0
DA:24,0
DA:25,0
DA:26,0
DA:27,0
DA:28,0
DA:32,0
DA:33,0
DA:34,0
DA:35,0
DA:36,0
DA:37,0
DA:44,0
DA:45,0
DA:47,0
DA:49,0
DA:50,0
DA:51,0
DA:56,0
DA:57,0
DA:58,0
DA:63,0
DA:64,0
DA:66,0
DA:67,0
DA:70,0
DA:71,0
DA:72,0
DA:75,0
DA:76,0
DA:77,0
DA:80,0
DA:81,0
DA:84,0
DA:85,0
DA:86,0
DA:88,0
DA:89,0
DA:90,0
DA:96,0
DA:97,0
DA:102,0
DA:103,0
DA:104,0
DA:108,0
DA:109,0
DA:110,0
DA:115,0
DA:116,0
DA:117,0
DA:122,0
DA:123,0
DA:124,0
DA:125,0
DA:126,0
DA:130,0
DA:131,0
DA:132,0
DA:133,0
DA:134,0
DA:138,0
DA:139,0
DA:140,0
DA:141,0
DA:142,0
DA:151,0
DA:153,0
DA:154,0
DA:172,0
DA:179,0
DA:182,0
DA:183,0
DA:184,0
DA:188,0
DA:189,0
DA:190,0
DA:191,0
DA:192,0
DA:193,0
DA:198,0
DA:200,0
DA:206,0
DA:207,0
DA:210,0
DA:213,0
DA:217,0
DA:218,0
DA:221,0
DA:224,0
DA:228,0
DA:232,0
DA:233,0
DA:234,0
DA:235,0
DA:236,0
DA:239,0
DA:240,0
DA:242,0
DA:243,0
DA:244,0
DA:246,0
DA:248,0
DA:256,0
DA:259,0
DA:262,0
DA:263,0
DA:264,0
DA:267,0
DA:268,0
DA:269,0
DA:273,0
DA:276,0
DA:280,0
DA:281,0
DA:285,0
DA:288,0
DA:290,0
DA:291,0
DA:295,0
DA:296,0
DA:299,0
DA:300,0
DA:301,0
DA:303,0
LF:126
LH:0
BRDA:35,0,0,0
BRDA:45,1,0,0
BRDA:57,2,0,0
BRDA:66,3,0,0
BRDA:70,4,0,0
BRDA:89,5,0,0
BRDA:89,6,0,0
BRDA:89,6,1,0
BRDA:109,7,0,0
BRDA:109,8,0,0
BRDA:109,8,1,0
BRDA:116,9,0,0
BRDA:116,10,0,0
BRDA:116,10,1,0
BRDA:125,11,0,0
BRDA:133,12,0,0
BRDA:141,13,0,0
BRDA:192,14,0,0
BRDA:207,15,0,0
BRDA:218,16,0,0
BRDA:240,17,0,0
BRDA:240,17,1,0
BRDA:243,18,0,0
BRDA:246,19,0,0
BRF:24
BRH:0
end_of_record
TN:
SF:src/injected.ts
FN:32,(anonymous_0)
FN:62,sendMessage
FN:71,(anonymous_2)
FN:79,overrideFetch
FN:80,(anonymous_4)
FN:105,(anonymous_5)
FN:124,(anonymous_6)
FN:148,overrideXHR
FN:149,(anonymous_8)
FN:164,(anonymous_9)
FN:174,(anonymous_10)
FN:201,(anonymous_11)
FN:218,(anonymous_12)
FN:240,overrideWebSocket
FN:242,(anonymous_14)
FN:266,(anonymous_15)
FN:281,(anonymous_16)
FN:299,(anonymous_17)
FN:311,(anonymous_18)
FN:325,(anonymous_19)
FN:352,extractFetchRequestInfo
FN:387,extractFetchResponseInfo
FN:401,extractHeaders
FN:417,parseXHRResponseHeaders
FN:421,(anonymous_24)
FN:431,resolveURL
FN:447,serializeBody
FN:482,detectGraphQLRequests
FN:483,(anonymous_28)
FN:484,(anonymous_29)
FN:485,(anonymous_30)
FN:511,monitorConsole
FN:516,(anonymous_32)
FN:521,(anonymous_33)
FN:526,(anonymous_34)
FN:532,checkForAPILogs
FN:546,monitorPerformance
FN:548,(anonymous_37)
FN:549,(anonymous_38)
FN:576,monitorCookies
FN:582,(anonymous_40)
FN:585,(anonymous_41)
FN:597,monitorStorage
FN:602,(anonymous_43)
FN:612,(anonymous_44)
FN:621,(anonymous_45)
FN:631,initialize
FN:657,(anonymous_47)
FN:658,(anonymous_48)
FN:662,(anonymous_49)
FN:663,(anonymous_50)
FN:664,(anonymous_51)
FNF:52
FNH:0
FNDA:0,(anonymous_0)
FNDA:0,sendMessage
FNDA:0,(anonymous_2)
FNDA:0,overrideFetch
FNDA:0,(anonymous_4)
FNDA:0,(anonymous_5)
FNDA:0,(anonymous_6)
FNDA:0,overrideXHR
FNDA:0,(anonymous_8)
FNDA:0,(anonymous_9)
FNDA:0,(anonymous_10)
FNDA:0,(anonymous_11)
FNDA:0,(anonymous_12)
FNDA:0,overrideWebSocket
FNDA:0,(anonymous_14)
FNDA:0,(anonymous_15)
FNDA:0,(anonymous_16)
FNDA:0,(anonymous_17)
FNDA:0,(anonymous_18)
FNDA:0,(anonymous_19)
FNDA:0,extractFetchRequestInfo
FNDA:0,extractFetchResponseInfo
FNDA:0,extractHeaders
FNDA:0,parseXHRResponseHeaders
FNDA:0,(anonymous_24)
FNDA:0,resolveURL
FNDA:0,serializeBody
FNDA:0,detectGraphQLRequests
FNDA:0,(anonymous_28)
FNDA:0,(anonymous_29)
FNDA:0,(anonymous_30)
FNDA:0,monitorConsole
FNDA:0,(anonymous_32)
FNDA:0,(anonymous_33)
FNDA:0,(anonymous_34)
FNDA:0,checkForAPILogs
FNDA:0,monitorPerformance
FNDA:0,(anonymous_37)
FNDA:0,(anonymous_38)
FNDA:0,monitorCookies
FNDA:0,(anonymous_40)
FNDA:0,(anonymous_41)
FNDA:0,monitorStorage
FNDA:0,(anonymous_43)
FNDA:0,(anonymous_44)
FNDA:0,(anonymous_45)
FNDA:0,initialize
FNDA:0,(anonymous_47)
FNDA:0,(anonymous_48)
FNDA:0,(anonymous_49)
FNDA:0,(anonymous_50)
FNDA:0,(anonymous_51)
DA:32,0
DA:36,0
DA:37,0
DA:39,0
DA:41,0
DA:44,0
DA:52,0
DA:53,0
DA:56,0
DA:57,0
DA:58,0
DA:59,0
DA:63,0
DA:71,0
DA:72,0
DA:73,0
DA:74,0
DA:80,0
DA:81,0
DA:82,0
DA:85,0
DA:88,0
DA:91,0
DA:93,0
DA:94,0
DA:95,0
DA:96,0
DA:97,0
DA:98,0
DA:102,0
DA:105,0
DA:106,0
DA:107,0
DA:110,0
DA:112,0
DA:113,0
DA:114,0
DA:115,0
DA:116,0
DA:117,0
DA:121,0
DA:123,0
DA:125,0
DA:126,0
DA:133,0
DA:135,0
DA:136,0
DA:137,0
DA:138,0
DA:141,0
DA:142,0
DA:149,0
DA:150,0
DA:151,0
DA:153,0
DA:163,0
DA:164,0
DA:165,0
DA:166,0
DA:168,0
DA:171,0
DA:174,0
DA:175,0
DA:176,0
DA:179,0
DA:182,0
DA:191,0
DA:192,0
DA:193,0
DA:194,0
DA:195,0
DA:196,0
DA:200,0
DA:201,0
DA:202,0
DA:203,0
DA:204,0
DA:206,0
DA:214,0
DA:215,0
DA:218,0
DA:219,0
DA:220,0
DA:221,0
DA:223,0
DA:230,0
DA:231,0
DA:235,0
DA:241,0
DA:243,0
DA:244,0
DA:245,0
DA:248,0
DA:258,0
DA:259,0
DA:260,0
DA:261,0
DA:265,0
DA:266,0
DA:267,0
DA:268,0
DA:271,0
DA:277,0
DA:281,0
DA:282,0
DA:284,0
DA:293,0
DA:294,0
DA:295,0
DA:299,0
DA:300,0
DA:301,0
DA:304,0
DA:311,0
DA:312,0
DA:313,0
DA:314,0
DA:317,0
DA:325,0
DA:326,0
DA:327,0
DA:328,0
DA:331,0
DA:338,0
DA:343,0
DA:344,0
DA:345,0
DA:346,0
DA:347,0
DA:348,0
DA:353,0
DA:357,0
DA:358,0
DA:359,0
DA:360,0
DA:361,0
DA:362,0
DA:364,0
DA:365,0
DA:366,0
DA:367,0
DA:369,0
DA:372,0
DA:373,0
DA:374,0
DA:376,0
DA:388,0
DA:402,0
DA:404,0
DA:406,0
DA:407,0
DA:408,0
DA:410,0
DA:411,0
DA:414,0
DA:418,0
DA:419,0
DA:421,0
DA:422,0
DA:423,0
DA:424,0
DA:428,0
DA:432,0
DA:433,0
DA:435,0
DA:436,0
DA:438,0
DA:439,0
DA:441,0
DA:442,0
DA:444,0
DA:448,0
DA:450,0
DA:451,0
DA:454,0
DA:455,0
DA:456,0
DA:457,0
DA:459,0
DA:462,0
DA:463,0
DA:466,0
DA:467,0
DA:470,0
DA:471,0
DA:474,0
DA:475,0
DA:477,0
DA:483,0
DA:484,0
DA:485,0
DA:486,0
DA:487,0
DA:489,0
DA:492,0
DA:503,0
DA:512,0
DA:513,0
DA:514,0
DA:516,0
DA:517,0
DA:518,0
DA:521,0
DA:522,0
DA:523,0
DA:526,0
DA:527,0
DA:528,0
DA:533,0
DA:534,0
DA:537,0
DA:547,0
DA:548,0
DA:549,0
DA:550,0
DA:551,0
DA:552,0
DA:555,0
DA:567,0
DA:568,0
DA:570,0
DA:577,0
DA:580,0
DA:581,0
DA:583,0
DA:586,0
DA:590,0
DA:598,0
DA:599,0
DA:600,0
DA:602,0
DA:603,0
DA:609,0
DA:612,0
DA:613,0
DA:618,0
DA:621,0
DA:622,0
DA:626,0
DA:632,0
DA:633,0
DA:636,0
DA:637,0
DA:640,0
DA:641,0
DA:642,0
DA:643,0
DA:644,0
DA:645,0
DA:648,0
DA:656,0
DA:657,0
DA:659,0
DA:660,0
DA:662,0
DA:663,0
DA:665,0
DA:670,0
DA:671,0
DA:673,0
DA:676,0
LF:261
LH:0
BRDA:36,0,0,0
BRDA:72,1,0,0
BRDA:93,2,0,0
BRDA:112,3,0,0
BRDA:135,4,0,0
BRDA:149,5,0,0
BRDA:165,6,0,0
BRDA:175,7,0,0
BRDA:191,8,0,0
BRDA:202,9,0,0
BRDA:219,10,0,0
BRDA:258,11,0,0
BRDA:267,12,0,0
BRDA:293,13,0,0
BRDA:300,14,0,0
BRDA:312,15,0,0
BRDA:326,16,0,0
BRDA:353,17,0,0
BRDA:357,18,0,0
BRDA:357,18,1,0
BRDA:359,19,0,0
BRDA:359,19,1,0
BRDA:364,20,0,0
BRDA:364,20,1,0
BRDA:366,21,0,0
BRDA:366,21,1,0
BRDA:372,22,0,0
BRDA:372,22,1,0
BRDA:372,22,2,0
BRDA:373,23,0,0
BRDA:373,23,1,0
BRDA:373,23,2,0
BRDA:374,24,0,0
BRDA:374,24,1,0
BRDA:374,24,2,0
BRDA:402,25,0,0
BRDA:406,26,0,0
BRDA:406,26,1,0
BRDA:410,27,0,0
BRDA:419,28,0,0
BRDA:423,29,0,0
BRDA:432,30,0,0
BRDA:435,31,0,0
BRDA:435,32,0,0
BRDA:435,32,1,0
BRDA:438,33,0,0
BRDA:441,34,0,0
BRDA:448,35,0,0
BRDA:450,36,0,0
BRDA:454,37,0,0
BRDA:462,38,0,0
BRDA:466,39,0,0
BRDA:466,40,0,0
BRDA:466,40,1,0
BRDA:470,41,0,0
BRDA:486,42,0,0
BRDA:489,43,0,0
BRDA:489,44,0,0
BRDA:489,44,1,0
BRDA:489,44,2,0
BRDA:489,44,3,0
BRDA:534,45,0,0
BRDA:534,46,0,0
BRDA:534,46,1,0
BRDA:534,46,2,0
BRDA:534,46,3,0
BRDA:534,46,4,0
BRDA:547,47,0,0
BRDA:550,48,0,0
BRDA:550,49,0,0
BRDA:550,49,1,0
BRDA:552,50,0,0
BRDA:552,51,0,0
BRDA:552,51,1,0
BRDA:552,51,2,0
BRDA:552,51,3,0
BRDA:577,52,0,0
BRDA:577,52,1,0
BRDA:580,53,0,0
BRDA:580,54,0,0
BRDA:580,54,1,0
BRDA:580,54,2,0
BRDA:604,55,0,0
BRDA:604,55,1,0
BRDA:614,56,0,0
BRDA:614,56,1,0
BRDA:623,57,0,0
BRDA:623,57,1,0
BRDA:632,58,0,0
BRDA:636,59,0,0
BRDA:664,60,0,0
BRDA:670,61,0,0
BRDA:670,61,1,0
BRF:93
BRH:0
end_of_record
TN:
SF:src/interceptorManager.ts
FN:39,startInterceptor
FN:43,(anonymous_1)
FN:62,stopInterceptor
FN:65,(anonymous_3)
FN:83,getInterceptorFilters
FN:85,(anonymous_5)
FN:99,handleInterceptedRequest
FN:109,displayInterceptedRequest
FN:121,(anonymous_8)
FN:140,loadInterceptedRequest
FNF:10
FNH:0
FNDA:0,startInterceptor
FNDA:0,(anonymous_1)
FNDA:0,stopInterceptor
FNDA:0,(anonymous_3)
FNDA:0,getInterceptorFilters
FNDA:0,(anonymous_5)
FNDA:0,handleInterceptedRequest
FNDA:0,displayInterceptedRequest
FNDA:0,(anonymous_8)
FNDA:0,loadInterceptedRequest
DA:6,0
DA:7,0
DA:32,0
DA:39,0
DA:40,0
DA:42,0
DA:43,0
DA:44,0
DA:45,0
DA:46,0
DA:47,0
DA:48,0
DA:49,0
DA:50,0
DA:54,0
DA:62,0
DA:63,0
DA:65,0
DA:66,0
DA:67,0
DA:68,0
DA:69,0
DA:70,0
DA:71,0
DA:72,0
DA:76,0
DA:83,0
DA:84,0
DA:85,0
DA:86,0
DA:87,0
DA:89,0
DA:90,0
DA:91,0
DA:99,0
DA:100,0
DA:101,0
DA:109,0
DA:110,0
DA:112,0
DA:113,0
DA:114,0
DA:121,0
DA:122,0
DA:125,0
DA:128,0
DA:129,0
DA:130,0
DA:131,0
DA:140,0
DA:141,0
DA:153,0
DA:154,0
LF:53
LH:0
BRDA:40,0,0,0
BRDA:44,1,0,0
BRDA:63,2,0,0
BRDA:66,3,0,0
BRDA:100,4,0,0
BRDA:100,5,0,0
BRDA:100,5,1,0
BRDA:117,6,0,0
BRDA:117,6,1,0
BRDA:117,7,0,0
BRDA:117,7,1,0
BRDA:117,8,0,0
BRDA:117,8,1,0
BRDA:130,9,0,0
BRDA:146,10,0,0
BRDA:146,10,1,0
BRDA:148,11,0,0
BRDA:148,11,1,0
BRF:18
BRH:0
end_of_record
TN:
SF:src/postmanTestAPI.ts
FN:56,(anonymous_0)
FN:85,(anonymous_1)
FN:92,(anonymous_2)
FN:97,(anonymous_3)
FN:102,(anonymous_4)
FN:107,(anonymous_5)
FN:115,(anonymous_6)
FN:123,(anonymous_7)
FN:127,(anonymous_8)
FN:148,(anonymous_9)
FN:152,(anonymous_10)
FN:156,(anonymous_11)
FN:160,(anonymous_12)
FN:164,(anonymous_13)
FN:173,(anonymous_14)
FN:177,(anonymous_15)
FN:187,(anonymous_16)
FN:191,(anonymous_17)
FN:200,(anonymous_18)
FN:204,(anonymous_19)
FN:208,(anonymous_20)
FN:216,(anonymous_21)
FN:224,(anonymous_22)
FN:235,(anonymous_23)
FN:238,(anonymous_24)
FN:243,(anonymous_25)
FN:261,(anonymous_26)
FN:285,(anonymous_27)
FN:290,(anonymous_28)
FN:297,(anonymous_29)
FN:304,(anonymous_30)
FN:314,(anonymous_31)
FN:318,(anonymous_32)
FN:322,(anonymous_33)
FN:326,(anonymous_34)
FN:333,(anonymous_35)
FN:337,(anonymous_36)
FN:341,(anonymous_37)
FN:345,(anonymous_38)
FN:352,(anonymous_39)
FN:356,(anonymous_40)
FN:369,(anonymous_41)
FN:374,(anonymous_42)
FN:379,(anonymous_43)
FN:385,(anonymous_44)
FN:390,(anonymous_45)
FN:395,(anonymous_46)
FN:400,(anonymous_47)
FN:405,(anonymous_48)
FN:410,(anonymous_49)
FN:415,(anonymous_50)
FN:421,(anonymous_51)
FN:426,(anonymous_52)
FN:433,(anonymous_53)
FN:446,(anonymous_54)
FN:455,(anonymous_55)
FN:466,(anonymous_56)
FN:479,(anonymous_57)
FN:486,(anonymous_58)
FN:504,(anonymous_59)
FN:514,(anonymous_60)
FN:524,(anonymous_61)
FN:525,(anonymous_62)
FN:526,(anonymous_63)
FN:527,(anonymous_64)
FN:531,executePostmanTestScript
FN:576,isPostmanStyleScript
FNF:67
FNH:0
FNDA:0,(anonymous_0)
FNDA:0,(anonymous_1)
FNDA:0,(anonymous_2)
FNDA:0,(anonymous_3)
FNDA:0,(anonymous_4)
FNDA:0,(anonymous_5)
FNDA:0,(anonymous_6)
FNDA:0,(anonymous_7)
FNDA:0,(anonymous_8)
FNDA:0,(anonymous_9)
FNDA:0,(anonymous_10)
FNDA:0,(anonymous_11)
FNDA:0,(anonymous_12)
FNDA:0,(anonymous_13)
FNDA:0,(anonymous_14)
FNDA:0,(anonymous_15)
FNDA:0,(anonymous_16)
FNDA:0,(anonymous_17)
FNDA:0,(anonymous_18)
FNDA:0,(anonymous_19)
FNDA:0,(anonymous_20)
FNDA:0,(anonymous_21)
FNDA:0,(anonymous_22)
FNDA:0,(anonymous_23)
FNDA:0,(anonymous_24)
FNDA:0,(anonymous_25)
FNDA:0,(anonymous_26)
FNDA:0,(anonymous_27)
FNDA:0,(anonymous_28)
FNDA:0,(anonymous_29)
FNDA:0,(anonymous_30)
FNDA:0,(anonymous_31)
FNDA:0,(anonymous_32)
FNDA:0,(anonymous_33)
FNDA:0,(anonymous_34)
FNDA:0,(anonymous_35)
FNDA:0,(anonymous_36)
FNDA:0,(anonymous_37)
FNDA:0,(anonymous_38)
FNDA:0,(anonymous_39)
FNDA:0,(anonymous_40)
FNDA:0,(anonymous_41)
FNDA:0,(anonymous_42)
FNDA:0,(anonymous_43)
FNDA:0,(anonymous_44)
FNDA:0,(anonymous_45)
FNDA:0,(anonymous_46)
FNDA:0,(anonymous_47)
FNDA:0,(anonymous_48)
FNDA:0,(anonymous_49)
FNDA:0,(anonymous_50)
FNDA:0,(anonymous_51)
FNDA:0,(anonymous_52)
FNDA:0,(anonymous_53)
FNDA:0,(anonymous_54)
FNDA:0,(anonymous_55)
FNDA:0,(anonymous_56)
FNDA:0,(anonymous_57)
FNDA:0,(anonymous_58)
FNDA:0,(anonymous_59)
FNDA:0,(anonymous_60)
FNDA:0,(anonymous_61)
FNDA:0,(anonymous_62)
FNDA:0,(anonymous_63)
FNDA:0,(anonymous_64)
FNDA:0,executePostmanTestScript
FNDA:0,isPostmanStyleScript
DA:32,0
DA:33,0
DA:45,0
DA:57,0
DA:58,0
DA:86,0
DA:87,0
DA:88,0
DA:93,0
DA:98,0
DA:103,0
DA:108,0
DA:116,0
DA:124,0
DA:128,0
DA:140,0
DA:149,0
DA:153,0
DA:157,0
DA:161,0
DA:165,0
DA:174,0
DA:178,0
DA:179,0
DA:180,0
DA:181,0
DA:184,0
DA:188,0
DA:192,0
DA:201,0
DA:205,0
DA:209,0
DA:210,0
DA:212,0
DA:217,0
DA:218,0
DA:220,0
DA:225,0
DA:226,0
DA:228,0
DA:235,0
DA:237,0
DA:239,0
DA:240,0
DA:244,0
DA:245,0
DA:246,0
DA:248,0
DA:249,0
DA:250,0
DA:251,0
DA:252,0
DA:254,0
DA:255,0
DA:256,0
DA:262,0
DA:263,0
DA:264,0
DA:267,0
DA:268,0
DA:269,0
DA:270,0
DA:271,0
DA:273,0
DA:276,0
DA:277,0
DA:278,0
DA:284,0
DA:286,0
DA:287,0
DA:291,0
DA:292,0
DA:297,0
DA:298,0
DA:299,0
DA:300,0
DA:304,0
DA:305,0
DA:306,0
DA:307,0
DA:315,0
DA:319,0
DA:323,0
DA:328,0
DA:334,0
DA:338,0
DA:342,0
DA:347,0
DA:353,0
DA:358,0
DA:359,0
DA:360,0
DA:370,0
DA:373,0
DA:375,0
DA:376,0
DA:380,0
DA:381,0
DA:386,0
DA:387,0
DA:391,0
DA:392,0
DA:396,0
DA:397,0
DA:401,0
DA:402,0
DA:406,0
DA:407,0
DA:411,0
DA:412,0
DA:416,0
DA:417,0
DA:422,0
DA:423,0
DA:427,0
DA:428,0
DA:434,0
DA:435,0
DA:436,0
DA:438,0
DA:439,0
DA:440,0
DA:443,0
DA:447,0
DA:448,0
DA:450,0
DA:451,0
DA:456,0
DA:457,0
DA:459,0
DA:460,0
DA:462,0
DA:463,0
DA:467,0
DA:468,0
DA:470,0
DA:471,0
DA:480,0
DA:481,0
DA:482,0
DA:483,0
DA:484,0
DA:487,0
DA:488,0
DA:489,0
DA:493,0
DA:495,0
DA:500,0
DA:505,0
DA:508,0
DA:515,0
DA:520,0
DA:523,0
DA:524,0
DA:525,0
DA:526,0
DA:527,0
DA:531,0
DA:536,0
DA:539,0
DA:540,0
DA:541,0
DA:542,0
DA:545,0
DA:554,0
DA:556,0
DA:562,0
DA:564,0
DA:566,0
DA:567,0
DA:576,0
DA:577,0
DA:581,0
DA:582,0
DA:585,0
LF:175
LH:0
BRDA:140,0,0,0
BRDA:140,0,1,0
BRDA:174,1,0,0
BRDA:174,1,1,0
BRDA:180,2,0,0
BRDA:239,3,0,0
BRDA:245,4,0,0
BRDA:248,5,0,0
BRDA:250,6,0,0
BRDA:250,6,1,0
BRDA:251,7,0,0
BRDA:254,8,0,0
BRDA:255,9,0,0
BRDA:255,10,0,0
BRDA:255,10,1,0
BRDA:263,11,0,0
BRDA:263,12,0,0
BRDA:263,12,1,0
BRDA:270,13,0,0
BRDA:270,14,0,0
BRDA:270,14,1,0
BRDA:270,14,2,0
BRDA:276,15,0,0
BRDA:277,16,0,0
BRDA:286,17,0,0
BRDA:286,18,0,0
BRDA:286,18,1,0
BRDA:291,19,0,0
BRDA:291,20,0,0
BRDA:291,20,1,0
BRDA:298,21,0,0
BRDA:298,21,1,0
BRDA:299,22,0,0
BRDA:305,23,0,0
BRDA:305,23,1,0
BRDA:306,24,0,0
BRDA:358,25,0,0
BRDA:359,26,0,0
BRDA:359,26,1,0
BRDA:375,27,0,0
BRDA:380,28,0,0
BRDA:386,29,0,0
BRDA:391,30,0,0
BRDA:396,31,0,0
BRDA:401,32,0,0
BRDA:406,33,0,0
BRDA:411,34,0,0
BRDA:411,35,0,0
BRDA:411,35,1,0
BRDA:416,36,0,0
BRDA:416,37,0,0
BRDA:416,37,1,0
BRDA:422,38,0,0
BRDA:422,39,0,0
BRDA:422,39,1,0
BRDA:427,40,0,0
BRDA:427,41,0,0
BRDA:427,41,1,0
BRDA:434,42,0,0
BRDA:434,42,1,0
BRDA:435,43,0,0
BRDA:438,44,0,0
BRDA:438,44,1,0
BRDA:439,45,0,0
BRDA:447,46,0,0
BRDA:450,47,0,0
BRDA:456,48,0,0
BRDA:456,49,0,0
BRDA:456,49,1,0
BRDA:459,50,0,0
BRDA:462,51,0,0
BRDA:462,52,0,0
BRDA:462,52,1,0
BRDA:467,53,0,0
BRDA:467,54,0,0
BRDA:467,54,1,0
BRDA:470,55,0,0
BRDA:549,56,0,0
BRDA:549,56,1,0
BRDA:549,57,0,0
BRDA:549,57,1,0
BRDA:550,58,0,0
BRDA:550,58,1,0
BRDA:550,59,0,0
BRDA:550,59,1,0
BRDA:581,60,0,0
BRF:86
BRH:0
end_of_record
TN:
SF:src/requestManager.ts
FN:38,getStatusText
FN:58,clearResponseDisplay
FN:121,loadRequestIntoEditor
FN:153,(anonymous_3)
FN:175,(anonymous_4)
FN:180,(anonymous_5)
FN:184,(anonymous_6)
FN:264,(anonymous_7)
FN:305,(anonymous_8)
FN:496,executeTestScript
FN:549,(anonymous_10)
FN:550,(anonymous_11)
FN:582,persistExecutionResults
FN:590,(anonymous_13)
FN:592,(anonymous_14)
FN:610,(anonymous_15)
FN:611,(anonymous_16)
FN:659,sendRequest
FN:780,fileToBase64
FN:781,(anonymous_19)
FN:807,(anonymous_20)
FN:815,(anonymous_21)
FN:834,buildFetchOptions
FN:875,(anonymous_23)
FN:887,(anonymous_24)
FN:927,sendRequestWithCookieSupport
FN:935,(anonymous_26)
FN:1079,(anonymous_27)
FN:1094,(anonymous_28)
FN:1095,(anonymous_29)
FN:1124,addAuthenticationHeaders
FN:1158,processResponse
FN:1171,(anonymous_32)
FN:1206,displayResponse
FN:1233,formatXml
FN:1249,(anonymous_35)
FN:1263,formatHtml
FN:1268,(anonymous_37)
FN:1269,(anonymous_38)
FN:1270,(anonymous_39)
FN:1285,formatCss
FN:1291,(anonymous_41)
FN:1292,(anonymous_42)
FN:1293,(anonymous_43)
FN:1312,formatJavaScript
FN:1319,(anonymous_45)
FN:1320,(anonymous_46)
FN:1321,(anonymous_47)
FN:1325,(anonymous_48)
FN:1345,detectContentType
FN:1389,displayResponseBody
FN:1457,displayResponseHeaders
FN:1461,(anonymous_52)
FN:1473,displayResponseCookies
FN:1504,(anonymous_54)
FN:1508,(anonymous_55)
FN:1509,(anonymous_56)
FN:1511,(anonymous_57)
FN:1523,runTestCommand
FN:1564,(anonymous_59)
FN:1637,(anonymous_60)
FN:1666,(anonymous_61)
FN:1759,(anonymous_62)
FN:1760,(anonymous_63)
FN:1764,(anonymous_64)
FN:1765,(anonymous_65)
FN:1768,(anonymous_66)
FN:1968,executePreRequestScript
FN:1994,(anonymous_68)
FN:2014,(anonymous_69)
FN:2084,(anonymous_70)
FN:2117,displayTestResults
FN:2123,(anonymous_72)
FN:2124,(anonymous_73)
FN:2127,(anonymous_74)
FN:2139,processVariables
FN:2162,(anonymous_76)
FN:2175,(anonymous_77)
FN:2212,(anonymous_78)
FN:2262,(anonymous_79)
FN:2288,saveToHistory
FN:2299,saveCurrentRequest
FN:2319,(anonymous_82)
FN:2333,(anonymous_83)
FN:2409,(anonymous_84)
FN:2411,(anonymous_85)
FN:2422,(anonymous_86)
FN:2424,(anonymous_87)
FN:2447,getValueFromVarString
FNF:89
FNH:0
FNDA:0,getStatusText
FNDA:0,clearResponseDisplay
FNDA:0,loadRequestIntoEditor
FNDA:0,(anonymous_3)
FNDA:0,(anonymous_4)
FNDA:0,(anonymous_5)
FNDA:0,(anonymous_6)
FNDA:0,(anonymous_7)
FNDA:0,(anonymous_8)
FNDA:0,executeTestScript
FNDA:0,(anonymous_10)
FNDA:0,(anonymous_11)
FNDA:0,persistExecutionResults
FNDA:0,(anonymous_13)
FNDA:0,(anonymous_14)
FNDA:0,(anonymous_15)
FNDA:0,(anonymous_16)
FNDA:0,sendRequest
FNDA:0,fileToBase64
FNDA:0,(anonymous_19)
FNDA:0,(anonymous_20)
FNDA:0,(anonymous_21)
FNDA:0,buildFetchOptions
FNDA:0,(anonymous_23)
FNDA:0,(anonymous_24)
FNDA:0,sendRequestWithCookieSupport
FNDA:0,(anonymous_26)
FNDA:0,(anonymous_27)
FNDA:0,(anonymous_28)
FNDA:0,(anonymous_29)
FNDA:0,addAuthenticationHeaders
FNDA:0,processResponse
FNDA:0,(anonymous_32)
FNDA:0,displayResponse
FNDA:0,formatXml
FNDA:0,(anonymous_35)
FNDA:0,formatHtml
FNDA:0,(anonymous_37)
FNDA:0,(anonymous_38)
FNDA:0,(anonymous_39)
FNDA:0,formatCss
FNDA:0,(anonymous_41)
FNDA:0,(anonymous_42)
FNDA:0,(anonymous_43)
FNDA:0,formatJavaScript
FNDA:0,(anonymous_45)
FNDA:0,(anonymous_46)
FNDA:0,(anonymous_47)
FNDA:0,(anonymous_48)
FNDA:0,detectContentType
FNDA:0,displayResponseBody
FNDA:0,displayResponseHeaders
FNDA:0,(anonymous_52)
FNDA:0,displayResponseCookies
FNDA:0,(anonymous_54)
FNDA:0,(anonymous_55)
FNDA:0,(anonymous_56)
FNDA:0,(anonymous_57)
FNDA:0,runTestCommand
FNDA:0,(anonymous_59)
FNDA:0,(anonymous_60)
FNDA:0,(anonymous_61)
FNDA:0,(anonymous_62)
FNDA:0,(anonymous_63)
FNDA:0,(anonymous_64)
FNDA:0,(anonymous_65)
FNDA:0,(anonymous_66)
FNDA:0,executePreRequestScript
FNDA:0,(anonymous_68)
FNDA:0,(anonymous_69)
FNDA:0,(anonymous_70)
FNDA:0,displayTestResults
FNDA:0,(anonymous_72)
FNDA:0,(anonymous_73)
FNDA:0,(anonymous_74)
FNDA:0,processVariables
FNDA:0,(anonymous_76)
FNDA:0,(anonymous_77)
FNDA:0,(anonymous_78)
FNDA:0,(anonymous_79)
FNDA:0,saveToHistory
FNDA:0,saveCurrentRequest
FNDA:0,(anonymous_82)
FNDA:0,(anonymous_83)
FNDA:0,(anonymous_84)
FNDA:0,(anonymous_85)
FNDA:0,(anonymous_86)
FNDA:0,(anonymous_87)
FNDA:0,getValueFromVarString
DA:6,0
DA:7,0
DA:12,0
DA:14,0
DA:25,0
DA:29,0
DA:32,0
DA:39,0
DA:51,0
DA:60,0
DA:61,0
DA:62,0
DA:66,0
DA:67,0
DA:68,0
DA:72,0
DA:73,0
DA:74,0
DA:78,0
DA:79,0
DA:80,0
DA:84,0
DA:85,0
DA:86,0
DA:121,0
DA:122,0
DA:123,0
DA:126,0
DA:128,0
DA:131,0
DA:132,0
DA:133,0
DA:137,0
DA:138,0
DA:139,0
DA:143,0
DA:144,0
DA:145,0
DA:146,0
DA:150,0
DA:151,0
DA:152,0
DA:153,0
DA:154,0
DA:155,0
DA:156,0
DA:157,0
DA:158,0
DA:159,0
DA:160,0
DA:163,0
DA:167,0
DA:168,0
DA:169,0
DA:170,0
DA:172,0
DA:174,0
DA:175,0
DA:176,0
DA:180,0
DA:181,0
DA:182,0
DA:184,0
DA:185,0
DA:186,0
DA:187,0
DA:188,0
DA:190,0
DA:191,0
DA:192,0
DA:193,0
DA:196,0
DA:197,0
DA:199,0
DA:202,0
DA:208,0
DA:209,0
DA:210,0
DA:213,0
DA:214,0
DA:217,0
DA:219,0
DA:220,0
DA:224,0
DA:225,0
DA:228,0
DA:229,0
DA:230,0
DA:232,0
DA:233,0
DA:234,0
DA:235,0
DA:236,0
DA:237,0
DA:238,0
DA:239,0
DA:241,0
DA:247,0
DA:248,0
DA:249,0
DA:250,0
DA:251,0
DA:252,0
DA:254,0
DA:255,0
DA:256,0
DA:257,0
DA:258,0
DA:259,0
DA:262,0
DA:263,0
DA:264,0
DA:265,0
DA:266,0
DA:267,0
DA:268,0
DA:269,0
DA:270,0
DA:271,0
DA:273,0
DA:275,0
DA:276,0
DA:277,0
DA:278,0
DA:281,0
DA:282,0
DA:283,0
DA:284,0
DA:285,0
DA:286,0
DA:287,0
DA:293,0
DA:296,0
DA:297,0
DA:298,0
DA:299,0
DA:304,0
DA:305,0
DA:306,0
DA:307,0
DA:308,0
DA:309,0
DA:310,0
DA:311,0
DA:312,0
DA:318,0
DA:319,0
DA:320,0
DA:324,0
DA:325,0
DA:326,0
DA:327,0
DA:329,0
DA:331,0
DA:332,0
DA:333,0
DA:334,0
DA:335,0
DA:337,0
DA:338,0
DA:339,0
DA:341,0
DA:342,0
DA:343,0
DA:344,0
DA:345,0
DA:346,0
DA:347,0
DA:349,0
DA:350,0
DA:351,0
DA:352,0
DA:353,0
DA:355,0
DA:359,0
DA:360,0
DA:361,0
DA:362,0
DA:364,0
DA:367,0
DA:368,0
DA:369,0
DA:370,0
DA:375,0
DA:376,0
DA:377,0
DA:378,0
DA:381,0
DA:382,0
DA:383,0
DA:385,0
DA:387,0
DA:388,0
DA:397,0
DA:398,0
DA:406,0
DA:411,0
DA:413,0
DA:414,0
DA:415,0
DA:417,0
DA:418,0
DA:419,0
DA:428,0
DA:429,0
DA:433,0
DA:440,0
DA:446,0
DA:447,0
DA:448,0
DA:452,0
DA:453,0
DA:454,0
DA:458,0
DA:460,0
DA:462,0
DA:466,0
DA:475,0
DA:478,0
DA:479,0
DA:484,0
DA:488,0
DA:496,0
DA:498,0
DA:499,0
DA:500,0
DA:505,0
DA:506,0
DA:508,0
DA:509,0
DA:512,0
DA:513,0
DA:514,0
DA:515,0
DA:517,0
DA:521,0
DA:522,0
DA:523,0
DA:524,0
DA:529,0
DA:530,0
DA:532,0
DA:533,0
DA:538,0
DA:539,0
DA:544,0
DA:547,0
DA:549,0
DA:550,0
DA:552,0
DA:553,0
DA:555,0
DA:556,0
DA:557,0
DA:558,0
DA:560,0
DA:561,0
DA:562,0
DA:564,0
DA:565,0
DA:567,0
DA:568,0
DA:573,0
DA:574,0
DA:575,0
DA:582,0
DA:589,0
DA:590,0
DA:591,0
DA:592,0
DA:593,0
DA:594,0
DA:595,0
DA:606,0
DA:610,0
DA:611,0
DA:612,0
DA:613,0
DA:614,0
DA:615,0
DA:624,0
DA:631,0
DA:634,0
DA:635,0
DA:636,0
DA:637,0
DA:659,0
DA:667,0
DA:668,0
DA:670,0
DA:672,0
DA:673,0
DA:674,0
DA:678,0
DA:679,0
DA:681,0
DA:682,0
DA:683,0
DA:686,0
DA:687,0
DA:689,0
DA:690,0
DA:691,0
DA:694,0
DA:709,0
DA:710,0
DA:712,0
DA:716,0
DA:717,0
DA:726,0
DA:727,0
DA:728,0
DA:732,0
DA:735,0
DA:739,0
DA:747,0
DA:748,0
DA:750,0
DA:754,0
DA:757,0
DA:759,0
DA:760,0
DA:761,0
DA:762,0
DA:763,0
DA:764,0
DA:765,0
DA:767,0
DA:770,0
DA:773,0
DA:781,0
DA:782,0
DA:794,0
DA:795,0
DA:796,0
DA:797,0
DA:800,0
DA:801,0
DA:802,0
DA:803,0
DA:806,0
DA:807,0
DA:808,0
DA:809,0
DA:811,0
DA:812,0
DA:813,0
DA:815,0
DA:816,0
DA:817,0
DA:820,0
DA:821,0
DA:822,0
DA:824,0
DA:825,0
DA:834,0
DA:835,0
DA:836,0
DA:837,0
DA:840,0
DA:841,0
DA:845,0
DA:848,0
DA:851,0
DA:852,0
DA:853,0
DA:855,0
DA:856,0
DA:860,0
DA:861,0
DA:862,0
DA:866,0
DA:868,0
DA:869,0
DA:870,0
DA:872,0
DA:873,0
DA:874,0
DA:875,0
DA:876,0
DA:878,0
DA:880,0
DA:885,0
DA:886,0
DA:887,0
DA:888,0
DA:890,0
DA:891,0
DA:892,0
DA:897,0
DA:898,0
DA:903,0
DA:905,0
DA:906,0
DA:909,0
DA:911,0
DA:916,0
DA:920,0
DA:933,0
DA:935,0
DA:936,0
DA:939,0
DA:940,0
DA:942,0
DA:943,0
DA:944,0
DA:945,0
DA:946,0
DA:948,0
DA:949,0
DA:951,0
DA:952,0
DA:953,0
DA:955,0
DA:956,0
DA:957,0
DA:958,0
DA:960,0
DA:961,0
DA:962,0
DA:964,0
DA:965,0
DA:966,0
DA:974,0
DA:976,0
DA:977,0
DA:979,0
DA:984,0
DA:987,0
DA:993,0
DA:995,0
DA:996,0
DA:997,0
DA:1005,0
DA:1006,0
DA:1007,0
DA:1015,0
DA:1019,0
DA:1026,0
DA:1027,0
DA:1028,0
DA:1029,0
DA:1030,0
DA:1032,0
DA:1033,0
DA:1039,0
DA:1040,0
DA:1046,0
DA:1047,0
DA:1048,0
DA:1049,0
DA:1050,0
DA:1051,0
DA:1054,0
DA:1066,0
DA:1076,0
DA:1079,0
DA:1080,0
DA:1082,0
DA:1083,0
DA:1084,0
DA:1085,0
DA:1088,0
DA:1089,0
DA:1090,0
DA:1094,0
DA:1096,0
DA:1097,0
DA:1099,0
DA:1104,0
DA:1105,0
DA:1107,0
DA:1108,0
DA:1112,0
DA:1113,0
DA:1124,0
DA:1125,0
DA:1127,0
DA:1128,0
DA:1129,0
DA:1131,0
DA:1133,0
DA:1134,0
DA:1136,0
DA:1138,0
DA:1139,0
DA:1140,0
DA:1144,0
DA:1146,0
DA:1147,0
DA:1149,0
DA:1158,0
DA:1159,0
DA:1170,0
DA:1171,0
DA:1172,0
DA:1177,0
DA:1179,0
DA:1181,0
DA:1182,0
DA:1185,0
DA:1186,0
DA:1187,0
DA:1189,0
DA:1192,0
DA:1195,0
DA:1196,0
DA:1199,0
DA:1206,0
DA:1207,0
DA:1210,0
DA:1211,0
DA:1220,0
DA:1223,0
DA:1226,0
DA:1234,0
DA:1235,0
DA:1236,0
DA:1238,0
DA:1239,0
DA:1242,0
DA:1243,0
DA:1246,0
DA:1250,0
DA:1251,0
DA:1255,0
DA:1264,0
DA:1265,0
DA:1268,0
DA:1269,0
DA:1271,0
DA:1272,0
DA:1273,0
DA:1277,0
DA:1286,0
DA:1287,0
DA:1291,0
DA:1292,0
DA:1294,0
DA:1295,0
DA:1296,0
DA:1297,0
DA:1299,0
DA:1304,0
DA:1313,0
DA:1314,0
DA:1319,0
DA:1320,0
DA:1322,0
DA:1323,0
DA:1324,0
DA:1325,0
DA:1326,0
DA:1329,0
DA:1330,0
DA:1332,0
DA:1337,0
DA:1346,0
DA:1348,0
DA:1349,0
DA:1351,0
DA:1352,0
DA:1354,0
DA:1355,0
DA:1357,0
DA:1358,0
DA:1360,0
DA:1361,0
DA:1365,0
DA:1366,0
DA:1367,0
DA:1368,0
DA:1369,0
DA:1374,0
DA:1375,0
DA:1376,0
DA:1378,0
DA:1382,0
DA:1389,0
DA:1390,0
DA:1391,0
DA:1392,0
DA:1393,0
DA:1395,0
DA:1397,0
DA:1399,0
DA:1400,0
DA:1401,0
DA:1403,0
DA:1404,0
DA:1407,0
DA:1409,0
DA:1411,0
DA:1412,0
DA:1414,0
DA:1415,0
DA:1417,0
DA:1418,0
DA:1420,0
DA:1421,0
DA:1423,0
DA:1424,0
DA:1426,0
DA:1428,0
DA:1429,0
DA:1431,0
DA:1432,0
DA:1433,0
DA:1434,0
DA:1435,0
DA:1436,0
DA:1437,0
DA:1438,0
DA:1439,0
DA:1441,0
DA:1444,0
DA:1446,0
DA:1450,0
DA:1457,0
DA:1458,0
DA:1459,0
DA:1461,0
DA:1462,0
DA:1464,0
DA:1465,0
DA:1473,0
DA:1476,0
DA:1481,0
DA:1482,0
DA:1485,0
DA:1486,0
DA:1487,0
DA:1488,0
DA:1490,0
DA:1493,0
DA:1494,0
DA:1495,0
DA:1497,0
DA:1502,0
DA:1503,0
DA:1504,0
DA:1506,0
DA:1508,0
DA:1509,0
DA:1511,0
DA:1512,0
DA:1515,0
DA:1516,0
DA:1518,0
DA:1523,0
DA:1524,0
DA:1525,0
DA:1527,0
DA:1528,0
DA:1529,0
DA:1531,0
DA:1535,0
DA:1536,0
DA:1538,0
DA:1539,0
DA:1544,0
DA:1545,0
DA:1550,0
DA:1554,0
DA:1555,0
DA:1556,0
DA:1558,0
DA:1559,0
DA:1564,0
DA:1565,0
DA:1566,0
DA:1571,0
DA:1572,0
DA:1577,0
DA:1581,0
DA:1582,0
DA:1583,0
DA:1584,0
DA:1589,0
DA:1593,0
DA:1594,0
DA:1595,0
DA:1597,0
DA:1599,0
DA:1600,0
DA:1601,0
DA:1602,0
DA:1605,0
DA:1606,0
DA:1611,0
DA:1612,0
DA:1613,0
DA:1614,0
DA:1615,0
DA:1619,0
DA:1620,0
DA:1621,0
DA:1624,0
DA:1625,0
DA:1626,0
DA:1628,0
DA:1634,0
DA:1637,0
DA:1638,0
DA:1639,0
DA:1641,0
DA:1642,0
DA:1644,0
DA:1647,0
DA:1648,0
DA:1654,0
DA:1655,0
DA:1660,0
DA:1664,0
DA:1665,0
DA:1666,0
DA:1668,0
DA:1669,0
DA:1674,0
DA:1678,0
DA:1679,0
DA:1681,0
DA:1682,0
DA:1683,0
DA:1684,0
DA:1687,0
DA:1688,0
DA:1690,0
DA:1691,0
DA:1693,0
DA:1698,0
DA:1699,0
DA:1702,0
DA:1703,0
DA:1706,0
DA:1707,0
DA:1708,0
DA:1710,0
DA:1714,0
DA:1715,0
DA:1717,0
DA:1718,0
DA:1720,0
DA:1721,0
DA:1723,0
DA:1724,0
DA:1726,0
DA:1728,0
DA:1731,0
DA:1736,0
DA:1737,0
DA:1738,0
DA:1739,0
DA:1740,0
DA:1741,0
DA:1743,0
DA:1744,0
DA:1745,0
DA:1746,0
DA:1747,0
DA:1748,0
DA:1755,0
DA:1757,0
DA:1759,0
DA:1760,0
DA:1762,0
DA:1764,0
DA:1765,0
DA:1768,0
DA:1769,0
DA:1770,0
DA:1772,0
DA:1780,0
DA:1781,0
DA:1783,0
DA:1789,0
DA:1795,0
DA:1804,0
DA:1806,0
DA:1807,0
DA:1810,0
DA:1811,0
DA:1812,0
DA:1814,0
DA:1818,0
DA:1819,0
DA:1820,0
DA:1821,0
DA:1823,0
DA:1825,0
DA:1828,0
DA:1834,0
DA:1836,0
DA:1837,0
DA:1840,0
DA:1841,0
DA:1842,0
DA:1844,0
DA:1848,0
DA:1850,0
DA:1852,0
DA:1853,0
DA:1855,0
DA:1857,0
DA:1860,0
DA:1866,0
DA:1868,0
DA:1869,0
DA:1872,0
DA:1873,0
DA:1874,0
DA:1876,0
DA:1880,0
DA:1881,0
DA:1882,0
DA:1883,0
DA:1885,0
DA:1887,0
DA:1890,0
DA:1897,0
DA:1898,0
DA:1901,0
DA:1902,0
DA:1904,0
DA:1908,0
DA:1909,0
DA:1910,0
DA:1912,0
DA:1914,0
DA:1915,0
DA:1916,0
DA:1918,0
DA:1921,0
DA:1924,0
DA:1925,0
DA:1929,0
DA:1931,0
DA:1932,0
DA:1935,0
DA:1938,0
DA:1939,0
DA:1941,0
DA:1942,0
DA:1948,0
DA:1951,0
DA:1959,0
DA:1968,0
DA:1969,0
DA:1971,0
DA:1972,0
DA:1973,0
DA:1974,0
DA:1976,0
DA:1977,0
DA:1978,0
DA:1979,0
DA:1982,0
DA:1983,0
DA:1984,0
DA:1986,0
DA:1987,0
DA:1989,0
DA:1990,0
DA:1991,0
DA:1994,0
DA:1996,0
DA:1997,0
DA:1998,0
DA:2000,0
DA:2002,0
DA:2003,0
DA:2005,0
DA:2008,0
DA:2009,0
DA:2010,0
DA:2013,0
DA:2014,0
DA:2015,0
DA:2016,0
DA:2019,0
DA:2022,0
DA:2023,0
DA:2024,0
DA:2026,0
DA:2027,0
DA:2030,0
DA:2031,0
DA:2032,0
DA:2034,0
DA:2035,0
DA:2036,0
DA:2038,0
DA:2039,0
DA:2042,0
DA:2043,0
DA:2044,0
DA:2046,0
DA:2047,0
DA:2048,0
DA:2049,0
DA:2051,0
DA:2052,0
DA:2053,0
DA:2054,0
DA:2057,0
DA:2058,0
DA:2059,0
DA:2061,0
DA:2062,0
DA:2063,0
DA:2064,0
DA:2066,0
DA:2067,0
DA:2069,0
DA:2070,0
DA:2071,0
DA:2073,0
DA:2074,0
DA:2076,0
DA:2079,0
DA:2080,0
DA:2081,0
DA:2084,0
DA:2086,0
DA:2087,0
DA:2088,0
DA:2091,0
DA:2092,0
DA:2093,0
DA:2095,0
DA:2096,0
DA:2098,0
DA:2101,0
DA:2104,0
DA:2105,0
DA:2106,0
DA:2110,0
DA:2117,0
DA:2118,0
DA:2119,0
DA:2120,0
DA:2121,0
DA:2123,0
DA:2124,0
DA:2126,0
DA:2127,0
DA:2128,0
DA:2130,0
DA:2131,0
DA:2139,0
DA:2141,0
DA:2142,0
DA:2143,0
DA:2144,0
DA:2145,0
DA:2147,0
DA:2148,0
DA:2149,0
DA:2156,0
DA:2161,0
DA:2162,0
DA:2166,0
DA:2168,0
DA:2169,0
DA:2176,0
DA:2178,0
DA:2179,0
DA:2180,0
DA:2182,0
DA:2183,0
DA:2186,0
DA:2191,0
DA:2192,0
DA:2196,0
DA:2198,0
DA:2199,0
DA:2207,0
DA:2208,0
DA:2211,0
DA:2212,0
DA:2213,0
DA:2217,0
DA:2218,0
DA:2219,0
DA:2223,0
DA:2226,0
DA:2228,0
DA:2230,0
DA:2231,0
DA:2233,0
DA:2234,0
DA:2236,0
DA:2239,0
DA:2240,0
DA:2242,0
DA:2245,0
DA:2246,0
DA:2248,0
DA:2249,0
DA:2251,0
DA:2254,0
DA:2255,0
DA:2256,0
DA:2257,0
DA:2259,0
DA:2261,0
DA:2262,0
DA:2263,0
DA:2264,0
DA:2266,0
DA:2274,0
DA:2278,0
DA:2281,0
DA:2288,0
DA:2289,0
DA:2299,0
DA:2300,0
DA:2301,0
DA:2302,0
DA:2303,0
DA:2306,0
DA:2308,0
DA:2309,0
DA:2310,0
DA:2312,0
DA:2313,0
DA:2314,0
DA:2317,0
DA:2318,0
DA:2319,0
DA:2320,0
DA:2321,0
DA:2322,0
DA:2323,0
DA:2324,0
DA:2325,0
DA:2327,0
DA:2330,0
DA:2331,0
DA:2332,0
DA:2333,0
DA:2334,0
DA:2335,0
DA:2336,0
DA:2337,0
DA:2338,0
DA:2339,0
DA:2340,0
DA:2342,0
DA:2343,0
DA:2347,0
DA:2348,0
DA:2350,0
DA:2352,0
DA:2353,0
DA:2356,0
DA:2357,0
DA:2361,0
DA:2362,0
DA:2365,0
DA:2366,0
DA:2370,0
DA:2371,0
DA:2372,0
DA:2375,0
DA:2379,0
DA:2380,0
DA:2381,0
DA:2382,0
DA:2383,0
DA:2384,0
DA:2385,0
DA:2386,0
DA:2387,0
DA:2388,0
DA:2389,0
DA:2390,0
DA:2391,0
DA:2392,0
DA:2393,0
DA:2394,0
DA:2395,0
DA:2399,0
DA:2400,0
DA:2401,0
DA:2402,0
DA:2404,0
DA:2405,0
DA:2408,0
DA:2409,0
DA:2410,0
DA:2411,0
DA:2412,0
DA:2413,0
DA:2414,0
DA:2415,0
DA:2416,0
DA:2421,0
DA:2422,0
DA:2423,0
DA:2424,0
DA:2425,0
DA:2426,0
DA:2427,0
DA:2428,0
DA:2429,0
DA:2434,0
DA:2437,0
DA:2438,0
DA:2448,0
DA:2451,0
DA:2452,0
DA:2453,0
DA:2454,0
DA:2456,0
DA:2457,0
DA:2459,0
DA:2460,0
LF:1118
LH:0
BRDA:51,0,0,0
BRDA:51,0,1,0
BRDA:61,1,0,0
BRDA:67,2,0,0
BRDA:73,3,0,0
BRDA:79,4,0,0
BRDA:85,5,0,0
BRDA:132,6,0,0
BRDA:138,7,0,0
BRDA:152,8,0,0
BRDA:152,8,1,0
BRDA:152,9,0,0
BRDA:152,9,1,0
BRDA:172,10,0,0
BRDA:172,10,1,0
BRDA:172,11,0,0
BRDA:172,11,1,0
BRDA:185,12,0,0
BRDA:185,12,1,0
BRDA:190,13,0,0
BRDA:190,13,1,0
BRDA:190,14,0,0
BRDA:190,14,1,0
BRDA:208,15,0,0
BRDA:214,16,0,0
BRDA:214,16,1,0
BRDA:224,17,0,0
BRDA:224,17,1,0
BRDA:225,18,0,0
BRDA:225,18,1,0
BRDA:230,19,0,0
BRDA:230,19,1,0
BRDA:234,20,0,0
BRDA:247,21,0,0
BRDA:247,21,1,0
BRDA:258,22,0,0
BRDA:262,23,0,0
BRDA:262,23,1,0
BRDA:275,24,0,0
BRDA:275,24,1,0
BRDA:281,25,0,0
BRDA:299,26,0,0
BRDA:299,26,1,0
BRDA:324,27,0,0
BRDA:326,28,0,0
BRDA:326,28,1,0
BRDA:329,29,0,0
BRDA:329,29,1,0
BRDA:329,29,2,0
BRDA:329,29,3,0
BRDA:333,30,0,0
BRDA:333,30,1,0
BRDA:334,31,0,0
BRDA:334,31,1,0
BRDA:338,32,0,0
BRDA:338,32,1,0
BRDA:344,33,0,0
BRDA:344,33,1,0
BRDA:345,34,0,0
BRDA:345,34,1,0
BRDA:346,35,0,0
BRDA:346,35,1,0
BRDA:351,36,0,0
BRDA:351,36,1,0
BRDA:352,37,0,0
BRDA:352,37,1,0
BRDA:359,38,0,0
BRDA:359,38,1,0
BRDA:361,39,0,0
BRDA:361,39,1,0
BRDA:368,40,0,0
BRDA:377,41,0,0
BRDA:377,42,0,0
BRDA:377,42,1,0
BRDA:378,43,0,0
BRDA:378,44,0,0
BRDA:378,44,1,0
BRDA:381,45,0,0
BRDA:385,46,0,0
BRDA:385,46,1,0
BRDA:387,47,0,0
BRDA:392,48,0,0
BRDA:392,48,1,0
BRDA:397,49,0,0
BRDA:411,50,0,0
BRDA:415,51,0,0
BRDA:415,52,0,0
BRDA:415,52,1,0
BRDA:418,53,0,0
BRDA:418,54,0,0
BRDA:418,54,1,0
BRDA:422,55,0,0
BRDA:422,55,1,0
BRDA:423,56,0,0
BRDA:423,56,1,0
BRDA:428,57,0,0
BRDA:447,58,0,0
BRDA:448,59,0,0
BRDA:448,59,1,0
BRDA:453,60,0,0
BRDA:454,61,0,0
BRDA:454,61,1,0
BRDA:458,62,0,0
BRDA:458,62,1,0
BRDA:458,63,0,0
BRDA:458,63,1,0
BRDA:460,64,0,0
BRDA:462,65,0,0
BRDA:462,65,1,0
BRDA:469,66,0,0
BRDA:469,66,1,0
BRDA:478,67,0,0
BRDA:499,68,0,0
BRDA:505,69,0,0
BRDA:505,69,1,0
BRDA:509,70,0,0
BRDA:509,70,1,0
BRDA:513,71,0,0
BRDA:514,72,0,0
BRDA:521,73,0,0
BRDA:527,74,0,0
BRDA:527,74,1,0
BRDA:527,74,2,0
BRDA:550,75,0,0
BRDA:550,75,1,0
BRDA:589,76,0,0
BRDA:591,77,0,0
BRDA:593,78,0,0
BRDA:611,79,0,0
BRDA:611,79,1,0
BRDA:612,80,0,0
BRDA:626,81,0,0
BRDA:626,81,1,0
BRDA:634,82,0,0
BRDA:661,83,0,0
BRDA:672,84,0,0
BRDA:687,85,0,0
BRDA:687,85,1,0
BRDA:702,86,0,0
BRDA:702,86,1,0
BRDA:703,87,0,0
BRDA:703,87,1,0
BRDA:704,88,0,0
BRDA:704,88,1,0
BRDA:705,89,0,0
BRDA:705,89,1,0
BRDA:710,90,0,0
BRDA:726,91,0,0
BRDA:726,91,1,0
BRDA:727,92,0,0
BRDA:747,93,0,0
BRDA:747,93,1,0
BRDA:757,94,0,0
BRDA:757,94,1,0
BRDA:757,95,0,0
BRDA:757,95,1,0
BRDA:757,95,2,0
BRDA:757,95,3,0
BRDA:759,96,0,0
BRDA:759,96,1,0
BRDA:760,97,0,0
BRDA:760,97,1,0
BRDA:760,98,0,0
BRDA:760,98,1,0
BRDA:762,99,0,0
BRDA:762,99,1,0
BRDA:763,100,0,0
BRDA:763,100,1,0
BRDA:764,101,0,0
BRDA:764,101,1,0
BRDA:764,102,0,0
BRDA:764,102,1,0
BRDA:794,103,0,0
BRDA:800,104,0,0
BRDA:800,105,0,0
BRDA:800,105,1,0
BRDA:812,106,0,0
BRDA:812,106,1,0
BRDA:835,107,0,0
BRDA:835,107,1,0
BRDA:840,108,0,0
BRDA:851,109,0,0
BRDA:851,110,0,0
BRDA:851,110,1,0
BRDA:851,110,2,0
BRDA:852,111,0,0
BRDA:852,111,1,0
BRDA:853,112,0,0
BRDA:853,112,1,0
BRDA:853,112,2,0
BRDA:853,112,3,0
BRDA:853,112,4,0
BRDA:853,112,5,0
BRDA:860,113,0,0
BRDA:860,113,1,0
BRDA:868,114,0,0
BRDA:868,114,1,0
BRDA:897,115,0,0
BRDA:897,115,1,0
BRDA:905,116,0,0
BRDA:905,117,0,0
BRDA:905,117,1,0
BRDA:948,118,0,0
BRDA:948,118,1,0
BRDA:957,119,0,0
BRDA:957,119,1,0
BRDA:974,120,0,0
BRDA:974,120,1,0
BRDA:974,121,0,0
BRDA:974,121,1,0
BRDA:976,122,0,0
BRDA:976,123,0,0
BRDA:976,123,1,0
BRDA:1022,124,0,0
BRDA:1022,124,1,0
BRDA:1029,125,0,0
BRDA:1029,125,1,0
BRDA:1046,126,0,0
BRDA:1046,126,1,0
BRDA:1049,127,0,0
BRDA:1049,128,0,0
BRDA:1049,128,1,0
BRDA:1061,129,0,0
BRDA:1061,129,1,0
BRDA:1061,129,2,0
BRDA:1072,130,0,0
BRDA:1072,130,1,0
BRDA:1082,131,0,0
BRDA:1088,132,0,0
BRDA:1088,132,1,0
BRDA:1108,133,0,0
BRDA:1108,133,1,0
BRDA:1125,134,0,0
BRDA:1125,134,1,0
BRDA:1125,134,2,0
BRDA:1125,134,3,0
BRDA:1127,135,0,0
BRDA:1127,136,0,0
BRDA:1127,136,1,0
BRDA:1133,137,0,0
BRDA:1138,138,0,0
BRDA:1138,139,0,0
BRDA:1138,139,1,0
BRDA:1139,140,0,0
BRDA:1146,141,0,0
BRDA:1147,142,0,0
BRDA:1147,142,1,0
BRDA:1170,143,0,0
BRDA:1177,144,0,0
BRDA:1177,144,1,0
BRDA:1185,145,0,0
BRDA:1185,145,1,0
BRDA:1206,146,0,0
BRDA:1212,147,0,0
BRDA:1212,147,1,0
BRDA:1238,148,0,0
BRDA:1250,149,0,0
BRDA:1250,149,1,0
BRDA:1250,150,0,0
BRDA:1250,150,1,0
BRDA:1272,151,0,0
BRDA:1272,151,1,0
BRDA:1272,152,0,0
BRDA:1272,152,1,0
BRDA:1272,153,0,0
BRDA:1272,153,1,0
BRDA:1294,154,0,0
BRDA:1294,154,1,0
BRDA:1294,155,0,0
BRDA:1294,155,1,0
BRDA:1296,156,0,0
BRDA:1296,156,1,0
BRDA:1322,157,0,0
BRDA:1322,157,1,0
BRDA:1323,158,0,0
BRDA:1323,158,1,0
BRDA:1326,159,0,0
BRDA:1326,159,1,0
BRDA:1326,160,0,0
BRDA:1326,160,1,0
BRDA:1329,161,0,0
BRDA:1329,161,1,0
BRDA:1329,162,0,0
BRDA:1329,162,1,0
BRDA:1348,163,0,0
BRDA:1351,164,0,0
BRDA:1354,165,0,0
BRDA:1357,166,0,0
BRDA:1360,167,0,0
BRDA:1360,168,0,0
BRDA:1360,168,1,0
BRDA:1366,169,0,0
BRDA:1366,170,0,0
BRDA:1366,170,1,0
BRDA:1374,171,0,0
BRDA:1374,172,0,0
BRDA:1374,172,1,0
BRDA:1374,172,2,0
BRDA:1375,173,0,0
BRDA:1375,173,1,0
BRDA:1375,174,0,0
BRDA:1375,174,1,0
BRDA:1392,175,0,0
BRDA:1392,175,1,0
BRDA:1395,176,0,0
BRDA:1395,176,1,0
BRDA:1395,176,2,0
BRDA:1397,177,0,0
BRDA:1397,177,1,0
BRDA:1397,177,2,0
BRDA:1397,177,3,0
BRDA:1397,177,4,0
BRDA:1397,177,5,0
BRDA:1400,178,0,0
BRDA:1400,178,1,0
BRDA:1431,179,0,0
BRDA:1431,179,1,0
BRDA:1434,180,0,0
BRDA:1434,180,1,0
BRDA:1436,181,0,0
BRDA:1436,181,1,0
BRDA:1486,182,0,0
BRDA:1487,183,0,0
BRDA:1487,183,1,0
BRDA:1493,184,0,0
BRDA:1494,185,0,0
BRDA:1494,185,1,0
BRDA:1502,186,0,0
BRDA:1502,186,1,0
BRDA:1525,187,0,0
BRDA:1525,187,1,0
BRDA:1525,187,2,0
BRDA:1525,187,3,0
BRDA:1525,187,4,0
BRDA:1525,187,5,0
BRDA:1525,187,6,0
BRDA:1525,187,7,0
BRDA:1525,187,8,0
BRDA:1525,187,9,0
BRDA:1525,187,10,0
BRDA:1525,187,11,0
BRDA:1525,187,12,0
BRDA:1525,187,13,0
BRDA:1525,187,14,0
BRDA:1528,188,0,0
BRDA:1538,189,0,0
BRDA:1538,190,0,0
BRDA:1538,190,1,0
BRDA:1544,191,0,0
BRDA:1558,192,0,0
BRDA:1558,193,0,0
BRDA:1558,193,1,0
BRDA:1564,194,0,0
BRDA:1564,194,1,0
BRDA:1564,195,0,0
BRDA:1564,195,1,0
BRDA:1565,196,0,0
BRDA:1571,197,0,0
BRDA:1582,198,0,0
BRDA:1582,198,1,0
BRDA:1583,199,0,0
BRDA:1595,200,0,0
BRDA:1595,200,1,0
BRDA:1600,201,0,0
BRDA:1605,202,0,0
BRDA:1621,203,0,0
BRDA:1621,203,1,0
BRDA:1624,204,0,0
BRDA:1624,204,1,0
BRDA:1638,205,0,0
BRDA:1638,206,0,0
BRDA:1638,206,1,0
BRDA:1641,207,0,0
BRDA:1641,208,0,0
BRDA:1641,208,1,0
BRDA:1647,209,0,0
BRDA:1654,210,0,0
BRDA:1668,211,0,0
BRDA:1682,212,0,0
BRDA:1687,213,0,0
BRDA:1690,214,0,0
BRDA:1706,215,0,0
BRDA:1714,216,0,0
BRDA:1714,216,1,0
BRDA:1714,217,0,0
BRDA:1714,217,1,0
BRDA:1720,218,0,0
BRDA:1723,219,0,0
BRDA:1740,220,0,0
BRDA:1743,221,0,0
BRDA:1743,221,1,0
BRDA:1743,222,0,0
BRDA:1743,222,1,0
BRDA:1747,223,0,0
BRDA:1755,224,0,0
BRDA:1769,225,0,0
BRDA:1769,225,1,0
BRDA:1780,226,0,0
BRDA:1780,226,1,0
BRDA:1810,227,0,0
BRDA:1818,228,0,0
BRDA:1818,228,1,0
BRDA:1818,229,0,0
BRDA:1818,229,1,0
BRDA:1820,230,0,0
BRDA:1840,231,0,0
BRDA:1848,232,0,0
BRDA:1848,232,1,0
BRDA:1848,233,0,0
BRDA:1848,233,1,0
BRDA:1852,234,0,0
BRDA:1872,235,0,0
BRDA:1880,236,0,0
BRDA:1880,236,1,0
BRDA:1880,237,0,0
BRDA:1880,237,1,0
BRDA:1882,238,0,0
BRDA:1897,239,0,0
BRDA:1908,240,0,0
BRDA:1908,240,1,0
BRDA:1914,241,0,0
BRDA:1914,241,1,0
BRDA:1924,242,0,0
BRDA:1931,243,0,0
BRDA:1931,244,0,0
BRDA:1931,244,1,0
BRDA:1941,245,0,0
BRDA:1969,246,0,0
BRDA:1974,247,0,0
BRDA:1974,248,0,0
BRDA:1974,248,1,0
BRDA:1977,249,0,0
BRDA:1987,250,0,0
BRDA:1987,250,1,0
BRDA:1987,250,2,0
BRDA:1987,250,3,0
BRDA:1987,250,4,0
BRDA:1987,250,5,0
BRDA:1987,250,6,0
BRDA:1987,250,7,0
BRDA:1989,251,0,0
BRDA:1994,252,0,0
BRDA:1994,253,0,0
BRDA:1994,253,1,0
BRDA:1994,253,2,0
BRDA:1994,253,3,0
BRDA:2002,254,0,0
BRDA:2002,255,0,0
BRDA:2002,255,1,0
BRDA:2008,256,0,0
BRDA:2015,257,0,0
BRDA:2022,258,0,0
BRDA:2030,259,0,0
BRDA:2035,260,0,0
BRDA:2042,261,0,0
BRDA:2047,262,0,0
BRDA:2057,263,0,0
BRDA:2062,264,0,0
BRDA:2079,265,0,0
BRDA:2084,266,0,0
BRDA:2084,267,0,0
BRDA:2084,267,1,0
BRDA:2084,267,2,0
BRDA:2084,267,3,0
BRDA:2119,268,0,0
BRDA:2128,269,0,0
BRDA:2128,269,1,0
BRDA:2128,270,0,0
BRDA:2128,270,1,0
BRDA:2128,271,0,0
BRDA:2128,271,1,0
BRDA:2142,272,0,0
BRDA:2142,273,0,0
BRDA:2142,273,1,0
BRDA:2145,274,0,0
BRDA:2145,275,0,0
BRDA:2145,275,1,0
BRDA:2161,276,0,0
BRDA:2161,276,1,0
BRDA:2161,276,2,0
BRDA:2161,276,3,0
BRDA:2162,277,0,0
BRDA:2162,277,1,0
BRDA:2162,277,2,0
BRDA:2166,278,0,0
BRDA:2166,278,1,0
BRDA:2175,279,0,0
BRDA:2175,279,1,0
BRDA:2176,280,0,0
BRDA:2176,281,0,0
BRDA:2176,281,1,0
BRDA:2176,281,2,0
BRDA:2198,282,0,0
BRDA:2198,283,0,0
BRDA:2198,283,1,0
BRDA:2217,284,0,0
BRDA:2217,285,0,0
BRDA:2217,285,1,0
BRDA:2218,286,0,0
BRDA:2218,287,0,0
BRDA:2218,287,1,0
BRDA:2228,288,0,0
BRDA:2228,288,1,0
BRDA:2228,288,2,0
BRDA:2230,289,0,0
BRDA:2233,290,0,0
BRDA:2239,291,0,0
BRDA:2245,292,0,0
BRDA:2248,293,0,0
BRDA:2254,294,0,0
BRDA:2255,295,0,0
BRDA:2255,295,1,0
BRDA:2257,296,0,0
BRDA:2257,296,1,0
BRDA:2261,297,0,0
BRDA:2263,298,0,0
BRDA:2263,298,1,0
BRDA:2268,299,0,0
BRDA:2268,299,1,0
BRDA:2288,300,0,0
BRDA:2301,301,0,0
BRDA:2301,302,0,0
BRDA:2301,302,1,0
BRDA:2325,303,0,0
BRDA:2340,304,0,0
BRDA:2350,305,0,0
BRDA:2350,305,1,0
BRDA:2350,305,2,0
BRDA:2350,305,3,0
BRDA:2350,305,4,0
BRDA:2350,305,5,0
BRDA:2381,306,0,0
BRDA:2381,306,1,0
BRDA:2386,307,0,0
BRDA:2386,307,1,0
BRDA:2389,308,0,0
BRDA:2401,309,0,0
BRDA:2401,309,1,0
BRDA:2402,310,0,0
BRDA:2402,310,1,0
BRDA:2408,311,0,0
BRDA:2410,312,0,0
BRDA:2410,313,0,0
BRDA:2410,313,1,0
BRDA:2412,314,0,0
BRDA:2421,315,0,0
BRDA:2423,316,0,0
BRDA:2423,317,0,0
BRDA:2423,317,1,0
BRDA:2425,318,0,0
BRDA:2453,319,0,0
BRF:551
BRH:0
end_of_record
TN:
SF:src/scenarioManager.ts
FN:12,initializeScenarios
FN:28,(anonymous_10)
FN:40,renderScenarioList
FN:44,(anonymous_12)
FN:52,(anonymous_13)
FN:61,selectScenario
FN:66,(anonymous_15)
FN:81,insertRequestIntoScenario
FN:82,(anonymous_17)
FN:96,(anonymous_18)
FN:125,renderScenarioRequests
FN:129,(anonymous_20)
FN:137,(anonymous_21)
FN:151,(anonymous_22)
FN:152,(anonymous_23)
FN:154,(anonymous_24)
FN:167,(anonymous_25)
FN:177,(anonymous_26)
FN:186,(anonymous_27)
FN:195,(anonymous_28)
FN:208,moveRequestInScenario
FN:209,(anonymous_30)
FN:223,deleteRequestFromScenario
FN:224,(anonymous_32)
FN:236,newScenario
FN:258,createNewScenario
FN:275,(anonymous_35)
FN:285,addRequestToScenario
FN:290,(anonymous_37)
FN:305,(anonymous_38)
FN:313,runScenario
FN:318,(anonymous_40)
FN:359,(anonymous_41)
FN:360,(anonymous_42)
FN:364,(anonymous_43)
FN:368,(anonymous_44)
FNF:36
FNH:0
FNDA:0,initializeScenarios
FNDA:0,(anonymous_10)
FNDA:0,renderScenarioList
FNDA:0,(anonymous_12)
FNDA:0,(anonymous_13)
FNDA:0,selectScenario
FNDA:0,(anonymous_15)
FNDA:0,insertRequestIntoScenario
FNDA:0,(anonymous_17)
FNDA:0,(anonymous_18)
FNDA:0,renderScenarioRequests
FNDA:0,(anonymous_20)
FNDA:0,(anonymous_21)
FNDA:0,(anonymous_22)
FNDA:0,(anonymous_23)
FNDA:0,(anonymous_24)
FNDA:0,(anonymous_25)
FNDA:0,(anonymous_26)
FNDA:0,(anonymous_27)
FNDA:0,(anonymous_28)
FNDA:0,moveRequestInScenario
FNDA:0,(anonymous_30)
FNDA:0,deleteRequestFromScenario
FNDA:0,(anonymous_32)
FNDA:0,newScenario
FNDA:0,createNewScenario
FNDA:0,(anonymous_35)
FNDA:0,addRequestToScenario
FNDA:0,(anonymous_37)
FNDA:0,(anonymous_38)
FNDA:0,runScenario
FNDA:0,(anonymous_40)
FNDA:0,(anonymous_41)
FNDA:0,(anonymous_42)
FNDA:0,(anonymous_43)
FNDA:0,(anonymous_44)
DA:4,0
DA:5,0
DA:6,0
DA:7,0
DA:12,0
DA:13,0
DA:14,0
DA:15,0
DA:17,0
DA:18,0
DA:21,0
DA:25,0
DA:28,0
DA:29,0
DA:31,0
DA:40,0
DA:41,0
DA:42,0
DA:44,0
DA:45,0
DA:46,0
DA:47,0
DA:48,0
DA:49,0
DA:52,0
DA:53,0
DA:61,0
DA:62,0
DA:63,0
DA:66,0
DA:67,0
DA:68,0
DA:71,0
DA:74,0
DA:75,0
DA:81,0
DA:82,0
DA:83,0
DA:84,0
DA:85,0
DA:89,0
DA:90,0
DA:93,0
DA:94,0
DA:95,0
DA:96,0
DA:97,0
DA:98,0
DA:99,0
DA:103,0
DA:104,0
DA:105,0
DA:109,0
DA:111,0
DA:113,0
DA:115,0
DA:116,0
DA:119,0
DA:125,0
DA:126,0
DA:127,0
DA:129,0
DA:130,0
DA:131,0
DA:132,0
DA:133,0
DA:134,0
DA:137,0
DA:138,0
DA:139,0
DA:142,0
DA:143,0
DA:144,0
DA:145,0
DA:148,0
DA:149,0
DA:150,0
DA:151,0
DA:152,0
DA:153,0
DA:154,0
DA:155,0
DA:156,0
DA:160,0
DA:163,0
DA:164,0
DA:165,0
DA:166,0
DA:167,0
DA:168,0
DA:170,0
DA:173,0
DA:174,0
DA:175,0
DA:176,0
DA:177,0
DA:178,0
DA:180,0
DA:183,0
DA:184,0
DA:185,0
DA:186,0
DA:187,0
DA:189,0
DA:192,0
DA:193,0
DA:194,0
DA:195,0
DA:196,0
DA:198,0
DA:200,0
DA:209,0
DA:210,0
DA:212,0
DA:213,0
DA:215,0
DA:216,0
DA:224,0
DA:225,0
DA:227,0
DA:228,0
DA:229,0
DA:236,0
DA:237,0
DA:238,0
DA:240,0
DA:241,0
DA:246,0
DA:247,0
DA:250,0
DA:251,0
DA:258,0
DA:259,0
DA:260,0
DA:262,0
DA:268,0
DA:269,0
DA:272,0
DA:275,0
DA:276,0
DA:278,0
DA:285,0
DA:286,0
DA:287,0
DA:288,0
DA:290,0
DA:291,0
DA:294,0
DA:298,0
DA:299,0
DA:300,0
DA:302,0
DA:305,0
DA:306,0
DA:313,0
DA:314,0
DA:315,0
DA:316,0
DA:318,0
DA:319,0
DA:320,0
DA:321,0
DA:324,0
DA:325,0
DA:327,0
DA:328,0
DA:331,0
DA:332,0
DA:333,0
DA:334,0
DA:336,0
DA:338,0
DA:339,0
DA:340,0
DA:341,0
DA:344,0
DA:345,0
DA:346,0
DA:349,0
DA:350,0
DA:351,0
DA:352,0
DA:353,0
DA:356,0
DA:357,0
DA:358,0
DA:359,0
DA:360,0
DA:362,0
DA:363,0
DA:364,0
DA:365,0
DA:366,0
DA:367,0
DA:368,0
DA:369,0
DA:370,0
DA:371,0
DA:373,0
DA:375,0
DA:379,0
DA:386,0
DA:392,0
LF:203
LH:0
BRDA:15,0,0,0
BRDA:15,0,1,0
BRDA:15,1,0,0
BRDA:15,1,1,0
BRDA:48,2,0,0
BRDA:68,3,0,0
BRDA:68,3,1,0
BRDA:83,4,0,0
BRDA:90,5,0,0
BRDA:95,6,0,0
BRDA:97,7,0,0
BRDA:103,8,0,0
BRDA:130,9,0,0
BRDA:130,10,0,0
BRDA:130,10,1,0
BRDA:144,11,0,0
BRDA:144,11,1,0
BRDA:153,12,0,0
BRDA:153,13,0,0
BRDA:153,13,1,0
BRDA:155,14,0,0
BRDA:210,15,0,0
BRDA:225,16,0,0
BRDA:238,17,0,0
BRDA:260,18,0,0
BRDA:286,19,0,0
BRDA:291,20,0,0
BRDA:314,21,0,0
BRDA:319,22,0,0
BRDA:319,23,0,0
BRDA:319,23,1,0
BRDA:339,24,0,0
BRDA:344,25,0,0
BRDA:344,25,1,0
BRDA:344,26,0,0
BRDA:344,26,1,0
BRDA:356,27,0,0
BRDA:356,28,0,0
BRDA:356,28,1,0
BRDA:363,29,0,0
BRDA:370,30,0,0
BRDA:370,30,1,0
BRF:42
BRH:0
end_of_record
TN:
SF:src/settings.ts
FN:21,(anonymous_0)
FN:26,(anonymous_1)
FN:33,(anonymous_2)
FN:44,(anonymous_3)
FN:53,(anonymous_4)
FN:57,(anonymous_5)
FN:68,initializeSettingsUI
FN:88,(anonymous_7)
FN:105,(anonymous_8)
FN:113,showSettingsModal
FN:121,closeSettingsModal
FN:129,initializeSettingsModal
FN:137,(anonymous_12)
FNF:13
FNH:0
FNDA:0,(anonymous_0)
FNDA:0,(anonymous_1)
FNDA:0,(anonymous_2)
FNDA:0,(anonymous_3)
FNDA:0,(anonymous_4)
FNDA:0,(anonymous_5)
FNDA:0,initializeSettingsUI
FNDA:0,(anonymous_7)
FNDA:0,(anonymous_8)
FNDA:0,showSettingsModal
FNDA:0,closeSettingsModal
FNDA:0,initializeSettingsModal
FNDA:0,(anonymous_12)
DA:9,0
DA:17,0
DA:22,0
DA:23,0
DA:27,0
DA:28,0
DA:30,0
DA:34,0
DA:35,0
DA:36,0
DA:37,0
DA:40,0
DA:45,0
DA:46,0
DA:47,0
DA:49,0
DA:54,0
DA:58,0
DA:59,0
DA:60,0
DA:62,0
DA:68,0
DA:69,0
DA:70,0
DA:73,0
DA:74,0
DA:75,0
DA:76,0
DA:77,0
DA:79,0
DA:80,0
DA:81,0
DA:82,0
DA:83,0
DA:86,0
DA:87,0
DA:88,0
DA:89,0
DA:97,0
DA:98,0
DA:103,0
DA:104,0
DA:105,0
DA:106,0
DA:107,0
DA:113,0
DA:114,0
DA:115,0
DA:116,0
DA:121,0
DA:122,0
DA:123,0
DA:124,0
DA:129,0
DA:130,0
DA:131,0
DA:133,0
DA:134,0
DA:137,0
DA:138,0
DA:139,0
LF:61
LH:0
BRDA:27,0,0,0
BRDA:36,1,0,0
BRDA:79,2,0,0
BRDA:80,3,0,0
BRDA:81,4,0,0
BRDA:82,5,0,0
BRDA:83,6,0,0
BRDA:87,7,0,0
BRDA:90,8,0,0
BRDA:90,8,1,0
BRDA:91,9,0,0
BRDA:91,9,1,0
BRDA:92,10,0,0
BRDA:92,10,1,0
BRDA:93,11,0,0
BRDA:93,11,1,0
BRDA:94,12,0,0
BRDA:94,12,1,0
BRDA:104,13,0,0
BRDA:115,14,0,0
BRDA:123,15,0,0
BRDA:138,16,0,0
BRF:22
BRH:0
end_of_record
TN:
SF:src/state.ts
FN:83,loadAllStoredData
FN:158,saveCollectionsToStorage
FN:170,(anonymous_11)
FN:180,saveHistoryToStorage
FN:185,(anonymous_13)
FN:195,saveVariablesToStorage
FN:209,saveEnvironmentsToStorage
FN:217,saveCurrentEnvironmentToStorage
FN:225,saveEnvDataToStorage
FN:233,saveCurrentCollectionToStorage
FN:241,saveSettingsToStorage
FN:248,saveScenariosToStorage
FN:256,saveCurrentScenarioToStorage
FN:264,saveCurrentRequestToStorage
FN:272,toggleInterceptorState
FN:280,saveSidebarStateToStorage
FN:297,loadSidebarStateFromStorage
FNF:17
FNH:0
FNDA:0,loadAllStoredData
FNDA:0,saveCollectionsToStorage
FNDA:0,(anonymous_11)
FNDA:0,saveHistoryToStorage
FNDA:0,(anonymous_13)
FNDA:0,saveVariablesToStorage
FNDA:0,saveEnvironmentsToStorage
FNDA:0,saveCurrentEnvironmentToStorage
FNDA:0,saveEnvDataToStorage
FNDA:0,saveCurrentCollectionToStorage
FNDA:0,saveSettingsToStorage
FNDA:0,saveScenariosToStorage
FNDA:0,saveCurrentScenarioToStorage
FNDA:0,saveCurrentRequestToStorage
FNDA:0,toggleInterceptorState
FNDA:0,saveSidebarStateToStorage
FNDA:0,loadSidebarStateFromStorage
DA:6,0
DA:7,0
DA:10,0
DA:74,0
DA:75,0
DA:76,0
DA:77,0
DA:83,0
DA:84,0
DA:85,0
DA:96,0
DA:97,0
DA:100,0
DA:101,0
DA:104,0
DA:105,0
DA:108,0
DA:109,0
DA:112,0
DA:113,0
DA:116,0
DA:117,0
DA:119,0
DA:120,0
DA:121,0
DA:125,0
DA:126,0
DA:129,0
DA:130,0
DA:133,0
DA:134,0
DA:138,0
DA:140,0
DA:149,0
DA:150,0
DA:158,0
DA:159,0
DA:160,0
DA:162,0
DA:163,0
DA:167,0
DA:169,0
DA:170,0
DA:171,0
DA:172,0
DA:180,0
DA:181,0
DA:182,0
DA:184,0
DA:185,0
DA:186,0
DA:187,0
DA:195,0
DA:196,0
DA:209,0
DA:210,0
DA:217,0
DA:218,0
DA:225,0
DA:226,0
DA:233,0
DA:234,0
DA:241,0
DA:242,0
DA:248,0
DA:249,0
DA:250,0
DA:256,0
DA:257,0
DA:264,0
DA:265,0
DA:272,0
DA:273,0
DA:274,0
DA:280,0
DA:281,0
DA:282,0
DA:283,0
DA:287,0
DA:290,0
DA:297,0
DA:298,0
DA:299,0
DA:300,0
DA:301,0
DA:307,0
LF:86
LH:0
BRDA:96,0,0,0
BRDA:100,1,0,0
BRDA:104,2,0,0
BRDA:108,3,0,0
BRDA:112,4,0,0
BRDA:116,5,0,0
BRDA:120,6,0,0
BRDA:125,7,0,0
BRDA:129,8,0,0
BRDA:133,9,0,0
BRDA:282,10,0,0
BRDA:300,11,0,0
BRDA:302,12,0,0
BRDA:302,12,1,0
BRDA:303,13,0,0
BRDA:303,13,1,0
BRF:16
BRH:0
end_of_record
TN:
SF:src/utils.ts
FN:16,escapeHtml
FN:26,formatBytes
FN:38,showNotification
FN:47,(anonymous_12)
FN:49,(anonymous_13)
FN:53,showSuccess
FN:57,showError
FN:65,showNetworkError
FN:83,showVariableError
FN:99,showFileError
FN:115,showStorageError
FN:133,getValueByPath
FN:134,(anonymous_21)
FN:141,addKeyValueRow
FN:175,(anonymous_23)
FN:176,(anonymous_24)
FN:177,(anonymous_25)
FN:184,(anonymous_26)
FN:197,(anonymous_27)
FN:206,collectKeyValues
FN:212,(anonymous_29)
FN:236,collectFormDataWithFiles
[...]
FN:752,(anonymous_71)
FN:753,(anonymous_72)
FN:762,(anonymous_73)
FN:763,(anonymous_74)
FN:772,(anonymous_75)
FN:773,(anonymous_76)
FN:782,(anonymous_77)
FN:783,(anonymous_78)
FN:784,(anonymous_79)
FN:798,switchMainTab
FN:800,(anonymous_81)
FN:801,(anonymous_82)
FN:815,switchSubTab
FN:816,(anonymous_84)
FN:817,(anonymous_85)
FN:825,(anonymous_86)
FN:844,switchResponseTab
FN:845,(anonymous_88)
FN:846,(anonymous_89)
FN:855,renderAuthDetails
FN:923,(anonymous_91)
FN:929,updateAuthData
FN:975,showLoading
FN:989,handleBodyTypeChange
FN:1038,serializeFormDataWithFiles
FN:1045,serializeBinaryFile
FN:1065,autoResizeTextarea
FNF:89
FNH:0
FNDA:0,escapeHtml
FNDA:0,formatBytes
FNDA:0,showNotification
FNDA:0,(anonymous_12)
FNDA:0,(anonymous_13)
FNDA:0,showSuccess
FNDA:0,showError
FNDA:0,showNetworkError
FNDA:0,showVariableError
FNDA:0,showFileError
FNDA:0,showStorageError
FNDA:0,getValueByPath
FNDA:0,(anonymous_21)
FNDA:0,addKeyValueRow
FNDA:0,(anonymous_23)
FNDA:0,(anonymous_24)
FNDA:0,(anonymous_25)
FNDA:0,(anonymous_26)
FNDA:0,(anonymous_27)
FNDA:0,collectKeyValues
FNDA:0,(anonymous_29)
FNDA:0,collectFormDataWithFiles
FNDA:0,(anonymous_31)
FNDA:0,(anonymous_32)
FNDA:0,fileToBase64
FNDA:0,(anonymous_34)
FNDA:0,(anonymous_35)
FNDA:0,(anonymous_36)
FNDA:0,(anonymous_37)
FNDA:0,base64ToFile
FNDA:0,updateRequestData
FNDA:0,setupBodyTypeListener
FNDA:0,(anonymous_41)
FNDA:0,(anonymous_42)
FNDA:0,(anonymous_43)
FNDA:0,(anonymous_44)
FNDA:0,getPersistedBody
FNDA:0,(anonymous_46)
FNDA:0,(anonymous_47)
FNDA:0,(anonymous_48)
FNDA:0,(anonymous_49)
FNDA:0,setupEventListeners
FNDA:0,(anonymous_51)
FNDA:0,(anonymous_52)
FNDA:0,(anonymous_53)
FNDA:0,(anonymous_54)
FNDA:0,(anonymous_55)
FNDA:0,(anonymous_56)
FNDA:0,(anonymous_57)
FNDA:0,(anonymous_58)
FNDA:0,(anonymous_59)
FNDA:0,(anonymous_60)
FNDA:0,(anonymous_61)
FNDA:0,(anonymous_62)
FNDA:0,(anonymous_63)
FNDA:0,(anonymous_64)
FNDA:0,(anonymous_65)
FNDA:0,(anonymous_66)
FNDA:0,(anonymous_67)
FNDA:0,(anonymous_68)
FNDA:0,(anonymous_69)
FNDA:0,setupTabSwitching
FNDA:0,(anonymous_71)
FNDA:0,(anonymous_72)
FNDA:0,(anonymous_73)
FNDA:0,(anonymous_74)
FNDA:0,(anonymous_75)
FNDA:0,(anonymous_76)
FNDA:0,(anonymous_77)
FNDA:0,(anonymous_78)
FNDA:0,(anonymous_79)
FNDA:0,switchMainTab
FNDA:0,(anonymous_81)
FNDA:0,(anonymous_82)
FNDA:0,switchSubTab
FNDA:0,(anonymous_84)
FNDA:0,(anonymous_85)
FNDA:0,(anonymous_86)
FNDA:0,switchResponseTab
FNDA:0,(anonymous_88)
FNDA:0,(anonymous_89)
FNDA:0,renderAuthDetails
FNDA:0,(anonymous_91)
FNDA:0,updateAuthData
FNDA:0,showLoading
FNDA:0,handleBodyTypeChange
FNDA:0,serializeFormDataWithFiles
FNDA:0,serializeBinaryFile
FNDA:0,autoResizeTextarea
DA:5,0
DA:6,0
DA:7,0
DA:8,0
DA:9,0
DA:10,0
DA:16,0
DA:17,0
DA:18,0
DA:19,0
DA:26,0
DA:27,0
DA:28,0
DA:29,0
DA:30,0
DA:31,0
DA:38,0
DA:39,0
DA:40,0
DA:42,0
DA:43,0
DA:44,0
DA:46,0
DA:47,0
DA:48,0
DA:49,0
DA:53,0
DA:54,0
DA:57,0
DA:58,0
DA:59,0
DA:65,0
DA:66,0
DA:68,0
DA:69,0
DA:70,0
DA:71,0
DA:72,0
DA:73,0
DA:74,0
DA:75,0
DA:77,0
DA:80,0
DA:83,0
DA:84,0
DA:86,0
DA:87,0
DA:88,0
DA:89,0
DA:90,0
DA:91,0
DA:93,0
DA:96,0
DA:99,0
DA:100,0
DA:102,0
DA:103,0
DA:104,0
DA:105,0
DA:106,0
DA:107,0
DA:109,0
DA:112,0
DA:115,0
DA:116,0
DA:118,0
DA:119,0
DA:120,0
DA:121,0
DA:123,0
DA:126,0
DA:133,0
DA:134,0
DA:141,0
DA:142,0
DA:143,0
DA:146,0
DA:147,0
DA:161,0
DA:169,0
DA:170,0
DA:171,0
DA:172,0
DA:173,0
DA:175,0
DA:176,0
DA:177,0
DA:178,0
DA:179,0
DA:183,0
DA:184,0
DA:185,0
DA:186,0
DA:187,0
DA:188,0
DA:190,0
DA:191,0
DA:192,0
DA:194,0
DA:197,0
DA:198,0
DA:202,0
DA:206,0
DA:207,0
DA:208,0
DA:210,0
DA:211,0
DA:212,0
DA:213,0
DA:214,0
DA:215,0
DA:216,0
DA:217,0
DA:218,0
DA:221,0
DA:236,0
DA:237,0
DA:238,0
DA:240,0
DA:243,0
DA:244,0
DA:245,0
DA:246,0
DA:247,0
DA:249,0
DA:250,0
DA:252,0
DA:259,0
DA:260,0
DA:261,0
DA:262,0
DA:264,0
DA:265,0
DA:273,0
DA:283,0
DA:284,0
DA:285,0
DA:293,0
DA:294,0
DA:295,0
DA:296,0
DA:298,0
DA:303,0
DA:304,0
DA:316,0
DA:317,0
DA:324,0
DA:325,0
DA:326,0
DA:334,0
DA:335,0
DA:337,0
DA:338,0
DA:343,0
DA:345,0
DA:346,0
DA:347,0
DA:348,0
DA:352,0
DA:356,0
DA:358,0
DA:359,0
DA:362,0
DA:363,0
DA:364,0
DA:365,0
DA:366,0
DA:367,0
DA:368,0
DA:371,0
DA:372,0
DA:373,0
DA:374,0
DA:376,0
DA:378,0
DA:381,0
DA:382,0
DA:384,0
DA:389,0
DA:390,0
DA:391,0
DA:392,0
DA:395,0
DA:396,0
DA:397,0
DA:399,0
DA:400,0
DA:403,0
DA:404,0
DA:406,0
DA:407,0
DA:408,0
DA:410,0
DA:416,0
DA:418,0
DA:419,0
DA:420,0
DA:423,0
DA:424,0
DA:425,0
DA:426,0
DA:431,0
DA:432,0
DA:434,0
DA:435,0
DA:438,0
DA:441,0
DA:442,0
DA:443,0
DA:444,0
DA:445,0
DA:450,0
DA:451,0
DA:454,0
DA:464,0
DA:465,0
DA:466,0
DA:467,0
DA:470,0
DA:471,0
DA:472,0
DA:473,0
DA:475,0
DA:482,0
DA:484,0
DA:487,0
DA:488,0
DA:489,0
DA:490,0
DA:491,0
DA:496,0
DA:497,0
DA:498,0
DA:499,0
DA:500,0
DA:501,0
DA:504,0
DA:505,0
DA:506,0
DA:508,0
DA:509,0
DA:510,0
DA:513,0
DA:514,0
DA:515,0
DA:516,0
DA:517,0
DA:518,0
DA:519,0
DA:520,0
DA:521,0
DA:523,0
DA:526,0
DA:527,0
DA:528,0
DA:529,0
DA:530,0
DA:531,0
DA:532,0
DA:533,0
DA:534,0
DA:536,0
DA:539,0
DA:540,0
DA:541,0
DA:543,0
DA:545,0
DA:546,0
DA:548,0
DA:552,0
DA:553,0
DA:554,0
DA:558,0
DA:559,0
DA:561,0
DA:562,0
DA:563,0
DA:565,0
DA:566,0
DA:568,0
DA:572,0
DA:573,0
DA:574,0
DA:575,0
DA:576,0
DA:578,0
DA:581,0
DA:583,0
DA:585,0
DA:586,0
DA:588,0
DA:589,0
DA:590,0
DA:592,0
DA:594,0
DA:595,0
DA:597,0
DA:600,0
DA:604,0
DA:605,0
DA:606,0
DA:609,0
DA:614,0
DA:615,0
DA:616,0
DA:617,0
DA:618,0
DA:619,0
DA:624,0
DA:625,0
DA:626,0
DA:627,0
DA:628,0
DA:629,0
DA:635,0
DA:636,0
DA:637,0
DA:638,0
DA:642,0
DA:643,0
DA:644,0
DA:645,0
DA:650,0
DA:651,0
DA:652,0
DA:653,0
DA:658,0
DA:659,0
DA:660,0
DA:661,0
DA:662,0
DA:667,0
DA:668,0
DA:669,0
DA:670,0
DA:674,0
DA:675,0
DA:676,0
DA:677,0
DA:682,0
DA:683,0
DA:684,0
DA:685,0
DA:689,0
DA:690,0
DA:691,0
DA:692,0
DA:697,0
DA:698,0
DA:699,0
DA:704,0
DA:705,0
DA:706,0
DA:707,0
DA:708,0
DA:709,0
DA:715,0
DA:716,0
DA:717,0
DA:718,0
DA:719,0
DA:720,0
DA:722,0
DA:724,0
DA:732,0
DA:737,0
DA:739,0
DA:750,0
DA:752,0
DA:753,0
DA:754,0
DA:755,0
DA:756,0
DA:762,0
DA:763,0
DA:764,0
DA:765,0
DA:766,0
DA:772,0
DA:773,0
DA:774,0
DA:775,0
DA:776,0
DA:782,0
DA:783,0
DA:784,0
DA:785,0
DA:786,0
DA:787,0
DA:788,0
DA:798,0
DA:799,0
DA:800,0
DA:801,0
DA:803,0
DA:804,0
DA:806,0
DA:807,0
DA:815,0
DA:816,0
DA:817,0
DA:819,0
DA:820,0
DA:822,0
DA:823,0
DA:825,0
DA:826,0
DA:827,0
DA:828,0
DA:829,0
DA:831,0
DA:832,0
DA:833,0
DA:834,0
DA:844,0
DA:845,0
DA:846,0
DA:848,0
DA:849,0
DA:851,0
DA:852,0
DA:855,0
DA:856,0
DA:857,0
DA:859,0
DA:861,0
DA:863,0
DA:873,0
DA:876,0
DA:882,0
DA:885,0
DA:902,0
DA:905,0
DA:919,0
DA:923,0
DA:924,0
DA:925,0
DA:929,0
DA:931,0
DA:932,0
DA:933,0
DA:936,0
DA:938,0
DA:940,0
DA:942,0
DA:943,0
DA:944,0
DA:945,0
DA:946,0
DA:949,0
DA:950,0
DA:951,0
DA:954,0
DA:955,0
DA:956,0
DA:957,0
DA:958,0
DA:959,0
DA:960,0
DA:963,0
DA:964,0
DA:965,0
DA:966,0
DA:967,0
DA:971,0
DA:975,0
DA:976,0
DA:977,0
DA:979,0
DA:980,0
DA:981,0
DA:983,0
DA:984,0
DA:989,0
DA:990,0
DA:991,0
DA:992,0
DA:993,0
DA:994,0
DA:996,0
DA:999,0
DA:1000,0
DA:1001,0
DA:1002,0
DA:1005,0
DA:1007,0
DA:1008,0
DA:1011,0
DA:1012,0
DA:1016,0
DA:1017,0
DA:1018,0
DA:1020,0
DA:1022,0
DA:1025,0
DA:1026,0
DA:1030,0
DA:1038,0
DA:1039,0
DA:1045,0
DA:1046,0
DA:1047,0
DA:1048,0
DA:1050,0
DA:1051,0
DA:1052,0
DA:1060,0
DA:1061,0
DA:1065,0
DA:1067,0
DA:1069,0
LF:511
LH:0
BRDA:27,0,0,0
BRDA:38,1,0,0
BRDA:40,2,0,0
BRDA:58,3,0,0
BRDA:58,3,1,0
BRDA:68,4,0,0
BRDA:68,4,1,0
BRDA:68,5,0,0
BRDA:68,5,1,0
BRDA:70,6,0,0
BRDA:70,6,1,0
BRDA:72,7,0,0
BRDA:72,7,1,0
BRDA:74,8,0,0
BRDA:74,8,1,0
BRDA:74,9,0,0
BRDA:74,9,1,0
BRDA:77,10,0,0
BRDA:77,10,1,0
BRDA:80,11,0,0
BRDA:80,11,1,0
BRDA:86,12,0,0
BRDA:86,12,1,0
BRDA:86,13,0,0
BRDA:86,13,1,0
BRDA:88,14,0,0
BRDA:88,14,1,0
BRDA:90,15,0,0
BRDA:90,15,1,0
BRDA:93,16,0,0
BRDA:93,16,1,0
BRDA:102,17,0,0
BRDA:102,17,1,0
BRDA:102,18,0,0
BRDA:102,18,1,0
BRDA:104,19,0,0
BRDA:104,19,1,0
BRDA:104,20,0,0
BRDA:104,20,1,0
BRDA:106,21,0,0
BRDA:106,21,1,0
BRDA:109,22,0,0
BRDA:109,22,1,0
BRDA:118,23,0,0
BRDA:118,23,1,0
BRDA:118,24,0,0
BRDA:118,24,1,0
BRDA:120,25,0,0
BRDA:120,25,1,0
BRDA:123,26,0,0
BRDA:123,26,1,0
BRDA:146,27,0,0
BRDA:146,27,1,0
BRDA:146,28,0,0
BRDA:146,28,1,0
BRDA:183,29,0,0
BRDA:183,30,0,0
BRDA:183,30,1,0
BRDA:185,31,0,0
BRDA:185,31,1,0
BRDA:208,32,0,0
BRDA:217,33,0,0
BRDA:238,34,0,0
BRDA:250,35,0,0
BRDA:259,36,0,0
BRDA:259,36,1,0
BRDA:259,37,0,0
BRDA:259,37,1,0
BRDA:261,38,0,0
BRDA:261,38,1,0
BRDA:294,39,0,0
BRDA:295,40,0,0
BRDA:295,40,1,0
BRDA:296,41,0,0
BRDA:324,42,0,0
BRDA:324,42,1,0
BRDA:346,43,0,0
BRDA:356,44,0,0
BRDA:356,44,1,0
BRDA:358,45,0,0
BRDA:366,46,0,0
BRDA:366,47,0,0
BRDA:366,47,1,0
BRDA:372,48,0,0
BRDA:391,49,0,0
BRDA:391,50,0,0
BRDA:391,50,1,0
BRDA:407,51,0,0
BRDA:418,52,0,0
BRDA:423,53,0,0
BRDA:423,53,1,0
BRDA:425,54,0,0
BRDA:435,55,0,0
BRDA:435,56,0,0
BRDA:435,56,1,0
BRDA:442,57,0,0
BRDA:442,58,0,0
BRDA:442,58,1,0
BRDA:444,59,0,0
BRDA:464,60,0,0
BRDA:467,61,0,0
BRDA:470,62,0,0
BRDA:473,63,0,0
BRDA:488,64,0,0
BRDA:497,65,0,0
BRDA:501,66,0,0
BRDA:508,67,0,0
BRDA:508,67,1,0
BRDA:509,68,0,0
BRDA:509,68,1,0
BRDA:510,69,0,0
BRDA:510,69,1,0
BRDA:521,70,0,0
BRDA:521,71,0,0
BRDA:521,71,1,0
BRDA:534,72,0,0
BRDA:534,73,0,0
BRDA:534,73,1,0
BRDA:539,74,0,0
BRDA:539,74,1,0
BRDA:543,75,0,0
BRDA:543,75,1,0
BRDA:543,75,2,0
BRDA:543,75,3,0
BRDA:543,75,4,0
BRDA:543,75,5,0
BRDA:546,76,0,0
BRDA:546,76,1,0
BRDA:553,77,0,0
BRDA:553,77,1,0
BRDA:559,78,0,0
BRDA:559,78,1,0
BRDA:562,79,0,0
BRDA:566,80,0,0
BRDA:566,80,1,0
BRDA:573,81,0,0
BRDA:573,81,1,0
BRDA:575,82,0,0
BRDA:575,83,0,0
BRDA:575,83,1,0
BRDA:585,84,0,0
BRDA:585,85,0,0
BRDA:585,85,1,0
BRDA:588,86,0,0
BRDA:588,86,1,0
BRDA:595,87,0,0
BRDA:595,87,1,0
BRDA:605,88,0,0
BRDA:615,89,0,0
BRDA:618,90,0,0
BRDA:625,91,0,0
BRDA:628,92,0,0
BRDA:636,93,0,0
BRDA:643,94,0,0
BRDA:651,95,0,0
BRDA:659,96,0,0
BRDA:668,97,0,0
BRDA:675,98,0,0
BRDA:683,99,0,0
BRDA:690,100,0,0
BRDA:705,101,0,0
BRDA:708,102,0,0
BRDA:716,103,0,0
BRDA:722,104,0,0
BRDA:722,104,1,0
BRDA:722,105,0,0
BRDA:722,105,1,0
BRDA:728,106,0,0
BRDA:728,106,1,0
BRDA:737,107,0,0
BRDA:755,108,0,0
BRDA:765,109,0,0
BRDA:775,110,0,0
BRDA:787,111,0,0
BRDA:787,112,0,0
BRDA:787,112,1,0
BRDA:806,113,0,0
BRDA:807,114,0,0
BRDA:822,115,0,0
BRDA:823,116,0,0
BRDA:826,117,0,0
BRDA:826,117,1,0
BRDA:828,118,0,0
BRDA:831,119,0,0
BRDA:833,120,0,0
BRDA:851,121,0,0
BRDA:852,122,0,0
BRDA:857,123,0,0
BRDA:861,124,0,0
BRDA:861,124,1,0
BRDA:861,124,2,0
BRDA:861,124,3,0
BRDA:931,125,0,0
BRDA:936,126,0,0
BRDA:936,126,1,0
BRDA:940,127,0,0
BRDA:940,127,1,0
BRDA:940,127,2,0
BRDA:940,127,3,0
BRDA:940,127,4,0
BRDA:944,128,0,0
BRDA:944,128,1,0
BRDA:945,129,0,0
BRDA:945,129,1,0
BRDA:950,130,0,0
BRDA:950,130,1,0
BRDA:957,131,0,0
BRDA:957,131,1,0
BRDA:958,132,0,0
BRDA:958,132,1,0
BRDA:959,133,0,0
BRDA:959,133,1,0
BRDA:965,134,0,0
BRDA:965,134,1,0
BRDA:966,135,0,0
BRDA:966,135,1,0
BRDA:977,136,0,0
BRDA:979,137,0,0
BRDA:979,137,1,0
BRDA:996,138,0,0
BRDA:996,139,0,0
BRDA:996,139,1,0
BRDA:996,139,2,0
BRDA:996,139,3,0
BRDA:1005,140,0,0
BRDA:1005,140,1,0
BRDA:1005,140,2,0
BRDA:1005,140,3,0
BRDA:1005,140,4,0
BRDA:1005,140,5,0
BRDA:1018,141,0,0
BRDA:1018,142,0,0
BRDA:1018,142,1,0
BRDA:1048,143,0,0
BRF:234
BRH:0
end_of_record
TN:
SF:src/variableManager.ts
FN:28,setupVariableEventListeners
FN:41,(anonymous_1)
FN:42,(anonymous_2)
FN:43,(anonymous_3)
FN:45,(anonymous_4)
FN:60,initializeVariablesManagement
FN:175,renderEnvironmentSelector
FN:189,(anonymous_7)
FN:203,createNewEnvironment
FN:230,editCurrentEnvironment
FN:235,(anonymous_10)
FN:248,switchEnvironment
FN:267,(anonymous_12)
FN:275,updateCollectionVarSelector
FN:289,(anonymous_14)
FN:303,renderAllVariables
FN:317,renderVariables
FN:376,(anonymous_17)
FN:387,createVariableRow
FN:404,(anonymous_19)
FN:434,(anonymous_20)
FN:448,(anonymous_21)
FN:467,variableExists
FN:483,saveVariable
FN:524,deleteVariable
FN:550,addVariableRow
FN:588,getValueFromVarPath
FN:603,(anonymous_27)
FN:605,(anonymous_28)
FN:608,(anonymous_29)
FN:610,(anonymous_30)
FN:640,(anonymous_31)
FN:667,getVariable
FN:740,replaceVariables
FN:814,(anonymous_34)
FN:821,(anonymous_35)
FN:830,deepReplaceVariables
FN:848,setVariable
FNF:38
FNH:0
FNDA:0,setupVariableEventListeners
FNDA:0,(anonymous_1)
FNDA:0,(anonymous_2)
FNDA:0,(anonymous_3)
FNDA:0,(anonymous_4)
FNDA:0,initializeVariablesManagement
FNDA:0,renderEnvironmentSelector
FNDA:0,(anonymous_7)
FNDA:0,createNewEnvironment
FNDA:0,editCurrentEnvironment
FNDA:0,(anonymous_10)
FNDA:0,switchEnvironment
FNDA:0,(anonymous_12)
FNDA:0,updateCollectionVarSelector
FNDA:0,(anonymous_14)
FNDA:0,renderAllVariables
FNDA:0,renderVariables
FNDA:0,(anonymous_17)
FNDA:0,createVariableRow
FNDA:0,(anonymous_19)
FNDA:0,(anonymous_20)
FNDA:0,(anonymous_21)
FNDA:0,variableExists
FNDA:0,saveVariable
FNDA:0,deleteVariable
FNDA:0,addVariableRow
FNDA:0,getValueFromVarPath
FNDA:0,(anonymous_27)
FNDA:0,(anonymous_28)
FNDA:0,(anonymous_29)
FNDA:0,(anonymous_30)
FNDA:0,(anonymous_31)
FNDA:0,getVariable
FNDA:0,replaceVariables
FNDA:0,(anonymous_34)
FNDA:0,(anonymous_35)
FNDA:0,deepReplaceVariables
FNDA:0,setVariable
DA:6,0
DA:13,0
DA:21,0
DA:22,0
DA:29,0
DA:30,0
DA:31,0
DA:32,0
DA:33,0
DA:34,0
DA:35,0
DA:37,0
DA:38,0
DA:39,0
DA:41,0
DA:42,0
DA:43,0
DA:45,0
DA:46,0
DA:47,0
DA:48,0
DA:49,0
DA:50,0
DA:52,0
DA:60,0
DA:61,0
DA:66,0
DA:67,0
DA:70,0
DA:72,0
DA:75,0
DA:78,0
DA:86,0
DA:90,0
DA:93,0
DA:104,0
DA:105,0
DA:108,0
DA:110,0
DA:113,0
DA:114,0
DA:115,0
DA:116,0
DA:120,0
DA:123,0
DA:126,0
DA:127,0
DA:128,0
DA:131,0
DA:139,0
DA:140,0
DA:143,0
DA:145,0
DA:148,0
DA:156,0
DA:162,0
DA:163,0
DA:164,0
DA:165,0
DA:166,0
DA:168,0
DA:175,0
DA:176,0
DA:177,0
DA:180,0
DA:183,0
DA:184,0
DA:185,0
DA:186,0
DA:189,0
DA:190,0
DA:191,0
DA:192,0
DA:193,0
DA:194,0
DA:196,0
DA:203,0
DA:204,0
DA:205,0
DA:207,0
DA:214,0
DA:215,0
DA:216,0
DA:218,0
DA:219,0
DA:220,0
DA:221,0
DA:223,0
DA:224,0
DA:230,0
DA:231,0
DA:232,0
DA:233,0
DA:235,0
DA:236,0
DA:237,0
DA:238,0
DA:239,0
DA:240,0
DA:241,0
DA:242,0
DA:248,0
DA:249,0
DA:250,0
DA:252,0
DA:254,0
DA:255,0
DA:258,0
DA:259,0
DA:261,0
DA:262,0
DA:263,0
DA:265,0
DA:267,0
DA:268,0
DA:269,0
DA:275,0
DA:276,0
DA:277,0
DA:280,0
DA:283,0
DA:284,0
DA:285,0
DA:286,0
DA:289,0
DA:290,0
DA:291,0
DA:292,0
DA:293,0
DA:294,0
DA:296,0
DA:303,0
DA:305,0
DA:308,0
DA:311,0
DA:317,0
DA:321,0
DA:322,0
DA:323,0
DA:324,0
DA:325,0
DA:327,0
DA:328,0
DA:329,0
DA:331,0
DA:332,0
DA:334,0
DA:335,0
DA:336,0
DA:338,0
DA:339,0
DA:340,0
DA:341,0
DA:343,0
DA:344,0
DA:346,0
DA:347,0
DA:349,0
DA:350,0
DA:353,0
DA:356,0
DA:359,0
DA:360,0
DA:361,0
DA:367,0
DA:369,0
DA:370,0
DA:371,0
DA:372,0
DA:373,0
DA:374,0
DA:376,0
DA:377,0
DA:378,0
DA:379,0
DA:387,0
DA:388,0
DA:389,0
DA:390,0
DA:392,0
DA:399,0
DA:400,0
DA:401,0
DA:402,0
DA:404,0
DA:405,0
DA:406,0
DA:407,0
DA:408,0
DA:410,0
DA:411,0
DA:412,0
DA:415,0
DA:417,0
DA:418,0
DA:419,0
DA:420,0
DA:422,0
DA:423,0
DA:425,0
DA:426,0
DA:429,0
DA:433,0
DA:434,0
DA:435,0
DA:436,0
DA:439,0
DA:440,0
DA:441,0
DA:444,0
DA:445,0
DA:446,0
DA:448,0
DA:449,0
DA:450,0
DA:451,0
DA:452,0
DA:453,0
DA:454,0
DA:457,0
DA:461,0
DA:467,0
DA:468,0
DA:470,0
DA:472,0
DA:474,0
DA:475,0
DA:477,0
DA:483,0
DA:484,0
DA:485,0
DA:487,0
DA:488,0
DA:489,0
DA:491,0
DA:492,0
DA:493,0
DA:495,0
DA:496,0
DA:497,0
DA:498,0
DA:499,0
DA:501,0
DA:502,0
DA:503,0
DA:504,0
DA:506,0
DA:507,0
DA:509,0
DA:510,0
DA:511,0
DA:512,0
DA:513,0
DA:514,0
DA:518,0
DA:524,0
DA:525,0
DA:527,0
DA:528,0
DA:529,0
DA:530,0
DA:532,0
DA:533,0
DA:534,0
DA:535,0
DA:536,0
DA:538,0
DA:539,0
DA:540,0
DA:541,0
DA:542,0
DA:543,0
DA:550,0
DA:551,0
DA:552,0
DA:553,0
DA:555,0
DA:556,0
DA:557,0
DA:560,0
DA:562,0
DA:563,0
DA:565,0
DA:566,0
DA:568,0
DA:569,0
DA:571,0
DA:573,0
DA:575,0
DA:576,0
DA:577,0
DA:579,0
DA:580,0
DA:581,0
DA:582,0
DA:588,0
DA:589,0
DA:590,0
DA:594,0
DA:595,0
DA:596,0
DA:597,0
DA:598,0
DA:602,0
DA:603,0
DA:604,0
DA:605,0
DA:606,0
DA:608,0
DA:609,0
DA:610,0
DA:611,0
DA:615,0
DA:618,0
DA:621,0
DA:622,0
DA:623,0
DA:626,0
DA:627,0
DA:628,0
DA:629,0
DA:630,0
DA:631,0
DA:633,0
DA:637,0
DA:638,0
DA:639,0
DA:640,0
DA:641,0
DA:642,0
DA:644,0
DA:648,0
DA:649,0
DA:650,0
DA:654,0
DA:655,0
DA:656,0
DA:658,0
DA:662,0
DA:667,0
DA:668,0
DA:671,0
DA:672,0
DA:673,0
DA:674,0
DA:676,0
DA:678,0
DA:680,0
DA:681,0
DA:683,0
DA:685,0
DA:687,0
DA:690,0
DA:694,0
DA:695,0
DA:698,0
DA:700,0
DA:704,0
DA:705,0
DA:706,0
DA:707,0
DA:709,0
DA:710,0
DA:712,0
DA:716,0
DA:718,0
DA:722,0
DA:723,0
DA:724,0
DA:726,0
DA:727,0
DA:729,0
DA:733,0
DA:736,0
DA:737,0
DA:740,0
DA:741,0
DA:744,0
DA:747,0
DA:748,0
DA:749,0
DA:750,0
DA:753,0
DA:754,0
DA:755,0
DA:756,0
DA:758,0
DA:759,0
DA:761,0
DA:762,0
DA:763,0
DA:764,0
DA:767,0
DA:768,0
DA:769,0
DA:770,0
DA:773,0
DA:774,0
DA:775,0
DA:776,0
DA:777,0
DA:778,0
DA:779,0
DA:781,0
DA:782,0
DA:783,0
DA:784,0
DA:785,0
DA:786,0
DA:788,0
DA:791,0
DA:793,0
DA:794,0
DA:796,0
DA:798,0
DA:800,0
DA:804,0
DA:807,0
DA:809,0
DA:814,0
DA:815,0
DA:816,0
DA:817,0
DA:821,0
DA:822,0
DA:823,0
DA:824,0
DA:827,0
DA:830,0
DA:831,0
DA:832,0
DA:834,0
DA:835,0
DA:837,0
DA:838,0
DA:839,0
DA:840,0
DA:841,0
DA:843,0
DA:845,0
DA:848,0
DA:849,0
DA:851,0
DA:853,0
DA:854,0
DA:860,0
DA:862,0
DA:863,0
DA:864,0
DA:868,0
LF:450
LH:0
BRDA:67,0,0,0
BRDA:67,0,1,0
BRDA:70,1,0,0
BRDA:70,1,1,0
BRDA:70,2,0,0
BRDA:70,2,1,0
BRDA:75,3,0,0
BRDA:75,3,1,0
BRDA:90,4,0,0
BRDA:90,4,1,0
BRDA:105,5,0,0
BRDA:105,5,1,0
BRDA:108,6,0,0
BRDA:108,6,1,0
BRDA:114,7,0,0
BRDA:114,7,1,0
BRDA:126,8,0,0
BRDA:126,8,1,0
BRDA:128,9,0,0
BRDA:128,9,1,0
BRDA:140,10,0,0
BRDA:140,10,1,0
BRDA:143,11,0,0
BRDA:143,11,1,0
BRDA:143,12,0,0
BRDA:143,12,1,0
BRDA:177,13,0,0
BRDA:193,14,0,0
BRDA:205,15,0,0
BRDA:220,16,0,0
BRDA:231,17,0,0
BRDA:236,18,0,0
BRDA:238,19,0,0
BRDA:238,20,0,0
BRDA:238,20,1,0
BRDA:250,21,0,0
BRDA:254,22,0,0
BRDA:261,23,0,0
BRDA:261,23,1,0
BRDA:263,24,0,0
BRDA:263,24,1,0
BRDA:267,25,0,0
BRDA:267,25,1,0
BRDA:277,26,0,0
BRDA:293,27,0,0
BRDA:321,28,0,0
BRDA:321,28,1,0
BRDA:324,29,0,0
BRDA:324,29,1,0
BRDA:327,30,0,0
BRDA:328,31,0,0
BRDA:335,32,0,0
BRDA:335,32,1,0
BRDA:339,33,0,0
BRDA:340,34,0,0
BRDA:346,35,0,0
BRDA:346,35,1,0
BRDA:353,36,0,0
BRDA:369,37,0,0
BRDA:369,37,1,0
BRDA:370,38,0,0
BRDA:370,38,1,0
BRDA:387,39,0,0
BRDA:387,40,0,0
BRDA:387,41,0,0
BRDA:408,42,0,0
BRDA:408,42,1,0
BRDA:410,43,0,0
BRDA:411,44,0,0
BRDA:417,45,0,0
BRDA:417,46,0,0
BRDA:417,46,1,0
BRDA:422,47,0,0
BRDA:422,48,0,0
BRDA:422,48,1,0
BRDA:435,49,0,0
BRDA:449,50,0,0
BRDA:449,50,1,0
BRDA:450,51,0,0
BRDA:450,51,1,0
BRDA:451,52,0,0
BRDA:468,53,0,0
BRDA:468,53,1,0
BRDA:468,53,2,0
BRDA:475,54,0,0
BRDA:475,54,1,0
BRDA:475,54,2,0
BRDA:485,55,0,0
BRDA:485,55,1,0
BRDA:485,55,2,0
BRDA:491,56,0,0
BRDA:502,57,0,0
BRDA:506,58,0,0
BRDA:525,59,0,0
BRDA:525,59,1,0
BRDA:525,59,2,0
BRDA:532,60,0,0
BRDA:539,61,0,0
BRDA:551,62,0,0
BRDA:551,63,0,0
BRDA:551,63,1,0
BRDA:555,64,0,0
BRDA:555,65,0,0
BRDA:555,65,1,0
BRDA:560,66,0,0
BRDA:560,66,1,0
BRDA:560,66,2,0
BRDA:560,66,3,0
BRDA:573,67,0,0
BRDA:576,68,0,0
BRDA:589,69,0,0
BRDA:602,70,0,0
BRDA:602,70,1,0
BRDA:604,71,0,0
BRDA:606,72,0,0
BRDA:609,73,0,0
BRDA:611,74,0,0
BRDA:615,75,0,0
BRDA:615,75,1,0
BRDA:618,76,0,0
BRDA:626,77,0,0
BRDA:626,78,0,0
BRDA:626,78,1,0
BRDA:628,79,0,0
BRDA:628,79,1,0
BRDA:630,80,0,0
BRDA:630,81,0,0
BRDA:630,81,1,0
BRDA:637,82,0,0
BRDA:639,83,0,0
BRDA:639,83,1,0
BRDA:641,84,0,0
BRDA:648,85,0,0
BRDA:655,86,0,0
BRDA:655,86,1,0
BRDA:655,87,0,0
BRDA:655,87,1,0
BRDA:655,87,2,0
BRDA:671,88,0,0
BRDA:671,89,0,0
BRDA:671,89,1,0
BRDA:680,90,0,0
BRDA:685,91,0,0
BRDA:685,91,1,0
BRDA:694,92,0,0
BRDA:704,93,0,0
BRDA:704,94,0,0
BRDA:704,94,1,0
BRDA:706,95,0,0
BRDA:709,96,0,0
BRDA:712,97,0,0
BRDA:713,98,0,0
BRDA:713,98,1,0
BRDA:723,99,0,0
BRDA:726,100,0,0
BRDA:729,101,0,0
BRDA:730,102,0,0
BRDA:730,102,1,0
BRDA:741,103,0,0
BRDA:750,104,0,0
BRDA:761,105,0,0
BRDA:767,106,0,0
BRDA:773,107,0,0
BRDA:773,107,1,0
BRDA:773,108,0,0
BRDA:773,108,1,0
BRDA:775,109,0,0
BRDA:776,110,0,0
BRDA:776,110,1,0
BRDA:778,111,0,0
BRDA:779,112,0,0
BRDA:779,112,1,0
BRDA:784,113,0,0
BRDA:784,113,1,0
BRDA:793,114,0,0
BRDA:793,115,0,0
BRDA:793,115,1,0
BRDA:807,116,0,0
BRDA:817,117,0,0
BRDA:817,117,1,0
BRDA:824,118,0,0
BRDA:824,118,1,0
BRDA:831,119,0,0
BRDA:834,120,0,0
BRDA:837,121,0,0
BRDA:837,122,0,0
BRDA:837,122,1,0
BRDA:851,123,0,0
BRDA:851,123,1,0
BRDA:862,124,0,0
BRF:190
BRH:0
end_of_record
